
--- Job dataload.gms Start 10/24/18 16:54:35 24.2.3 r46072 WEX-WEI x86_64/MS Windows
GAMS 24.2.3   Copyright (C) 1987-2014 GAMS Development. All rights reserved
Licensee: Medium MUD - 10 User License                   S170316:1123AO-GEN
          Deutsches Institut fuer Wirtschaftsforschung DIW, AbteilungDC3975
          License for teaching and research at degree granting institutions
          License_Admin:_Claudia_Kemfert,_bbibra@diw.de____________________
--- Starting compilation
--- dataload.gms(407) 2 Mb
--- call gdxxrw data_input.xlsx @temp.tmp o=Data_input maxdupeerrors=100

GDXXRW           24.2.3 r46072 Released May 22, 2014 VS8 x86/MS Windows       
Input file : C:\Users\cguenther\Documents\GitHub\prosumage\Code\Prosumage_Opt\Dieter_Module\Modified_MCP\data_input.xlsx
Output file: C:\Users\cguenther\Documents\GitHub\prosumage\Code\Prosumage_Opt\Dieter_Module\Modified_MCP\Data_input.gdx
Value expected in cell: spatial!B3; found l1
Total number of bad values for symbol topology_data = 1
Total time = 1030 Ms
--- dataload.gms(409) 2 Mb
--- GDXin=C:\Users\cguenther\Documents\GitHub\prosumage\Code\Prosumage_Opt\Dieter_Module\Modified_MCP\Data_input.gdx
--- dataload.gms(461) 3 Mb
--- call gdxxrw time_series.xlsx @temp2.tmp o=time_series

GDXXRW           24.2.3 r46072 Released May 22, 2014 VS8 x86/MS Windows       
Input file : C:\Users\cguenther\Documents\GitHub\prosumage\Code\Prosumage_Opt\Dieter_Module\Modified_MCP\time_series.xlsx
Output file: C:\Users\cguenther\Documents\GitHub\prosumage\Code\Prosumage_Opt\Dieter_Module\Modified_MCP\time_series.gdx
Total time = 15709 Ms
--- dataload.gms(462) 3 Mb
--- GDXin=C:\Users\cguenther\Documents\GitHub\prosumage\Code\Prosumage_Opt\Dieter_Module\Modified_MCP\time_series.gdx
--- dataload.gms(776) 6 Mb
--- Starting execution: elapsed 0:00:17.275
--- dataload.gms(749) 8 Mb
*** Status: Normal completion
--- Job dataload.gms Stop 10/24/18 16:54:53 elapsed 0:00:17.288
