
--- Job fix.gms Start 10/24/18 17:28:03 24.2.3 r46072 WEX-WEI x86_64/MS Windows
GAMS 24.2.3   Copyright (C) 1987-2014 GAMS Development. All rights reserved
Licensee: Medium MUD - 10 User License                   S170316:1123AO-GEN
          Deutsches Institut fuer Wirtschaftsforschung DIW, AbteilungDC3975
          License for teaching and research at degree granting institutions
          License_Admin:_Claudia_Kemfert,_bbibra@diw.de____________________
--- Starting compilation
--- fix.gms(22) 2 Mb 1 Error
*** Error 409 in C:\Users\cguenther\Documents\GitHub\prosumage\Code\Prosumage_Opt\Dieter_Module\Modified_MCP\fix.gms
    Unrecognizable item - skip to find a new statement
      looking for a ';' or a key word to get started again
--- fix.gms(24) 3 Mb 6 Errors
*** Error 140 in C:\Users\cguenther\Documents\GitHub\prosumage\Code\Prosumage_Opt\Dieter_Module\Modified_MCP\fix.gms
    Unknown symbol
*** Error 120 in C:\Users\cguenther\Documents\GitHub\prosumage\Code\Prosumage_Opt\Dieter_Module\Modified_MCP\fix.gms
    Unknown identifier entered as set
*** Error 340 in C:\Users\cguenther\Documents\GitHub\prosumage\Code\Prosumage_Opt\Dieter_Module\Modified_MCP\fix.gms
    A label/element with the same name exist. You may have forgotten
       to quote a label/element reference. For example,
       set i / a,b,c /; parameter x(i); x('a') = 10;
*** Error 140 in C:\Users\cguenther\Documents\GitHub\prosumage\Code\Prosumage_Opt\Dieter_Module\Modified_MCP\fix.gms
    Unknown symbol
*** Error 140 in C:\Users\cguenther\Documents\GitHub\prosumage\Code\Prosumage_Opt\Dieter_Module\Modified_MCP\fix.gms
    Unknown symbol
--- fix.gms(25) 3 Mb 7 Errors
*** Error 409 in C:\Users\cguenther\Documents\GitHub\prosumage\Code\Prosumage_Opt\Dieter_Module\Modified_MCP\fix.gms
    Unrecognizable item - skip to find a new statement
      looking for a ';' or a key word to get started again
--- fix.gms(32) 3 Mb 8 Errors
*** Error 409 in C:\Users\cguenther\Documents\GitHub\prosumage\Code\Prosumage_Opt\Dieter_Module\Modified_MCP\fix.gms
    Unrecognizable item - skip to find a new statement
      looking for a ';' or a key word to get started again
--- fix.gms(48) 3 Mb 11 Errors
*** Error 140 in C:\Users\cguenther\Documents\GitHub\prosumage\Code\Prosumage_Opt\Dieter_Module\Modified_MCP\fix.gms
    Unknown symbol
*** Error 120 in C:\Users\cguenther\Documents\GitHub\prosumage\Code\Prosumage_Opt\Dieter_Module\Modified_MCP\fix.gms
    Unknown identifier entered as set
*** Error 340 in C:\Users\cguenther\Documents\GitHub\prosumage\Code\Prosumage_Opt\Dieter_Module\Modified_MCP\fix.gms
    A label/element with the same name exist. You may have forgotten
       to quote a label/element reference. For example,
       set i / a,b,c /; parameter x(i); x('a') = 10;
--- fix.gms(64) 3 Mb 15 Errors
*** Error 140 in C:\Users\cguenther\Documents\GitHub\prosumage\Code\Prosumage_Opt\Dieter_Module\Modified_MCP\fix.gms
    Unknown symbol
*** Error 120 in C:\Users\cguenther\Documents\GitHub\prosumage\Code\Prosumage_Opt\Dieter_Module\Modified_MCP\fix.gms
    Unknown identifier entered as set
*** Error 340 in C:\Users\cguenther\Documents\GitHub\prosumage\Code\Prosumage_Opt\Dieter_Module\Modified_MCP\fix.gms
    A label/element with the same name exist. You may have forgotten
       to quote a label/element reference. For example,
       set i / a,b,c /; parameter x(i); x('a') = 10;
*** Error 140 in C:\Users\cguenther\Documents\GitHub\prosumage\Code\Prosumage_Opt\Dieter_Module\Modified_MCP\fix.gms
    Unknown symbol
--- fix.gms(65) 3 Mb 16 Errors
*** Error 140 in C:\Users\cguenther\Documents\GitHub\prosumage\Code\Prosumage_Opt\Dieter_Module\Modified_MCP\fix.gms
    Unknown symbol
--- fix.gms(66) 3 Mb 17 Errors
*** Error 140 in C:\Users\cguenther\Documents\GitHub\prosumage\Code\Prosumage_Opt\Dieter_Module\Modified_MCP\fix.gms
    Unknown symbol
--- fix.gms(69) 3 Mb 18 Errors
*** Error 140 in C:\Users\cguenther\Documents\GitHub\prosumage\Code\Prosumage_Opt\Dieter_Module\Modified_MCP\fix.gms
    Unknown symbol
--- fix.gms(71) 3 Mb 20 Errors
*** Error 140 in C:\Users\cguenther\Documents\GitHub\prosumage\Code\Prosumage_Opt\Dieter_Module\Modified_MCP\fix.gms
    Unknown symbol
*** Error 140 in C:\Users\cguenther\Documents\GitHub\prosumage\Code\Prosumage_Opt\Dieter_Module\Modified_MCP\fix.gms
    Unknown symbol
--- fix.gms(72) 3 Mb 22 Errors
*** Error 140 in C:\Users\cguenther\Documents\GitHub\prosumage\Code\Prosumage_Opt\Dieter_Module\Modified_MCP\fix.gms
    Unknown symbol
*** Error 140 in C:\Users\cguenther\Documents\GitHub\prosumage\Code\Prosumage_Opt\Dieter_Module\Modified_MCP\fix.gms
    Unknown symbol
--- fix.gms(74) 3 Mb 23 Errors
*** Error 140 in C:\Users\cguenther\Documents\GitHub\prosumage\Code\Prosumage_Opt\Dieter_Module\Modified_MCP\fix.gms
    Unknown symbol
--- fix.gms(75) 3 Mb 24 Errors
*** Error 140 in C:\Users\cguenther\Documents\GitHub\prosumage\Code\Prosumage_Opt\Dieter_Module\Modified_MCP\fix.gms
    Unknown symbol
--- fix.gms(78) 3 Mb 25 Errors
*** Error 409 in C:\Users\cguenther\Documents\GitHub\prosumage\Code\Prosumage_Opt\Dieter_Module\Modified_MCP\fix.gms
    Unrecognizable item - skip to find a new statement
      looking for a ';' or a key word to get started again
--- fix.gms(80) 3 Mb 34 Errors
*** Error 140 in C:\Users\cguenther\Documents\GitHub\prosumage\Code\Prosumage_Opt\Dieter_Module\Modified_MCP\fix.gms
    Unknown symbol
*** Error 120 in C:\Users\cguenther\Documents\GitHub\prosumage\Code\Prosumage_Opt\Dieter_Module\Modified_MCP\fix.gms
    Unknown identifier entered as set
*** Error 340 in C:\Users\cguenther\Documents\GitHub\prosumage\Code\Prosumage_Opt\Dieter_Module\Modified_MCP\fix.gms
    A label/element with the same name exist. You may have forgotten
       to quote a label/element reference. For example,
       set i / a,b,c /; parameter x(i); x('a') = 10;
*** Error 140 in C:\Users\cguenther\Documents\GitHub\prosumage\Code\Prosumage_Opt\Dieter_Module\Modified_MCP\fix.gms
    Unknown symbol
*** Error 116 in C:\Users\cguenther\Documents\GitHub\prosumage\Code\Prosumage_Opt\Dieter_Module\Modified_MCP\fix.gms
    Label is unknown
*** Error 120 in C:\Users\cguenther\Documents\GitHub\prosumage\Code\Prosumage_Opt\Dieter_Module\Modified_MCP\fix.gms
    Unknown identifier entered as set
*** Error 340 in C:\Users\cguenther\Documents\GitHub\prosumage\Code\Prosumage_Opt\Dieter_Module\Modified_MCP\fix.gms
    A label/element with the same name exist. You may have forgotten
       to quote a label/element reference. For example,
       set i / a,b,c /; parameter x(i); x('a') = 10;
*** Error 149 in C:\Users\cguenther\Documents\GitHub\prosumage\Code\Prosumage_Opt\Dieter_Module\Modified_MCP\fix.gms
    Uncontrolled set entered as constant
*** Error 140 in C:\Users\cguenther\Documents\GitHub\prosumage\Code\Prosumage_Opt\Dieter_Module\Modified_MCP\fix.gms
    Unknown symbol
--- fix.gms(81) 3 Mb 36 Errors
*** Error 140 in C:\Users\cguenther\Documents\GitHub\prosumage\Code\Prosumage_Opt\Dieter_Module\Modified_MCP\fix.gms
    Unknown symbol
*** Error 149 in C:\Users\cguenther\Documents\GitHub\prosumage\Code\Prosumage_Opt\Dieter_Module\Modified_MCP\fix.gms
    Uncontrolled set entered as constant
--- fix.gms(82) 3 Mb 38 Errors
*** Error 140 in C:\Users\cguenther\Documents\GitHub\prosumage\Code\Prosumage_Opt\Dieter_Module\Modified_MCP\fix.gms
    Unknown symbol
*** Error 149 in C:\Users\cguenther\Documents\GitHub\prosumage\Code\Prosumage_Opt\Dieter_Module\Modified_MCP\fix.gms
    Uncontrolled set entered as constant
--- fix.gms(83) 3 Mb 41 Errors
*** Error 140 in C:\Users\cguenther\Documents\GitHub\prosumage\Code\Prosumage_Opt\Dieter_Module\Modified_MCP\fix.gms
    Unknown symbol
*** Error 149 in C:\Users\cguenther\Documents\GitHub\prosumage\Code\Prosumage_Opt\Dieter_Module\Modified_MCP\fix.gms
    Uncontrolled set entered as constant
*** Error 140 in C:\Users\cguenther\Documents\GitHub\prosumage\Code\Prosumage_Opt\Dieter_Module\Modified_MCP\fix.gms
    Unknown symbol
--- fix.gms(84) 3 Mb 43 Errors
*** Error 140 in C:\Users\cguenther\Documents\GitHub\prosumage\Code\Prosumage_Opt\Dieter_Module\Modified_MCP\fix.gms
    Unknown symbol
*** Error 149 in C:\Users\cguenther\Documents\GitHub\prosumage\Code\Prosumage_Opt\Dieter_Module\Modified_MCP\fix.gms
    Uncontrolled set entered as constant
--- fix.gms(85) 3 Mb 45 Errors
*** Error 140 in C:\Users\cguenther\Documents\GitHub\prosumage\Code\Prosumage_Opt\Dieter_Module\Modified_MCP\fix.gms
    Unknown symbol
*** Error 149 in C:\Users\cguenther\Documents\GitHub\prosumage\Code\Prosumage_Opt\Dieter_Module\Modified_MCP\fix.gms
    Uncontrolled set entered as constant
--- fix.gms(86) 3 Mb 47 Errors
*** Error 140 in C:\Users\cguenther\Documents\GitHub\prosumage\Code\Prosumage_Opt\Dieter_Module\Modified_MCP\fix.gms
    Unknown symbol
*** Error 149 in C:\Users\cguenther\Documents\GitHub\prosumage\Code\Prosumage_Opt\Dieter_Module\Modified_MCP\fix.gms
    Uncontrolled set entered as constant
--- fix.gms(87) 3 Mb 49 Errors
*** Error 140 in C:\Users\cguenther\Documents\GitHub\prosumage\Code\Prosumage_Opt\Dieter_Module\Modified_MCP\fix.gms
    Unknown symbol
*** Error 149 in C:\Users\cguenther\Documents\GitHub\prosumage\Code\Prosumage_Opt\Dieter_Module\Modified_MCP\fix.gms
    Uncontrolled set entered as constant
--- fix.gms(88) 3 Mb 51 Errors
*** Error 140 in C:\Users\cguenther\Documents\GitHub\prosumage\Code\Prosumage_Opt\Dieter_Module\Modified_MCP\fix.gms
    Unknown symbol
*** Error 149 in C:\Users\cguenther\Documents\GitHub\prosumage\Code\Prosumage_Opt\Dieter_Module\Modified_MCP\fix.gms
    Uncontrolled set entered as constant
--- fix.gms(89) 3 Mb 53 Errors
*** Error 140 in C:\Users\cguenther\Documents\GitHub\prosumage\Code\Prosumage_Opt\Dieter_Module\Modified_MCP\fix.gms
    Unknown symbol
*** Error 149 in C:\Users\cguenther\Documents\GitHub\prosumage\Code\Prosumage_Opt\Dieter_Module\Modified_MCP\fix.gms
    Uncontrolled set entered as constant
--- fix.gms(90) 3 Mb 55 Errors
*** Error 140 in C:\Users\cguenther\Documents\GitHub\prosumage\Code\Prosumage_Opt\Dieter_Module\Modified_MCP\fix.gms
    Unknown symbol
*** Error 149 in C:\Users\cguenther\Documents\GitHub\prosumage\Code\Prosumage_Opt\Dieter_Module\Modified_MCP\fix.gms
    Uncontrolled set entered as constant
--- fix.gms(91) 3 Mb 57 Errors
*** Error 140 in C:\Users\cguenther\Documents\GitHub\prosumage\Code\Prosumage_Opt\Dieter_Module\Modified_MCP\fix.gms
    Unknown symbol
*** Error 149 in C:\Users\cguenther\Documents\GitHub\prosumage\Code\Prosumage_Opt\Dieter_Module\Modified_MCP\fix.gms
    Uncontrolled set entered as constant
--- fix.gms(92) 3 Mb 59 Errors
*** Error 140 in C:\Users\cguenther\Documents\GitHub\prosumage\Code\Prosumage_Opt\Dieter_Module\Modified_MCP\fix.gms
    Unknown symbol
*** Error 149 in C:\Users\cguenther\Documents\GitHub\prosumage\Code\Prosumage_Opt\Dieter_Module\Modified_MCP\fix.gms
    Uncontrolled set entered as constant
--- fix.gms(93) 3 Mb 61 Errors
*** Error 140 in C:\Users\cguenther\Documents\GitHub\prosumage\Code\Prosumage_Opt\Dieter_Module\Modified_MCP\fix.gms
    Unknown symbol
*** Error 149 in C:\Users\cguenther\Documents\GitHub\prosumage\Code\Prosumage_Opt\Dieter_Module\Modified_MCP\fix.gms
    Uncontrolled set entered as constant
--- fix.gms(94) 3 Mb 63 Errors
*** Error 140 in C:\Users\cguenther\Documents\GitHub\prosumage\Code\Prosumage_Opt\Dieter_Module\Modified_MCP\fix.gms
    Unknown symbol
*** Error 149 in C:\Users\cguenther\Documents\GitHub\prosumage\Code\Prosumage_Opt\Dieter_Module\Modified_MCP\fix.gms
    Uncontrolled set entered as constant
--- fix.gms(95) 3 Mb 65 Errors
*** Error 140 in C:\Users\cguenther\Documents\GitHub\prosumage\Code\Prosumage_Opt\Dieter_Module\Modified_MCP\fix.gms
    Unknown symbol
*** Error 149 in C:\Users\cguenther\Documents\GitHub\prosumage\Code\Prosumage_Opt\Dieter_Module\Modified_MCP\fix.gms
    Uncontrolled set entered as constant
--- fix.gms(96) 3 Mb 67 Errors
*** Error 140 in C:\Users\cguenther\Documents\GitHub\prosumage\Code\Prosumage_Opt\Dieter_Module\Modified_MCP\fix.gms
    Unknown symbol
*** Error 149 in C:\Users\cguenther\Documents\GitHub\prosumage\Code\Prosumage_Opt\Dieter_Module\Modified_MCP\fix.gms
    Uncontrolled set entered as constant
--- fix.gms(97) 3 Mb 69 Errors
*** Error 140 in C:\Users\cguenther\Documents\GitHub\prosumage\Code\Prosumage_Opt\Dieter_Module\Modified_MCP\fix.gms
    Unknown symbol
*** Error 149 in C:\Users\cguenther\Documents\GitHub\prosumage\Code\Prosumage_Opt\Dieter_Module\Modified_MCP\fix.gms
    Uncontrolled set entered as constant
--- fix.gms(98) 3 Mb 71 Errors
*** Error 140 in C:\Users\cguenther\Documents\GitHub\prosumage\Code\Prosumage_Opt\Dieter_Module\Modified_MCP\fix.gms
    Unknown symbol
*** Error 149 in C:\Users\cguenther\Documents\GitHub\prosumage\Code\Prosumage_Opt\Dieter_Module\Modified_MCP\fix.gms
    Uncontrolled set entered as constant
--- fix.gms(156) 3 Mb 72 Errors
*** Error 409 in C:\Users\cguenther\Documents\GitHub\prosumage\Code\Prosumage_Opt\Dieter_Module\Modified_MCP\fix.gms
    Unrecognizable item - skip to find a new statement
      looking for a ';' or a key word to get started again
--- fix.gms(158) 3 Mb 78 Errors
*** Error 140 in C:\Users\cguenther\Documents\GitHub\prosumage\Code\Prosumage_Opt\Dieter_Module\Modified_MCP\fix.gms
    Unknown symbol
*** Error 120 in C:\Users\cguenther\Documents\GitHub\prosumage\Code\Prosumage_Opt\Dieter_Module\Modified_MCP\fix.gms
    Unknown identifier entered as set
*** Error 340 in C:\Users\cguenther\Documents\GitHub\prosumage\Code\Prosumage_Opt\Dieter_Module\Modified_MCP\fix.gms
    A label/element with the same name exist. You may have forgotten
       to quote a label/element reference. For example,
       set i / a,b,c /; parameter x(i); x('a') = 10;
*** Error   8 in C:\Users\cguenther\Documents\GitHub\prosumage\Code\Prosumage_Opt\Dieter_Module\Modified_MCP\fix.gms
    ')' expected
*** Error  36 in C:\Users\cguenther\Documents\GitHub\prosumage\Code\Prosumage_Opt\Dieter_Module\Modified_MCP\fix.gms
    '=' or '..' or ':=' or '$=' operator expected
    rest of statement ignored
*** Error 409 in C:\Users\cguenther\Documents\GitHub\prosumage\Code\Prosumage_Opt\Dieter_Module\Modified_MCP\fix.gms
    Unrecognizable item - skip to find a new statement
      looking for a ';' or a key word to get started again
--- fix.gms(159) 3 Mb 79 Errors
*** Error 409 in C:\Users\cguenther\Documents\GitHub\prosumage\Code\Prosumage_Opt\Dieter_Module\Modified_MCP\fix.gms
    Unrecognizable item - skip to find a new statement
      looking for a ';' or a key word to get started again
--- fix.gms(165) 3 Mb 80 Errors
*** Error 409 in C:\Users\cguenther\Documents\GitHub\prosumage\Code\Prosumage_Opt\Dieter_Module\Modified_MCP\fix.gms
    Unrecognizable item - skip to find a new statement
      looking for a ';' or a key word to get started again
--- fix.gms(166) 3 Mb 81 Errors
*** Error 409 in C:\Users\cguenther\Documents\GitHub\prosumage\Code\Prosumage_Opt\Dieter_Module\Modified_MCP\fix.gms
    Unrecognizable item - skip to find a new statement
      looking for a ';' or a key word to get started again
--- fix.gms(175) 3 Mb 81 Errors
*** Status: Compilation error(s)
--- Job fix.gms Stop 10/24/18 17:28:03 elapsed 0:00:00.159
Exit code = 2
