
--- Job model.gms Start 11/21/18 13:24:07 24.7.4 r58773 WEX-WEI x86 64bit/MS Windows
GAMS 24.7.4   Copyright (C) 1987-2016 GAMS Development. All rights reserved
Licensee: Medium MUD - 10 User License                   S170316:1123AO-GEN
          Deutsches Institut fuer Wirtschaftsforschung DIW, AbteilungDC3975
          License for teaching and research at degree granting institutions
          License Admin: Claudia Kemfert, bbibra@diw.de                    
--- Starting compilation
--- model.gms(20) 2 Mb 2 Errors
*** Error 120 in C:\Users\Lenovo\Documents\GitHub\prosumage\Code\Prosumage_Opt\Dieter_Module\Modified_MCP\model.gms
    Unknown identifier entered as set
*** Error 120 in C:\Users\Lenovo\Documents\GitHub\prosumage\Code\Prosumage_Opt\Dieter_Module\Modified_MCP\model.gms
    Unknown identifier entered as set
--- model.gms(27) 2 Mb 3 Errors
*** Error 120 in C:\Users\Lenovo\Documents\GitHub\prosumage\Code\Prosumage_Opt\Dieter_Module\Modified_MCP\model.gms
    Unknown identifier entered as set
--- model.gms(113) 3 Mb 5 Errors
*** Error 120 in C:\Users\Lenovo\Documents\GitHub\prosumage\Code\Prosumage_Opt\Dieter_Module\Modified_MCP\model.gms
    Unknown identifier entered as set
*** Error 140 in C:\Users\Lenovo\Documents\GitHub\prosumage\Code\Prosumage_Opt\Dieter_Module\Modified_MCP\model.gms
    Unknown symbol
--- model.gms(114) 3 Mb 7 Errors
*** Error 140 in C:\Users\Lenovo\Documents\GitHub\prosumage\Code\Prosumage_Opt\Dieter_Module\Modified_MCP\model.gms
    Unknown symbol
*** Error 171 in C:\Users\Lenovo\Documents\GitHub\prosumage\Code\Prosumage_Opt\Dieter_Module\Modified_MCP\model.gms
    Domain violation for set
--- model.gms(115) 3 Mb 9 Errors
*** Error 140 in C:\Users\Lenovo\Documents\GitHub\prosumage\Code\Prosumage_Opt\Dieter_Module\Modified_MCP\model.gms
    Unknown symbol
*** Error 171 in C:\Users\Lenovo\Documents\GitHub\prosumage\Code\Prosumage_Opt\Dieter_Module\Modified_MCP\model.gms
    Domain violation for set
--- model.gms(116) 3 Mb 12 Errors
*** Error 120 in C:\Users\Lenovo\Documents\GitHub\prosumage\Code\Prosumage_Opt\Dieter_Module\Modified_MCP\model.gms
    Unknown identifier entered as set
*** Error 140 in C:\Users\Lenovo\Documents\GitHub\prosumage\Code\Prosumage_Opt\Dieter_Module\Modified_MCP\model.gms
    Unknown symbol
*** Error 171 in C:\Users\Lenovo\Documents\GitHub\prosumage\Code\Prosumage_Opt\Dieter_Module\Modified_MCP\model.gms
    Domain violation for set
--- model.gms(117) 3 Mb 13 Errors
*** Error 140 in C:\Users\Lenovo\Documents\GitHub\prosumage\Code\Prosumage_Opt\Dieter_Module\Modified_MCP\model.gms
    Unknown symbol
--- model.gms(118) 3 Mb 14 Errors
*** Error 140 in C:\Users\Lenovo\Documents\GitHub\prosumage\Code\Prosumage_Opt\Dieter_Module\Modified_MCP\model.gms
    Unknown symbol
--- model.gms(119) 3 Mb 15 Errors
*** Error 140 in C:\Users\Lenovo\Documents\GitHub\prosumage\Code\Prosumage_Opt\Dieter_Module\Modified_MCP\model.gms
    Unknown symbol
--- model.gms(120) 3 Mb 16 Errors
*** Error 140 in C:\Users\Lenovo\Documents\GitHub\prosumage\Code\Prosumage_Opt\Dieter_Module\Modified_MCP\model.gms
    Unknown symbol
--- model.gms(121) 3 Mb 17 Errors
*** Error 140 in C:\Users\Lenovo\Documents\GitHub\prosumage\Code\Prosumage_Opt\Dieter_Module\Modified_MCP\model.gms
    Unknown symbol
--- model.gms(122) 3 Mb 18 Errors
*** Error 140 in C:\Users\Lenovo\Documents\GitHub\prosumage\Code\Prosumage_Opt\Dieter_Module\Modified_MCP\model.gms
    Unknown symbol
--- model.gms(123) 3 Mb 19 Errors
*** Error 409 in C:\Users\Lenovo\Documents\GitHub\prosumage\Code\Prosumage_Opt\Dieter_Module\Modified_MCP\model.gms
    Unrecognizable item - skip to find a new statement
      looking for a ';' or a key word to get started again
--- model.gms(140) 3 Mb 20 Errors
*** Error 120 in C:\Users\Lenovo\Documents\GitHub\prosumage\Code\Prosumage_Opt\Dieter_Module\Modified_MCP\model.gms
    Unknown identifier entered as set
--- model.gms(141) 3 Mb 22 Errors
*** Error 140 in C:\Users\Lenovo\Documents\GitHub\prosumage\Code\Prosumage_Opt\Dieter_Module\Modified_MCP\model.gms
    Unknown symbol
*** Error 140 in C:\Users\Lenovo\Documents\GitHub\prosumage\Code\Prosumage_Opt\Dieter_Module\Modified_MCP\model.gms
    Unknown symbol
--- model.gms(142) 3 Mb 24 Errors
*** Error  37 in C:\Users\Lenovo\Documents\GitHub\prosumage\Code\Prosumage_Opt\Dieter_Module\Modified_MCP\model.gms
    '=l=' or '=e=' or '=g=' operator expected
*** Error 409 in C:\Users\Lenovo\Documents\GitHub\prosumage\Code\Prosumage_Opt\Dieter_Module\Modified_MCP\model.gms
    Unrecognizable item - skip to find a new statement
      looking for a ';' or a key word to get started again
--- model.gms(158) 3 Mb 26 Errors
*** Error 171 in C:\Users\Lenovo\Documents\GitHub\prosumage\Code\Prosumage_Opt\Dieter_Module\Modified_MCP\model.gms
    Domain violation for set
*** Error 171 in C:\Users\Lenovo\Documents\GitHub\prosumage\Code\Prosumage_Opt\Dieter_Module\Modified_MCP\model.gms
    Domain violation for set
--- model.gms(162) 3 Mb 27 Errors
*** Error 171 in C:\Users\Lenovo\Documents\GitHub\prosumage\Code\Prosumage_Opt\Dieter_Module\Modified_MCP\model.gms
    Domain violation for set
--- model.gms(171) 3 Mb 28 Errors
*** Error 171 in C:\Users\Lenovo\Documents\GitHub\prosumage\Code\Prosumage_Opt\Dieter_Module\Modified_MCP\model.gms
    Domain violation for set
--- model.gms(176) 3 Mb 30 Errors
*** Error 171 in C:\Users\Lenovo\Documents\GitHub\prosumage\Code\Prosumage_Opt\Dieter_Module\Modified_MCP\model.gms
    Domain violation for set
*** Error 171 in C:\Users\Lenovo\Documents\GitHub\prosumage\Code\Prosumage_Opt\Dieter_Module\Modified_MCP\model.gms
    Domain violation for set
--- model.gms(178) 3 Mb 32 Errors
*** Error 140 in C:\Users\Lenovo\Documents\GitHub\prosumage\Code\Prosumage_Opt\Dieter_Module\Modified_MCP\model.gms
    Unknown symbol
*** Error 171 in C:\Users\Lenovo\Documents\GitHub\prosumage\Code\Prosumage_Opt\Dieter_Module\Modified_MCP\model.gms
    Domain violation for set
--- model.gms(186) 3 Mb 34 Errors
*** Error 140 in C:\Users\Lenovo\Documents\GitHub\prosumage\Code\Prosumage_Opt\Dieter_Module\Modified_MCP\model.gms
    Unknown symbol
*** Error 140 in C:\Users\Lenovo\Documents\GitHub\prosumage\Code\Prosumage_Opt\Dieter_Module\Modified_MCP\model.gms
    Unknown symbol
--- model.gms(214) 3 Mb 35 Errors
*** Error 140 in C:\Users\Lenovo\Documents\GitHub\prosumage\Code\Prosumage_Opt\Dieter_Module\Modified_MCP\model.gms
    Unknown symbol
--- model.gms(222) 3 Mb 36 Errors
*** Error 171 in C:\Users\Lenovo\Documents\GitHub\prosumage\Code\Prosumage_Opt\Dieter_Module\Modified_MCP\model.gms
    Domain violation for set
--- model.gms(224) 3 Mb 39 Errors
*** Error   8 in C:\Users\Lenovo\Documents\GitHub\prosumage\Code\Prosumage_Opt\Dieter_Module\Modified_MCP\model.gms
    ')' expected
*** Error  37 in C:\Users\Lenovo\Documents\GitHub\prosumage\Code\Prosumage_Opt\Dieter_Module\Modified_MCP\model.gms
    '=l=' or '=e=' or '=g=' operator expected
*** Error 409 in C:\Users\Lenovo\Documents\GitHub\prosumage\Code\Prosumage_Opt\Dieter_Module\Modified_MCP\model.gms
    Unrecognizable item - skip to find a new statement
      looking for a ';' or a key word to get started again
--- model.gms(239) 3 Mb 40 Errors
*** Error 140 in C:\Users\Lenovo\Documents\GitHub\prosumage\Code\Prosumage_Opt\Dieter_Module\Modified_MCP\model.gms
    Unknown symbol
--- model.gms(249) 3 Mb 41 Errors
*** Error 140 in C:\Users\Lenovo\Documents\GitHub\prosumage\Code\Prosumage_Opt\Dieter_Module\Modified_MCP\model.gms
    Unknown symbol
--- model.gms(253) 3 Mb 42 Errors
*** Error 140 in C:\Users\Lenovo\Documents\GitHub\prosumage\Code\Prosumage_Opt\Dieter_Module\Modified_MCP\model.gms
    Unknown symbol
--- model.gms(257) 3 Mb 43 Errors
*** Error 140 in C:\Users\Lenovo\Documents\GitHub\prosumage\Code\Prosumage_Opt\Dieter_Module\Modified_MCP\model.gms
    Unknown symbol
--- model.gms(262) 3 Mb 45 Errors
*** Error 120 in C:\Users\Lenovo\Documents\GitHub\prosumage\Code\Prosumage_Opt\Dieter_Module\Modified_MCP\model.gms
    Unknown identifier entered as set
*** Error 340 in C:\Users\Lenovo\Documents\GitHub\prosumage\Code\Prosumage_Opt\Dieter_Module\Modified_MCP\model.gms
    A label/element with the same name exist. You may have forgotten
       to quote a label/element reference. For example,
       set i / a,b,c /; parameter x(i); x('a') = 10;
--- model.gms(263) 3 Mb 47 Errors
*** Error 140 in C:\Users\Lenovo\Documents\GitHub\prosumage\Code\Prosumage_Opt\Dieter_Module\Modified_MCP\model.gms
    Unknown symbol
*** Error 171 in C:\Users\Lenovo\Documents\GitHub\prosumage\Code\Prosumage_Opt\Dieter_Module\Modified_MCP\model.gms
    Domain violation for set
--- model.gms(267) 3 Mb 48 Errors
*** Error 140 in C:\Users\Lenovo\Documents\GitHub\prosumage\Code\Prosumage_Opt\Dieter_Module\Modified_MCP\model.gms
    Unknown symbol
--- model.gms(271) 3 Mb 49 Errors
*** Error 140 in C:\Users\Lenovo\Documents\GitHub\prosumage\Code\Prosumage_Opt\Dieter_Module\Modified_MCP\model.gms
    Unknown symbol
--- model.gms(279) 3 Mb 50 Errors
*** Error 171 in C:\Users\Lenovo\Documents\GitHub\prosumage\Code\Prosumage_Opt\Dieter_Module\Modified_MCP\model.gms
    Domain violation for set
--- model.gms(281) 3 Mb 54 Errors
*** Error 171 in C:\Users\Lenovo\Documents\GitHub\prosumage\Code\Prosumage_Opt\Dieter_Module\Modified_MCP\model.gms
    Domain violation for set
*** Error 171 in C:\Users\Lenovo\Documents\GitHub\prosumage\Code\Prosumage_Opt\Dieter_Module\Modified_MCP\model.gms
    Domain violation for set
*** Error 171 in C:\Users\Lenovo\Documents\GitHub\prosumage\Code\Prosumage_Opt\Dieter_Module\Modified_MCP\model.gms
    Domain violation for set
*** Error 171 in C:\Users\Lenovo\Documents\GitHub\prosumage\Code\Prosumage_Opt\Dieter_Module\Modified_MCP\model.gms
    Domain violation for set
--- model.gms(287) 3 Mb 55 Errors
*** Error 171 in C:\Users\Lenovo\Documents\GitHub\prosumage\Code\Prosumage_Opt\Dieter_Module\Modified_MCP\model.gms
    Domain violation for set
--- model.gms(291) 3 Mb 56 Errors
*** Error 171 in C:\Users\Lenovo\Documents\GitHub\prosumage\Code\Prosumage_Opt\Dieter_Module\Modified_MCP\model.gms
    Domain violation for set
--- model.gms(293) 3 Mb 57 Errors
*** Error 140 in C:\Users\Lenovo\Documents\GitHub\prosumage\Code\Prosumage_Opt\Dieter_Module\Modified_MCP\model.gms
    Unknown symbol
--- model.gms(297) 3 Mb 58 Errors
*** Error 171 in C:\Users\Lenovo\Documents\GitHub\prosumage\Code\Prosumage_Opt\Dieter_Module\Modified_MCP\model.gms
    Domain violation for set
--- model.gms(302) 3 Mb 60 Errors
*** Error 140 in C:\Users\Lenovo\Documents\GitHub\prosumage\Code\Prosumage_Opt\Dieter_Module\Modified_MCP\model.gms
    Unknown symbol
*** Error 171 in C:\Users\Lenovo\Documents\GitHub\prosumage\Code\Prosumage_Opt\Dieter_Module\Modified_MCP\model.gms
    Domain violation for set
--- model.gms(311) 3 Mb 61 Errors
*** Error 171 in C:\Users\Lenovo\Documents\GitHub\prosumage\Code\Prosumage_Opt\Dieter_Module\Modified_MCP\model.gms
    Domain violation for set
--- model.gms(357) 3 Mb 65 Errors
*** Error   2 in C:\Users\Lenovo\Documents\GitHub\prosumage\Code\Prosumage_Opt\Dieter_Module\Modified_MCP\model.gms
    Identifier expected
*** Error 140 in C:\Users\Lenovo\Documents\GitHub\prosumage\Code\Prosumage_Opt\Dieter_Module\Modified_MCP\model.gms
    Unknown symbol
*** Error   2 in C:\Users\Lenovo\Documents\GitHub\prosumage\Code\Prosumage_Opt\Dieter_Module\Modified_MCP\model.gms
    Identifier expected
*** Error 140 in C:\Users\Lenovo\Documents\GitHub\prosumage\Code\Prosumage_Opt\Dieter_Module\Modified_MCP\model.gms
    Unknown symbol
--- model.gms(373) 3 Mb 65 Errors
*** Status: Compilation error(s)
--- Job model.gms Stop 11/21/18 13:24:07 elapsed 0:00:00.261
Exit code = 2
