
--- Job DIETER.gms Start 01/09/19 13:07:16 25.1.2 r67455 WEX-WEI x86 64bit/MS Windows
GAMS 25.1.2   Copyright (C) 1987-2018 GAMS Development. All rights reserved
Licensee: Medium MUD - 10 User License                   S180308:0349AO-GEN
          Deutsches Institut fuer Wirtschaftsforschung DIW, AbteilungDC3975
          License for teaching and research at degree granting institutions
          License Admin: Claudia Kemfert, bbibra@diw.de                    
--- Starting compilation
--- DIETER.gms(116) 2 Mb
--- . dataload.gms(407) 2 Mb
--- call gdxxrw data_input.xlsx @temp.tmp o=Data_input maxdupeerrors=100

GDXXRW           25.1.2 r67455 Released Aug  1, 2018 VS8 x86 32bit/MS Windows 
Input file : C:\Users\cguenther\Documents\GitHub\prosumage\Code\Prosumage_Opt\Dieter_Module\DIETER_PROSUMOD_MCP\data_input.xlsx
Output file: C:\Users\cguenther\Documents\GitHub\prosumage\Code\Prosumage_Opt\Dieter_Module\DIETER_PROSUMOD_MCP\Data_input.gdx
Total time = 780 Ms
--- . dataload.gms(409) 2 Mb
--- GDXin=C:\Users\cguenther\Documents\GitHub\prosumage\Code\Prosumage_Opt\Dieter_Module\DIETER_PROSUMOD_MCP\Data_input.gdx
--- . dataload.gms(458) 3 Mb
--- call gdxxrw time_series.xlsx @temp2.tmp o=time_series

GDXXRW           25.1.2 r67455 Released Aug  1, 2018 VS8 x86 32bit/MS Windows 
Input file : C:\Users\cguenther\Documents\GitHub\prosumage\Code\Prosumage_Opt\Dieter_Module\DIETER_PROSUMOD_MCP\time_series.xlsx
Output file: C:\Users\cguenther\Documents\GitHub\prosumage\Code\Prosumage_Opt\Dieter_Module\DIETER_PROSUMOD_MCP\time_series.gdx
Total time = 10015 Ms
--- . dataload.gms(459) 3 Mb
--- GDXin=C:\Users\cguenther\Documents\GitHub\prosumage\Code\Prosumage_Opt\Dieter_Module\DIETER_PROSUMOD_MCP\time_series.gdx
--- . dataload.gms(591) 3 Mb
--- DIETER.gms(161) 3 Mb
--- . model.gms(792) 3 Mb
--- DIETER.gms(194) 3 Mb
--- . fix.gms(239) 4 Mb
--- DIETER.gms(195) 4 Mb
--- . scenario.gms(67) 4 Mb
--- DIETER.gms(217) 4 Mb
--- . report.gms(827) 4 Mb
--- DIETER.gms(234) 4 Mb
--- Starting execution: elapsed 0:00:11.950
--- DIETER.gms(1888) 9 Mb
--- GDXin=C:\Users\cguenther\Documents\GitHub\prosumage\Code\Prosumage_Opt\Dieter_Module\DIETER_PROSUMOD_MCP\DIETER_p.gdx
--- DIETER.gms(1889) 13 Mb
--- Generating LP model DIETER
--- DIETER.gms(1890) 20 Mb
---   21,981 rows  37,951 columns  86,364 non-zeroes
--- Executing CPLEX: elapsed 0:00:12.457

IBM ILOG CPLEX   25.1.2 r67455 Released Aug  1, 2018 WEI x86 64bit/MS Windows 
--- GAMS/Cplex licensed for continuous and discrete problems.
Cplex 12.8.0.0

Reading parameter(s) from "C:\Users\cguenther\Documents\GitHub\prosumage\Code\Prosumage_Opt\Dieter_Module\DIETER_PROSUMOD_MCP\cplex.opt"
>>  lpmethod 4
>>  threads 4
>>  epgap 1e-3
Finished reading from "C:\Users\cguenther\Documents\GitHub\prosumage\Code\Prosumage_Opt\Dieter_Module\DIETER_PROSUMOD_MCP\cplex.opt"
*** Basis supplied by GAMS will be used.
*** Use option 'advind 0' to discard basis information.
Reading data...
Starting Cplex...
Space for names approximately 1.76 Mb
Use option 'names no' to turn use of names off
CPXPARAM_Advance                                 2
CPXPARAM_TimeLimit                               10000000
CPXPARAM_LPMethod                                4
CPXPARAM_Threads                                 4
CPXPARAM_Parallel                                1
CPXPARAM_Tune_TimeLimit                          2000000
CPXPARAM_MIP_Tolerances_MIPGap                   0.001
CPXPARAM_Barrier_Limits_Iteration                2000000000
Parallel mode: deterministic, using up to 4 threads for concurrent optimization.

Dual simplex solved model.

Total crossover time = 0.05 sec. (34.75 ticks)

Total time on 4 threads = 0.05 sec. (34.75 ticks)
LP status(1): optimal
Cplex Time: 0.08sec (det. 34.75 ticks)

Optimal solution found.
Objective :  3856511546.241321

--- Restarting execution
--- DIETER.gms(1890) 12 Mb
--- Reading solution for model DIETER
--- GDX Point C:\Users\cguenther\Documents\GitHub\prosumage\Code\Prosumage_Opt\Dieter_Module\DIETER_PROSUMOD_MCP\DIETER_p.gdx
--- Executing after solve: elapsed 0:00:13.638
--- DIETER.gms(2735) 13 Mb
--- GDX File C:\Users\cguenther\Documents\GitHub\prosumage\Code\Prosumage_Opt\Dieter_Module\DIETER_PROSUMOD_MCP\results.gdx
--- DIETER.gms(2745) 13 Mb

GDXXRW           25.1.2 r67455 Released Aug  1, 2018 VS8 x86 32bit/MS Windows 
Input file : C:\Users\cguenther\Documents\GitHub\prosumage\Code\Prosumage_Opt\Dieter_Module\DIETER_PROSUMOD_MCP\results.gdx
Output file: C:\Users\cguenther\Documents\GitHub\prosumage\Code\Prosumage_Opt\Dieter_Module\DIETER_PROSUMOD_MCP\results.xlsx
Adding new sheet: report_prosumage
Adding new sheet: report_prosumage_tech
Adding new sheet: report_prosumage_tech_hours
Adding new sheet: report_market
Adding new sheet: report_market_tech
Adding new sheet: report_market_tech_hours
Total time = 1311 Ms
--- GDX File C:\Users\cguenther\Documents\GitHub\prosumage\Code\Prosumage_Opt\Dieter_Module\DIETER_PROSUMOD_MCP\test.gdx
*** Status: Normal completion
--- Job DIETER.gms Stop 01/09/19 13:07:32 elapsed 0:00:15.618
