
--- Job model.gms Start 01/09/19 12:49:30 25.1.2 r67455 WEX-WEI x86 64bit/MS Windows
GAMS 25.1.2   Copyright (C) 1987-2018 GAMS Development. All rights reserved
Licensee: Medium MUD - 10 User License                   S180308:0349AO-GEN
          Deutsches Institut fuer Wirtschaftsforschung DIW, AbteilungDC3975
          License for teaching and research at degree granting institutions
          License Admin: Claudia Kemfert, bbibra@diw.de                    
--- Starting compilation
--- model.gms(28) 2 Mb 2 Errors
*** Error 120 in C:\Users\cguenther\Documents\GitHub\prosumage\Code\Prosumage_Opt\Dieter_Module\DIETER_PROSUMOD_MCP\model.gms
    Unknown identifier entered as set
*** Error 120 in C:\Users\cguenther\Documents\GitHub\prosumage\Code\Prosumage_Opt\Dieter_Module\DIETER_PROSUMOD_MCP\model.gms
    Unknown identifier entered as set
--- model.gms(34) 2 Mb 3 Errors
*** Error 120 in C:\Users\cguenther\Documents\GitHub\prosumage\Code\Prosumage_Opt\Dieter_Module\DIETER_PROSUMOD_MCP\model.gms
    Unknown identifier entered as set
--- model.gms(77) 3 Mb 4 Errors
*** Error 361 in C:\Users\cguenther\Documents\GitHub\prosumage\Code\Prosumage_Opt\Dieter_Module\DIETER_PROSUMOD_MCP\model.gms
    Values for domain 1 are unknown - no checking possible
--- model.gms(78) 3 Mb 5 Errors
*** Error 361 in C:\Users\cguenther\Documents\GitHub\prosumage\Code\Prosumage_Opt\Dieter_Module\DIETER_PROSUMOD_MCP\model.gms
    Values for domain 1 are unknown - no checking possible
--- model.gms(79) 3 Mb 6 Errors
*** Error 361 in C:\Users\cguenther\Documents\GitHub\prosumage\Code\Prosumage_Opt\Dieter_Module\DIETER_PROSUMOD_MCP\model.gms
    Values for domain 1 are unknown - no checking possible
--- model.gms(80) 3 Mb 7 Errors
*** Error 361 in C:\Users\cguenther\Documents\GitHub\prosumage\Code\Prosumage_Opt\Dieter_Module\DIETER_PROSUMOD_MCP\model.gms
    Values for domain 1 are unknown - no checking possible
--- model.gms(81) 3 Mb 8 Errors
*** Error 361 in C:\Users\cguenther\Documents\GitHub\prosumage\Code\Prosumage_Opt\Dieter_Module\DIETER_PROSUMOD_MCP\model.gms
    Values for domain 1 are unknown - no checking possible
--- model.gms(82) 3 Mb 9 Errors
*** Error 361 in C:\Users\cguenther\Documents\GitHub\prosumage\Code\Prosumage_Opt\Dieter_Module\DIETER_PROSUMOD_MCP\model.gms
    Values for domain 1 are unknown - no checking possible
--- model.gms(173) 3 Mb 10 Errors
*** Error 140 in C:\Users\cguenther\Documents\GitHub\prosumage\Code\Prosumage_Opt\Dieter_Module\DIETER_PROSUMOD_MCP\model.gms
    Unknown symbol
--- model.gms(174) 3 Mb 11 Errors
*** Error 140 in C:\Users\cguenther\Documents\GitHub\prosumage\Code\Prosumage_Opt\Dieter_Module\DIETER_PROSUMOD_MCP\model.gms
    Unknown symbol
--- model.gms(175) 3 Mb 12 Errors
*** Error 140 in C:\Users\cguenther\Documents\GitHub\prosumage\Code\Prosumage_Opt\Dieter_Module\DIETER_PROSUMOD_MCP\model.gms
    Unknown symbol
--- model.gms(176) 3 Mb 13 Errors
*** Error 140 in C:\Users\cguenther\Documents\GitHub\prosumage\Code\Prosumage_Opt\Dieter_Module\DIETER_PROSUMOD_MCP\model.gms
    Unknown symbol
--- model.gms(177) 3 Mb 14 Errors
*** Error 140 in C:\Users\cguenther\Documents\GitHub\prosumage\Code\Prosumage_Opt\Dieter_Module\DIETER_PROSUMOD_MCP\model.gms
    Unknown symbol
--- model.gms(178) 3 Mb 15 Errors
*** Error 140 in C:\Users\cguenther\Documents\GitHub\prosumage\Code\Prosumage_Opt\Dieter_Module\DIETER_PROSUMOD_MCP\model.gms
    Unknown symbol
--- model.gms(179) 3 Mb 16 Errors
*** Error 140 in C:\Users\cguenther\Documents\GitHub\prosumage\Code\Prosumage_Opt\Dieter_Module\DIETER_PROSUMOD_MCP\model.gms
    Unknown symbol
--- model.gms(180) 3 Mb 17 Errors
*** Error 140 in C:\Users\cguenther\Documents\GitHub\prosumage\Code\Prosumage_Opt\Dieter_Module\DIETER_PROSUMOD_MCP\model.gms
    Unknown symbol
--- model.gms(181) 3 Mb 18 Errors
*** Error 140 in C:\Users\cguenther\Documents\GitHub\prosumage\Code\Prosumage_Opt\Dieter_Module\DIETER_PROSUMOD_MCP\model.gms
    Unknown symbol
--- model.gms(182) 3 Mb 19 Errors
*** Error 140 in C:\Users\cguenther\Documents\GitHub\prosumage\Code\Prosumage_Opt\Dieter_Module\DIETER_PROSUMOD_MCP\model.gms
    Unknown symbol
--- model.gms(183) 3 Mb 20 Errors
*** Error 409 in C:\Users\cguenther\Documents\GitHub\prosumage\Code\Prosumage_Opt\Dieter_Module\DIETER_PROSUMOD_MCP\model.gms
    Unrecognizable item - skip to find a new statement
      looking for a ';' or a key word to get started again
--- model.gms(202) 3 Mb 22 Errors
*** Error  37 in C:\Users\cguenther\Documents\GitHub\prosumage\Code\Prosumage_Opt\Dieter_Module\DIETER_PROSUMOD_MCP\model.gms
    '=l=' or '=e=' or '=g=' operator expected
*** Error 409 in C:\Users\cguenther\Documents\GitHub\prosumage\Code\Prosumage_Opt\Dieter_Module\DIETER_PROSUMOD_MCP\model.gms
    Unrecognizable item - skip to find a new statement
      looking for a ';' or a key word to get started again
--- model.gms(246) 3 Mb 23 Errors
*** Error 140 in C:\Users\cguenther\Documents\GitHub\prosumage\Code\Prosumage_Opt\Dieter_Module\DIETER_PROSUMOD_MCP\model.gms
    Unknown symbol
--- model.gms(254) 3 Mb 25 Errors
*** Error 140 in C:\Users\cguenther\Documents\GitHub\prosumage\Code\Prosumage_Opt\Dieter_Module\DIETER_PROSUMOD_MCP\model.gms
    Unknown symbol
*** Error 140 in C:\Users\cguenther\Documents\GitHub\prosumage\Code\Prosumage_Opt\Dieter_Module\DIETER_PROSUMOD_MCP\model.gms
    Unknown symbol
--- model.gms(290) 3 Mb 26 Errors
*** Error 140 in C:\Users\cguenther\Documents\GitHub\prosumage\Code\Prosumage_Opt\Dieter_Module\DIETER_PROSUMOD_MCP\model.gms
    Unknown symbol
--- model.gms(300) 3 Mb 29 Errors
*** Error   8 in C:\Users\cguenther\Documents\GitHub\prosumage\Code\Prosumage_Opt\Dieter_Module\DIETER_PROSUMOD_MCP\model.gms
    ')' expected
*** Error  37 in C:\Users\cguenther\Documents\GitHub\prosumage\Code\Prosumage_Opt\Dieter_Module\DIETER_PROSUMOD_MCP\model.gms
    '=l=' or '=e=' or '=g=' operator expected
*** Error 409 in C:\Users\cguenther\Documents\GitHub\prosumage\Code\Prosumage_Opt\Dieter_Module\DIETER_PROSUMOD_MCP\model.gms
    Unrecognizable item - skip to find a new statement
      looking for a ';' or a key word to get started again
--- model.gms(316) 3 Mb 30 Errors
*** Error 140 in C:\Users\cguenther\Documents\GitHub\prosumage\Code\Prosumage_Opt\Dieter_Module\DIETER_PROSUMOD_MCP\model.gms
    Unknown symbol
--- model.gms(325) 3 Mb 31 Errors
*** Error 140 in C:\Users\cguenther\Documents\GitHub\prosumage\Code\Prosumage_Opt\Dieter_Module\DIETER_PROSUMOD_MCP\model.gms
    Unknown symbol
--- model.gms(329) 3 Mb 32 Errors
*** Error 140 in C:\Users\cguenther\Documents\GitHub\prosumage\Code\Prosumage_Opt\Dieter_Module\DIETER_PROSUMOD_MCP\model.gms
    Unknown symbol
--- model.gms(333) 3 Mb 33 Errors
*** Error 140 in C:\Users\cguenther\Documents\GitHub\prosumage\Code\Prosumage_Opt\Dieter_Module\DIETER_PROSUMOD_MCP\model.gms
    Unknown symbol
--- model.gms(339) 3 Mb 34 Errors
*** Error 140 in C:\Users\cguenther\Documents\GitHub\prosumage\Code\Prosumage_Opt\Dieter_Module\DIETER_PROSUMOD_MCP\model.gms
    Unknown symbol
--- model.gms(343) 3 Mb 35 Errors
*** Error 140 in C:\Users\cguenther\Documents\GitHub\prosumage\Code\Prosumage_Opt\Dieter_Module\DIETER_PROSUMOD_MCP\model.gms
    Unknown symbol
--- model.gms(347) 3 Mb 36 Errors
*** Error 140 in C:\Users\cguenther\Documents\GitHub\prosumage\Code\Prosumage_Opt\Dieter_Module\DIETER_PROSUMOD_MCP\model.gms
    Unknown symbol
--- model.gms(362) 3 Mb 38 Errors
*** Error 140 in C:\Users\cguenther\Documents\GitHub\prosumage\Code\Prosumage_Opt\Dieter_Module\DIETER_PROSUMOD_MCP\model.gms
    Unknown symbol
*** Error 140 in C:\Users\cguenther\Documents\GitHub\prosumage\Code\Prosumage_Opt\Dieter_Module\DIETER_PROSUMOD_MCP\model.gms
    Unknown symbol
--- model.gms(369) 3 Mb 39 Errors
*** Error 140 in C:\Users\cguenther\Documents\GitHub\prosumage\Code\Prosumage_Opt\Dieter_Module\DIETER_PROSUMOD_MCP\model.gms
    Unknown symbol
--- model.gms(404) 3 Mb 40 Errors
*** Error 140 in C:\Users\cguenther\Documents\GitHub\prosumage\Code\Prosumage_Opt\Dieter_Module\DIETER_PROSUMOD_MCP\model.gms
    Unknown symbol
--- model.gms(417) 3 Mb 42 Errors
*** Error  37 in C:\Users\cguenther\Documents\GitHub\prosumage\Code\Prosumage_Opt\Dieter_Module\DIETER_PROSUMOD_MCP\model.gms
    '=l=' or '=e=' or '=g=' operator expected
*** Error 409 in C:\Users\cguenther\Documents\GitHub\prosumage\Code\Prosumage_Opt\Dieter_Module\DIETER_PROSUMOD_MCP\model.gms
    Unrecognizable item - skip to find a new statement
      looking for a ';' or a key word to get started again
--- model.gms(451) 3 Mb 43 Errors
*** Error 140 in C:\Users\cguenther\Documents\GitHub\prosumage\Code\Prosumage_Opt\Dieter_Module\DIETER_PROSUMOD_MCP\model.gms
    Unknown symbol
--- model.gms(490) 3 Mb 45 Errors
*** Error  37 in C:\Users\cguenther\Documents\GitHub\prosumage\Code\Prosumage_Opt\Dieter_Module\DIETER_PROSUMOD_MCP\model.gms
    '=l=' or '=e=' or '=g=' operator expected
*** Error 409 in C:\Users\cguenther\Documents\GitHub\prosumage\Code\Prosumage_Opt\Dieter_Module\DIETER_PROSUMOD_MCP\model.gms
    Unrecognizable item - skip to find a new statement
      looking for a ';' or a key word to get started again
--- model.gms(506) 3 Mb 47 Errors
*** Error  37 in C:\Users\cguenther\Documents\GitHub\prosumage\Code\Prosumage_Opt\Dieter_Module\DIETER_PROSUMOD_MCP\model.gms
    '=l=' or '=e=' or '=g=' operator expected
*** Error 409 in C:\Users\cguenther\Documents\GitHub\prosumage\Code\Prosumage_Opt\Dieter_Module\DIETER_PROSUMOD_MCP\model.gms
    Unrecognizable item - skip to find a new statement
      looking for a ';' or a key word to get started again
--- model.gms(518) 3 Mb 49 Errors
*** Error  37 in C:\Users\cguenther\Documents\GitHub\prosumage\Code\Prosumage_Opt\Dieter_Module\DIETER_PROSUMOD_MCP\model.gms
    '=l=' or '=e=' or '=g=' operator expected
*** Error 409 in C:\Users\cguenther\Documents\GitHub\prosumage\Code\Prosumage_Opt\Dieter_Module\DIETER_PROSUMOD_MCP\model.gms
    Unrecognizable item - skip to find a new statement
      looking for a ';' or a key word to get started again
--- model.gms(562) 3 Mb 52 Errors
*** Error 119 in C:\Users\cguenther\Documents\GitHub\prosumage\Code\Prosumage_Opt\Dieter_Module\DIETER_PROSUMOD_MCP\model.gms
    Number (primary) expected
*** Error 140 in C:\Users\cguenther\Documents\GitHub\prosumage\Code\Prosumage_Opt\Dieter_Module\DIETER_PROSUMOD_MCP\model.gms
    Unknown symbol
*** Error 140 in C:\Users\cguenther\Documents\GitHub\prosumage\Code\Prosumage_Opt\Dieter_Module\DIETER_PROSUMOD_MCP\model.gms
    Unknown symbol
--- model.gms(569) 3 Mb 54 Errors
*** Error  37 in C:\Users\cguenther\Documents\GitHub\prosumage\Code\Prosumage_Opt\Dieter_Module\DIETER_PROSUMOD_MCP\model.gms
    '=l=' or '=e=' or '=g=' operator expected
*** Error 409 in C:\Users\cguenther\Documents\GitHub\prosumage\Code\Prosumage_Opt\Dieter_Module\DIETER_PROSUMOD_MCP\model.gms
    Unrecognizable item - skip to find a new statement
      looking for a ';' or a key word to get started again
--- model.gms(579) 3 Mb 55 Errors
*** Error 119 in C:\Users\cguenther\Documents\GitHub\prosumage\Code\Prosumage_Opt\Dieter_Module\DIETER_PROSUMOD_MCP\model.gms
    Number (primary) expected
--- model.gms(584) 3 Mb 57 Errors
*** Error  37 in C:\Users\cguenther\Documents\GitHub\prosumage\Code\Prosumage_Opt\Dieter_Module\DIETER_PROSUMOD_MCP\model.gms
    '=l=' or '=e=' or '=g=' operator expected
*** Error 409 in C:\Users\cguenther\Documents\GitHub\prosumage\Code\Prosumage_Opt\Dieter_Module\DIETER_PROSUMOD_MCP\model.gms
    Unrecognizable item - skip to find a new statement
      looking for a ';' or a key word to get started again
--- model.gms(596) 3 Mb 59 Errors
*** Error  37 in C:\Users\cguenther\Documents\GitHub\prosumage\Code\Prosumage_Opt\Dieter_Module\DIETER_PROSUMOD_MCP\model.gms
    '=l=' or '=e=' or '=g=' operator expected
*** Error 409 in C:\Users\cguenther\Documents\GitHub\prosumage\Code\Prosumage_Opt\Dieter_Module\DIETER_PROSUMOD_MCP\model.gms
    Unrecognizable item - skip to find a new statement
      looking for a ';' or a key word to get started again
--- model.gms(623) 3 Mb 61 Errors
*** Error  37 in C:\Users\cguenther\Documents\GitHub\prosumage\Code\Prosumage_Opt\Dieter_Module\DIETER_PROSUMOD_MCP\model.gms
    '=l=' or '=e=' or '=g=' operator expected
*** Error 409 in C:\Users\cguenther\Documents\GitHub\prosumage\Code\Prosumage_Opt\Dieter_Module\DIETER_PROSUMOD_MCP\model.gms
    Unrecognizable item - skip to find a new statement
      looking for a ';' or a key word to get started again
--- model.gms(644) 3 Mb 62 Errors
*** Error 353 in C:\Users\cguenther\Documents\GitHub\prosumage\Code\Prosumage_Opt\Dieter_Module\DIETER_PROSUMOD_MCP\model.gms
    The domain for this index position is unknown and the element
       cannot be checked at this point. Missing data statement.
--- model.gms(671) 3 Mb 66 Errors
*** Error   2 in C:\Users\cguenther\Documents\GitHub\prosumage\Code\Prosumage_Opt\Dieter_Module\DIETER_PROSUMOD_MCP\model.gms
    Identifier expected
*** Error 140 in C:\Users\cguenther\Documents\GitHub\prosumage\Code\Prosumage_Opt\Dieter_Module\DIETER_PROSUMOD_MCP\model.gms
    Unknown symbol
*** Error   2 in C:\Users\cguenther\Documents\GitHub\prosumage\Code\Prosumage_Opt\Dieter_Module\DIETER_PROSUMOD_MCP\model.gms
    Identifier expected
*** Error 234 in C:\Users\cguenther\Documents\GitHub\prosumage\Code\Prosumage_Opt\Dieter_Module\DIETER_PROSUMOD_MCP\model.gms
    Illegal type in model list - equation or equation.variable
      or another model list
--- model.gms(685) 3 Mb 70 Errors
*** Error   2 in C:\Users\cguenther\Documents\GitHub\prosumage\Code\Prosumage_Opt\Dieter_Module\DIETER_PROSUMOD_MCP\model.gms
    Identifier expected
*** Error 140 in C:\Users\cguenther\Documents\GitHub\prosumage\Code\Prosumage_Opt\Dieter_Module\DIETER_PROSUMOD_MCP\model.gms
    Unknown symbol
*** Error   2 in C:\Users\cguenther\Documents\GitHub\prosumage\Code\Prosumage_Opt\Dieter_Module\DIETER_PROSUMOD_MCP\model.gms
    Identifier expected
*** Error 234 in C:\Users\cguenther\Documents\GitHub\prosumage\Code\Prosumage_Opt\Dieter_Module\DIETER_PROSUMOD_MCP\model.gms
    Illegal type in model list - equation or equation.variable
      or another model list
--- model.gms(690) 3 Mb 74 Errors
*** Error   2 in C:\Users\cguenther\Documents\GitHub\prosumage\Code\Prosumage_Opt\Dieter_Module\DIETER_PROSUMOD_MCP\model.gms
    Identifier expected
*** Error 236 in C:\Users\cguenther\Documents\GitHub\prosumage\Code\Prosumage_Opt\Dieter_Module\DIETER_PROSUMOD_MCP\model.gms
    Duplicate identifier(s) in model definition
*** Error   2 in C:\Users\cguenther\Documents\GitHub\prosumage\Code\Prosumage_Opt\Dieter_Module\DIETER_PROSUMOD_MCP\model.gms
    Identifier expected
*** Error 234 in C:\Users\cguenther\Documents\GitHub\prosumage\Code\Prosumage_Opt\Dieter_Module\DIETER_PROSUMOD_MCP\model.gms
    Illegal type in model list - equation or equation.variable
      or another model list
--- model.gms(697) 3 Mb 78 Errors
*** Error   2 in C:\Users\cguenther\Documents\GitHub\prosumage\Code\Prosumage_Opt\Dieter_Module\DIETER_PROSUMOD_MCP\model.gms
    Identifier expected
*** Error 140 in C:\Users\cguenther\Documents\GitHub\prosumage\Code\Prosumage_Opt\Dieter_Module\DIETER_PROSUMOD_MCP\model.gms
    Unknown symbol
*** Error   2 in C:\Users\cguenther\Documents\GitHub\prosumage\Code\Prosumage_Opt\Dieter_Module\DIETER_PROSUMOD_MCP\model.gms
    Identifier expected
*** Error 234 in C:\Users\cguenther\Documents\GitHub\prosumage\Code\Prosumage_Opt\Dieter_Module\DIETER_PROSUMOD_MCP\model.gms
    Illegal type in model list - equation or equation.variable
      or another model list
--- model.gms(717) 3 Mb 81 Errors
*** Error   2 in C:\Users\cguenther\Documents\GitHub\prosumage\Code\Prosumage_Opt\Dieter_Module\DIETER_PROSUMOD_MCP\model.gms
    Identifier expected
*** Error   2 in C:\Users\cguenther\Documents\GitHub\prosumage\Code\Prosumage_Opt\Dieter_Module\DIETER_PROSUMOD_MCP\model.gms
    Identifier expected
*** Error 234 in C:\Users\cguenther\Documents\GitHub\prosumage\Code\Prosumage_Opt\Dieter_Module\DIETER_PROSUMOD_MCP\model.gms
    Illegal type in model list - equation or equation.variable
      or another model list
--- model.gms(730) 3 Mb 84 Errors
*** Error   2 in C:\Users\cguenther\Documents\GitHub\prosumage\Code\Prosumage_Opt\Dieter_Module\DIETER_PROSUMOD_MCP\model.gms
    Identifier expected
*** Error   2 in C:\Users\cguenther\Documents\GitHub\prosumage\Code\Prosumage_Opt\Dieter_Module\DIETER_PROSUMOD_MCP\model.gms
    Identifier expected
*** Error 234 in C:\Users\cguenther\Documents\GitHub\prosumage\Code\Prosumage_Opt\Dieter_Module\DIETER_PROSUMOD_MCP\model.gms
    Illegal type in model list - equation or equation.variable
      or another model list
--- model.gms(735) 3 Mb 88 Errors
*** Error   2 in C:\Users\cguenther\Documents\GitHub\prosumage\Code\Prosumage_Opt\Dieter_Module\DIETER_PROSUMOD_MCP\model.gms
    Identifier expected
*** Error 236 in C:\Users\cguenther\Documents\GitHub\prosumage\Code\Prosumage_Opt\Dieter_Module\DIETER_PROSUMOD_MCP\model.gms
    Duplicate identifier(s) in model definition
*** Error   2 in C:\Users\cguenther\Documents\GitHub\prosumage\Code\Prosumage_Opt\Dieter_Module\DIETER_PROSUMOD_MCP\model.gms
    Identifier expected
*** Error 234 in C:\Users\cguenther\Documents\GitHub\prosumage\Code\Prosumage_Opt\Dieter_Module\DIETER_PROSUMOD_MCP\model.gms
    Illegal type in model list - equation or equation.variable
      or another model list
--- model.gms(744) 3 Mb 92 Errors
*** Error   2 in C:\Users\cguenther\Documents\GitHub\prosumage\Code\Prosumage_Opt\Dieter_Module\DIETER_PROSUMOD_MCP\model.gms
    Identifier expected
*** Error 236 in C:\Users\cguenther\Documents\GitHub\prosumage\Code\Prosumage_Opt\Dieter_Module\DIETER_PROSUMOD_MCP\model.gms
    Duplicate identifier(s) in model definition
*** Error   2 in C:\Users\cguenther\Documents\GitHub\prosumage\Code\Prosumage_Opt\Dieter_Module\DIETER_PROSUMOD_MCP\model.gms
    Identifier expected
*** Error 234 in C:\Users\cguenther\Documents\GitHub\prosumage\Code\Prosumage_Opt\Dieter_Module\DIETER_PROSUMOD_MCP\model.gms
    Illegal type in model list - equation or equation.variable
      or another model list
--- model.gms(756) 3 Mb 96 Errors
*** Error   2 in C:\Users\cguenther\Documents\GitHub\prosumage\Code\Prosumage_Opt\Dieter_Module\DIETER_PROSUMOD_MCP\model.gms
    Identifier expected
*** Error 236 in C:\Users\cguenther\Documents\GitHub\prosumage\Code\Prosumage_Opt\Dieter_Module\DIETER_PROSUMOD_MCP\model.gms
    Duplicate identifier(s) in model definition
*** Error   2 in C:\Users\cguenther\Documents\GitHub\prosumage\Code\Prosumage_Opt\Dieter_Module\DIETER_PROSUMOD_MCP\model.gms
    Identifier expected
*** Error 234 in C:\Users\cguenther\Documents\GitHub\prosumage\Code\Prosumage_Opt\Dieter_Module\DIETER_PROSUMOD_MCP\model.gms
    Illegal type in model list - equation or equation.variable
      or another model list
--- model.gms(763) 3 Mb 99 Errors
*** Error   2 in C:\Users\cguenther\Documents\GitHub\prosumage\Code\Prosumage_Opt\Dieter_Module\DIETER_PROSUMOD_MCP\model.gms
    Identifier expected
*** Error   2 in C:\Users\cguenther\Documents\GitHub\prosumage\Code\Prosumage_Opt\Dieter_Module\DIETER_PROSUMOD_MCP\model.gms
    Identifier expected
*** Error 234 in C:\Users\cguenther\Documents\GitHub\prosumage\Code\Prosumage_Opt\Dieter_Module\DIETER_PROSUMOD_MCP\model.gms
    Illegal type in model list - equation or equation.variable
      or another model list
--- model.gms(769) 3 Mb 102 Errors
*** Error   2 in C:\Users\cguenther\Documents\GitHub\prosumage\Code\Prosumage_Opt\Dieter_Module\DIETER_PROSUMOD_MCP\model.gms
    Identifier expected
*** Error 234 in C:\Users\cguenther\Documents\GitHub\prosumage\Code\Prosumage_Opt\Dieter_Module\DIETER_PROSUMOD_MCP\model.gms
    Illegal type in model list - equation or equation.variable
      or another model list
*** Error   2 in C:\Users\cguenther\Documents\GitHub\prosumage\Code\Prosumage_Opt\Dieter_Module\DIETER_PROSUMOD_MCP\model.gms
    Identifier expected
--- model.gms(792) 3 Mb 102 Errors
*** Status: Compilation error(s)
--- Job model.gms Stop 01/09/19 12:49:30 elapsed 0:00:00.290
Exit code = 2
