
--- Job report.gms Start 01/09/19 12:57:04 25.1.2 r67455 WEX-WEI x86 64bit/MS Windows
GAMS 25.1.2   Copyright (C) 1987-2018 GAMS Development. All rights reserved
Licensee: Medium MUD - 10 User License                   S180308:0349AO-GEN
          Deutsches Institut fuer Wirtschaftsforschung DIW, AbteilungDC3975
          License for teaching and research at degree granting institutions
          License Admin: Claudia Kemfert, bbibra@diw.de                    
--- Starting compilation
--- report.gms(81) 3 Mb 4 Errors
*** Error 140 in C:\Users\cguenther\Documents\GitHub\prosumage\Code\Prosumage_Opt\Dieter_Module\DIETER_PROSUMOD_MCP\report.gms
    Unknown symbol
*** Error 120 in C:\Users\cguenther\Documents\GitHub\prosumage\Code\Prosumage_Opt\Dieter_Module\DIETER_PROSUMOD_MCP\report.gms
    Unknown identifier entered as set
*** Error 120 in C:\Users\cguenther\Documents\GitHub\prosumage\Code\Prosumage_Opt\Dieter_Module\DIETER_PROSUMOD_MCP\report.gms
    Unknown identifier entered as set
*** Error 140 in C:\Users\cguenther\Documents\GitHub\prosumage\Code\Prosumage_Opt\Dieter_Module\DIETER_PROSUMOD_MCP\report.gms
    Unknown symbol
--- report.gms(82) 3 Mb 5 Errors
*** Error 409 in C:\Users\cguenther\Documents\GitHub\prosumage\Code\Prosumage_Opt\Dieter_Module\DIETER_PROSUMOD_MCP\report.gms
    Unrecognizable item - skip to find a new statement
      looking for a ';' or a key word to get started again
--- report.gms(84) 3 Mb 7 Errors
*** Error 140 in C:\Users\cguenther\Documents\GitHub\prosumage\Code\Prosumage_Opt\Dieter_Module\DIETER_PROSUMOD_MCP\report.gms
    Unknown symbol
*** Error 140 in C:\Users\cguenther\Documents\GitHub\prosumage\Code\Prosumage_Opt\Dieter_Module\DIETER_PROSUMOD_MCP\report.gms
    Unknown symbol
--- report.gms(85) 3 Mb 8 Errors
*** Error 140 in C:\Users\cguenther\Documents\GitHub\prosumage\Code\Prosumage_Opt\Dieter_Module\DIETER_PROSUMOD_MCP\report.gms
    Unknown symbol
--- report.gms(86) 3 Mb 10 Errors
*** Error 140 in C:\Users\cguenther\Documents\GitHub\prosumage\Code\Prosumage_Opt\Dieter_Module\DIETER_PROSUMOD_MCP\report.gms
    Unknown symbol
*** Error 140 in C:\Users\cguenther\Documents\GitHub\prosumage\Code\Prosumage_Opt\Dieter_Module\DIETER_PROSUMOD_MCP\report.gms
    Unknown symbol
--- report.gms(87) 3 Mb 12 Errors
*** Error 140 in C:\Users\cguenther\Documents\GitHub\prosumage\Code\Prosumage_Opt\Dieter_Module\DIETER_PROSUMOD_MCP\report.gms
    Unknown symbol
*** Error 140 in C:\Users\cguenther\Documents\GitHub\prosumage\Code\Prosumage_Opt\Dieter_Module\DIETER_PROSUMOD_MCP\report.gms
    Unknown symbol
--- report.gms(90) 3 Mb 15 Errors
*** Error 140 in C:\Users\cguenther\Documents\GitHub\prosumage\Code\Prosumage_Opt\Dieter_Module\DIETER_PROSUMOD_MCP\report.gms
    Unknown symbol
*** Error 120 in C:\Users\cguenther\Documents\GitHub\prosumage\Code\Prosumage_Opt\Dieter_Module\DIETER_PROSUMOD_MCP\report.gms
    Unknown identifier entered as set
*** Error 140 in C:\Users\cguenther\Documents\GitHub\prosumage\Code\Prosumage_Opt\Dieter_Module\DIETER_PROSUMOD_MCP\report.gms
    Unknown symbol
--- report.gms(91) 3 Mb 17 Errors
*** Error 140 in C:\Users\cguenther\Documents\GitHub\prosumage\Code\Prosumage_Opt\Dieter_Module\DIETER_PROSUMOD_MCP\report.gms
    Unknown symbol
*** Error 140 in C:\Users\cguenther\Documents\GitHub\prosumage\Code\Prosumage_Opt\Dieter_Module\DIETER_PROSUMOD_MCP\report.gms
    Unknown symbol
--- report.gms(92) 3 Mb 19 Errors
*** Error 140 in C:\Users\cguenther\Documents\GitHub\prosumage\Code\Prosumage_Opt\Dieter_Module\DIETER_PROSUMOD_MCP\report.gms
    Unknown symbol
*** Error 140 in C:\Users\cguenther\Documents\GitHub\prosumage\Code\Prosumage_Opt\Dieter_Module\DIETER_PROSUMOD_MCP\report.gms
    Unknown symbol
--- report.gms(93) 3 Mb 21 Errors
*** Error 140 in C:\Users\cguenther\Documents\GitHub\prosumage\Code\Prosumage_Opt\Dieter_Module\DIETER_PROSUMOD_MCP\report.gms
    Unknown symbol
*** Error 140 in C:\Users\cguenther\Documents\GitHub\prosumage\Code\Prosumage_Opt\Dieter_Module\DIETER_PROSUMOD_MCP\report.gms
    Unknown symbol
--- report.gms(94) 3 Mb 23 Errors
*** Error 140 in C:\Users\cguenther\Documents\GitHub\prosumage\Code\Prosumage_Opt\Dieter_Module\DIETER_PROSUMOD_MCP\report.gms
    Unknown symbol
*** Error 140 in C:\Users\cguenther\Documents\GitHub\prosumage\Code\Prosumage_Opt\Dieter_Module\DIETER_PROSUMOD_MCP\report.gms
    Unknown symbol
--- report.gms(95) 3 Mb 26 Errors
*** Error 140 in C:\Users\cguenther\Documents\GitHub\prosumage\Code\Prosumage_Opt\Dieter_Module\DIETER_PROSUMOD_MCP\report.gms
    Unknown symbol
*** Error 120 in C:\Users\cguenther\Documents\GitHub\prosumage\Code\Prosumage_Opt\Dieter_Module\DIETER_PROSUMOD_MCP\report.gms
    Unknown identifier entered as set
*** Error 140 in C:\Users\cguenther\Documents\GitHub\prosumage\Code\Prosumage_Opt\Dieter_Module\DIETER_PROSUMOD_MCP\report.gms
    Unknown symbol
--- report.gms(96) 3 Mb 28 Errors
*** Error 140 in C:\Users\cguenther\Documents\GitHub\prosumage\Code\Prosumage_Opt\Dieter_Module\DIETER_PROSUMOD_MCP\report.gms
    Unknown symbol
*** Error 140 in C:\Users\cguenther\Documents\GitHub\prosumage\Code\Prosumage_Opt\Dieter_Module\DIETER_PROSUMOD_MCP\report.gms
    Unknown symbol
--- report.gms(97) 3 Mb 30 Errors
*** Error 140 in C:\Users\cguenther\Documents\GitHub\prosumage\Code\Prosumage_Opt\Dieter_Module\DIETER_PROSUMOD_MCP\report.gms
    Unknown symbol
*** Error 140 in C:\Users\cguenther\Documents\GitHub\prosumage\Code\Prosumage_Opt\Dieter_Module\DIETER_PROSUMOD_MCP\report.gms
    Unknown symbol
--- report.gms(98) 3 Mb 32 Errors
*** Error 140 in C:\Users\cguenther\Documents\GitHub\prosumage\Code\Prosumage_Opt\Dieter_Module\DIETER_PROSUMOD_MCP\report.gms
    Unknown symbol
*** Error 140 in C:\Users\cguenther\Documents\GitHub\prosumage\Code\Prosumage_Opt\Dieter_Module\DIETER_PROSUMOD_MCP\report.gms
    Unknown symbol
--- report.gms(99) 3 Mb 34 Errors
*** Error 140 in C:\Users\cguenther\Documents\GitHub\prosumage\Code\Prosumage_Opt\Dieter_Module\DIETER_PROSUMOD_MCP\report.gms
    Unknown symbol
*** Error 140 in C:\Users\cguenther\Documents\GitHub\prosumage\Code\Prosumage_Opt\Dieter_Module\DIETER_PROSUMOD_MCP\report.gms
    Unknown symbol
--- report.gms(100) 3 Mb 36 Errors
*** Error 140 in C:\Users\cguenther\Documents\GitHub\prosumage\Code\Prosumage_Opt\Dieter_Module\DIETER_PROSUMOD_MCP\report.gms
    Unknown symbol
*** Error 140 in C:\Users\cguenther\Documents\GitHub\prosumage\Code\Prosumage_Opt\Dieter_Module\DIETER_PROSUMOD_MCP\report.gms
    Unknown symbol
--- report.gms(103) 3 Mb 37 Errors
*** Error 409 in C:\Users\cguenther\Documents\GitHub\prosumage\Code\Prosumage_Opt\Dieter_Module\DIETER_PROSUMOD_MCP\report.gms
    Unrecognizable item - skip to find a new statement
      looking for a ';' or a key word to get started again
--- report.gms(105) 3 Mb 39 Errors
*** Error 140 in C:\Users\cguenther\Documents\GitHub\prosumage\Code\Prosumage_Opt\Dieter_Module\DIETER_PROSUMOD_MCP\report.gms
    Unknown symbol
*** Error 140 in C:\Users\cguenther\Documents\GitHub\prosumage\Code\Prosumage_Opt\Dieter_Module\DIETER_PROSUMOD_MCP\report.gms
    Unknown symbol
--- report.gms(106) 3 Mb 41 Errors
*** Error 140 in C:\Users\cguenther\Documents\GitHub\prosumage\Code\Prosumage_Opt\Dieter_Module\DIETER_PROSUMOD_MCP\report.gms
    Unknown symbol
*** Error 140 in C:\Users\cguenther\Documents\GitHub\prosumage\Code\Prosumage_Opt\Dieter_Module\DIETER_PROSUMOD_MCP\report.gms
    Unknown symbol
--- report.gms(107) 3 Mb 43 Errors
*** Error 140 in C:\Users\cguenther\Documents\GitHub\prosumage\Code\Prosumage_Opt\Dieter_Module\DIETER_PROSUMOD_MCP\report.gms
    Unknown symbol
*** Error 140 in C:\Users\cguenther\Documents\GitHub\prosumage\Code\Prosumage_Opt\Dieter_Module\DIETER_PROSUMOD_MCP\report.gms
    Unknown symbol
--- report.gms(108) 3 Mb 45 Errors
*** Error 140 in C:\Users\cguenther\Documents\GitHub\prosumage\Code\Prosumage_Opt\Dieter_Module\DIETER_PROSUMOD_MCP\report.gms
    Unknown symbol
*** Error 140 in C:\Users\cguenther\Documents\GitHub\prosumage\Code\Prosumage_Opt\Dieter_Module\DIETER_PROSUMOD_MCP\report.gms
    Unknown symbol
--- report.gms(109) 3 Mb 47 Errors
*** Error 140 in C:\Users\cguenther\Documents\GitHub\prosumage\Code\Prosumage_Opt\Dieter_Module\DIETER_PROSUMOD_MCP\report.gms
    Unknown symbol
*** Error 140 in C:\Users\cguenther\Documents\GitHub\prosumage\Code\Prosumage_Opt\Dieter_Module\DIETER_PROSUMOD_MCP\report.gms
    Unknown symbol
--- report.gms(110) 3 Mb 49 Errors
*** Error 140 in C:\Users\cguenther\Documents\GitHub\prosumage\Code\Prosumage_Opt\Dieter_Module\DIETER_PROSUMOD_MCP\report.gms
    Unknown symbol
*** Error 140 in C:\Users\cguenther\Documents\GitHub\prosumage\Code\Prosumage_Opt\Dieter_Module\DIETER_PROSUMOD_MCP\report.gms
    Unknown symbol
--- report.gms(111) 3 Mb 51 Errors
*** Error 140 in C:\Users\cguenther\Documents\GitHub\prosumage\Code\Prosumage_Opt\Dieter_Module\DIETER_PROSUMOD_MCP\report.gms
    Unknown symbol
*** Error 140 in C:\Users\cguenther\Documents\GitHub\prosumage\Code\Prosumage_Opt\Dieter_Module\DIETER_PROSUMOD_MCP\report.gms
    Unknown symbol
--- report.gms(112) 3 Mb 53 Errors
*** Error 140 in C:\Users\cguenther\Documents\GitHub\prosumage\Code\Prosumage_Opt\Dieter_Module\DIETER_PROSUMOD_MCP\report.gms
    Unknown symbol
*** Error 140 in C:\Users\cguenther\Documents\GitHub\prosumage\Code\Prosumage_Opt\Dieter_Module\DIETER_PROSUMOD_MCP\report.gms
    Unknown symbol
--- report.gms(113) 3 Mb 55 Errors
*** Error 140 in C:\Users\cguenther\Documents\GitHub\prosumage\Code\Prosumage_Opt\Dieter_Module\DIETER_PROSUMOD_MCP\report.gms
    Unknown symbol
*** Error 140 in C:\Users\cguenther\Documents\GitHub\prosumage\Code\Prosumage_Opt\Dieter_Module\DIETER_PROSUMOD_MCP\report.gms
    Unknown symbol
--- report.gms(114) 3 Mb 57 Errors
*** Error 140 in C:\Users\cguenther\Documents\GitHub\prosumage\Code\Prosumage_Opt\Dieter_Module\DIETER_PROSUMOD_MCP\report.gms
    Unknown symbol
*** Error 140 in C:\Users\cguenther\Documents\GitHub\prosumage\Code\Prosumage_Opt\Dieter_Module\DIETER_PROSUMOD_MCP\report.gms
    Unknown symbol
--- report.gms(115) 3 Mb 59 Errors
*** Error 140 in C:\Users\cguenther\Documents\GitHub\prosumage\Code\Prosumage_Opt\Dieter_Module\DIETER_PROSUMOD_MCP\report.gms
    Unknown symbol
*** Error 140 in C:\Users\cguenther\Documents\GitHub\prosumage\Code\Prosumage_Opt\Dieter_Module\DIETER_PROSUMOD_MCP\report.gms
    Unknown symbol
--- report.gms(116) 3 Mb 61 Errors
*** Error 140 in C:\Users\cguenther\Documents\GitHub\prosumage\Code\Prosumage_Opt\Dieter_Module\DIETER_PROSUMOD_MCP\report.gms
    Unknown symbol
*** Error 140 in C:\Users\cguenther\Documents\GitHub\prosumage\Code\Prosumage_Opt\Dieter_Module\DIETER_PROSUMOD_MCP\report.gms
    Unknown symbol
--- report.gms(117) 3 Mb 63 Errors
*** Error 140 in C:\Users\cguenther\Documents\GitHub\prosumage\Code\Prosumage_Opt\Dieter_Module\DIETER_PROSUMOD_MCP\report.gms
    Unknown symbol
*** Error 140 in C:\Users\cguenther\Documents\GitHub\prosumage\Code\Prosumage_Opt\Dieter_Module\DIETER_PROSUMOD_MCP\report.gms
    Unknown symbol
--- report.gms(118) 3 Mb 65 Errors
*** Error 140 in C:\Users\cguenther\Documents\GitHub\prosumage\Code\Prosumage_Opt\Dieter_Module\DIETER_PROSUMOD_MCP\report.gms
    Unknown symbol
*** Error 140 in C:\Users\cguenther\Documents\GitHub\prosumage\Code\Prosumage_Opt\Dieter_Module\DIETER_PROSUMOD_MCP\report.gms
    Unknown symbol
--- report.gms(119) 3 Mb 67 Errors
*** Error 140 in C:\Users\cguenther\Documents\GitHub\prosumage\Code\Prosumage_Opt\Dieter_Module\DIETER_PROSUMOD_MCP\report.gms
    Unknown symbol
*** Error 140 in C:\Users\cguenther\Documents\GitHub\prosumage\Code\Prosumage_Opt\Dieter_Module\DIETER_PROSUMOD_MCP\report.gms
    Unknown symbol
--- report.gms(120) 3 Mb 69 Errors
*** Error 140 in C:\Users\cguenther\Documents\GitHub\prosumage\Code\Prosumage_Opt\Dieter_Module\DIETER_PROSUMOD_MCP\report.gms
    Unknown symbol
*** Error 140 in C:\Users\cguenther\Documents\GitHub\prosumage\Code\Prosumage_Opt\Dieter_Module\DIETER_PROSUMOD_MCP\report.gms
    Unknown symbol
--- report.gms(121) 3 Mb 71 Errors
*** Error 140 in C:\Users\cguenther\Documents\GitHub\prosumage\Code\Prosumage_Opt\Dieter_Module\DIETER_PROSUMOD_MCP\report.gms
    Unknown symbol
*** Error 140 in C:\Users\cguenther\Documents\GitHub\prosumage\Code\Prosumage_Opt\Dieter_Module\DIETER_PROSUMOD_MCP\report.gms
    Unknown symbol
--- report.gms(122) 3 Mb 72 Errors
*** Error 140 in C:\Users\cguenther\Documents\GitHub\prosumage\Code\Prosumage_Opt\Dieter_Module\DIETER_PROSUMOD_MCP\report.gms
    Unknown symbol
--- report.gms(123) 3 Mb 74 Errors
*** Error 140 in C:\Users\cguenther\Documents\GitHub\prosumage\Code\Prosumage_Opt\Dieter_Module\DIETER_PROSUMOD_MCP\report.gms
    Unknown symbol
*** Error 140 in C:\Users\cguenther\Documents\GitHub\prosumage\Code\Prosumage_Opt\Dieter_Module\DIETER_PROSUMOD_MCP\report.gms
    Unknown symbol
--- report.gms(128) 3 Mb 75 Errors
*** Error 409 in C:\Users\cguenther\Documents\GitHub\prosumage\Code\Prosumage_Opt\Dieter_Module\DIETER_PROSUMOD_MCP\report.gms
    Unrecognizable item - skip to find a new statement
      looking for a ';' or a key word to get started again
--- report.gms(130) 3 Mb 76 Errors
*** Error 140 in C:\Users\cguenther\Documents\GitHub\prosumage\Code\Prosumage_Opt\Dieter_Module\DIETER_PROSUMOD_MCP\report.gms
    Unknown symbol
--- report.gms(135) 3 Mb 78 Errors
*** Error 120 in C:\Users\cguenther\Documents\GitHub\prosumage\Code\Prosumage_Opt\Dieter_Module\DIETER_PROSUMOD_MCP\report.gms
    Unknown identifier entered as set
*** Error 140 in C:\Users\cguenther\Documents\GitHub\prosumage\Code\Prosumage_Opt\Dieter_Module\DIETER_PROSUMOD_MCP\report.gms
    Unknown symbol
--- report.gms(136) 3 Mb 79 Errors
*** Error 140 in C:\Users\cguenther\Documents\GitHub\prosumage\Code\Prosumage_Opt\Dieter_Module\DIETER_PROSUMOD_MCP\report.gms
    Unknown symbol
--- report.gms(137) 3 Mb 80 Errors
*** Error 140 in C:\Users\cguenther\Documents\GitHub\prosumage\Code\Prosumage_Opt\Dieter_Module\DIETER_PROSUMOD_MCP\report.gms
    Unknown symbol
--- report.gms(138) 3 Mb 82 Errors
*** Error 120 in C:\Users\cguenther\Documents\GitHub\prosumage\Code\Prosumage_Opt\Dieter_Module\DIETER_PROSUMOD_MCP\report.gms
    Unknown identifier entered as set
*** Error 140 in C:\Users\cguenther\Documents\GitHub\prosumage\Code\Prosumage_Opt\Dieter_Module\DIETER_PROSUMOD_MCP\report.gms
    Unknown symbol
--- report.gms(139) 3 Mb 83 Errors
*** Error 140 in C:\Users\cguenther\Documents\GitHub\prosumage\Code\Prosumage_Opt\Dieter_Module\DIETER_PROSUMOD_MCP\report.gms
    Unknown symbol
--- report.gms(140) 3 Mb 84 Errors
*** Error 409 in C:\Users\cguenther\Documents\GitHub\prosumage\Code\Prosumage_Opt\Dieter_Module\DIETER_PROSUMOD_MCP\report.gms
    Unrecognizable item - skip to find a new statement
      looking for a ';' or a key word to get started again
--- report.gms(153) 3 Mb 85 Errors
*** Error 409 in C:\Users\cguenther\Documents\GitHub\prosumage\Code\Prosumage_Opt\Dieter_Module\DIETER_PROSUMOD_MCP\report.gms
    Unrecognizable item - skip to find a new statement
      looking for a ';' or a key word to get started again
--- report.gms(172) 3 Mb 86 Errors
*** Error 409 in C:\Users\cguenther\Documents\GitHub\prosumage\Code\Prosumage_Opt\Dieter_Module\DIETER_PROSUMOD_MCP\report.gms
    Unrecognizable item - skip to find a new statement
      looking for a ';' or a key word to get started again
--- report.gms(174) 3 Mb 87 Errors
*** Error 141 in C:\Users\cguenther\Documents\GitHub\prosumage\Code\Prosumage_Opt\Dieter_Module\DIETER_PROSUMOD_MCP\report.gms
    Symbol declared but no values have been assigned. Check for missing
       data definition, assignment, data loading or implicit assignment
       via a solve statement.
       A wild shot: You may have spurious commas in the explanatory
       text of a declaration. Check symbol reference list.
--- report.gms(216) 3 Mb 88 Errors
*** Error 409 in C:\Users\cguenther\Documents\GitHub\prosumage\Code\Prosumage_Opt\Dieter_Module\DIETER_PROSUMOD_MCP\report.gms
    Unrecognizable item - skip to find a new statement
      looking for a ';' or a key word to get started again
--- report.gms(218) 3 Mb 89 Errors
*** Error 120 in C:\Users\cguenther\Documents\GitHub\prosumage\Code\Prosumage_Opt\Dieter_Module\DIETER_PROSUMOD_MCP\report.gms
    Unknown identifier entered as set
--- report.gms(227) 3 Mb 90 Errors
*** Error 140 in C:\Users\cguenther\Documents\GitHub\prosumage\Code\Prosumage_Opt\Dieter_Module\DIETER_PROSUMOD_MCP\report.gms
    Unknown symbol
--- report.gms(228) 3 Mb 92 Errors
*** Error   8 in C:\Users\cguenther\Documents\GitHub\prosumage\Code\Prosumage_Opt\Dieter_Module\DIETER_PROSUMOD_MCP\report.gms
    ')' expected
*** Error 409 in C:\Users\cguenther\Documents\GitHub\prosumage\Code\Prosumage_Opt\Dieter_Module\DIETER_PROSUMOD_MCP\report.gms
    Unrecognizable item - skip to find a new statement
      looking for a ';' or a key word to get started again
--- report.gms(243) 3 Mb 97 Errors
*** Error 120 in C:\Users\cguenther\Documents\GitHub\prosumage\Code\Prosumage_Opt\Dieter_Module\DIETER_PROSUMOD_MCP\report.gms
    Unknown identifier entered as set
*** Error 340 in C:\Users\cguenther\Documents\GitHub\prosumage\Code\Prosumage_Opt\Dieter_Module\DIETER_PROSUMOD_MCP\report.gms
    A label/element with the same name exist. You may have forgotten
       to quote a label/element reference. For example,
       set i / a,b,c /; parameter x(i); x('a') = 10;
*** Error 120 in C:\Users\cguenther\Documents\GitHub\prosumage\Code\Prosumage_Opt\Dieter_Module\DIETER_PROSUMOD_MCP\report.gms
    Unknown identifier entered as set
*** Error 340 in C:\Users\cguenther\Documents\GitHub\prosumage\Code\Prosumage_Opt\Dieter_Module\DIETER_PROSUMOD_MCP\report.gms
    A label/element with the same name exist. You may have forgotten
       to quote a label/element reference. For example,
       set i / a,b,c /; parameter x(i); x('a') = 10;
*** Error 140 in C:\Users\cguenther\Documents\GitHub\prosumage\Code\Prosumage_Opt\Dieter_Module\DIETER_PROSUMOD_MCP\report.gms
    Unknown symbol
--- report.gms(246) 3 Mb 101 Errors
*** Error 119 in C:\Users\cguenther\Documents\GitHub\prosumage\Code\Prosumage_Opt\Dieter_Module\DIETER_PROSUMOD_MCP\report.gms
    Number (primary) expected
*** Error 140 in C:\Users\cguenther\Documents\GitHub\prosumage\Code\Prosumage_Opt\Dieter_Module\DIETER_PROSUMOD_MCP\report.gms
    Unknown symbol
*** Error   8 in C:\Users\cguenther\Documents\GitHub\prosumage\Code\Prosumage_Opt\Dieter_Module\DIETER_PROSUMOD_MCP\report.gms
    ')' expected
*** Error 409 in C:\Users\cguenther\Documents\GitHub\prosumage\Code\Prosumage_Opt\Dieter_Module\DIETER_PROSUMOD_MCP\report.gms
    Unrecognizable item - skip to find a new statement
      looking for a ';' or a key word to get started again
--- report.gms(253) 3 Mb 102 Errors
*** Error 140 in C:\Users\cguenther\Documents\GitHub\prosumage\Code\Prosumage_Opt\Dieter_Module\DIETER_PROSUMOD_MCP\report.gms
    Unknown symbol
--- report.gms(272) 3 Mb 104 Errors
*** Error 120 in C:\Users\cguenther\Documents\GitHub\prosumage\Code\Prosumage_Opt\Dieter_Module\DIETER_PROSUMOD_MCP\report.gms
    Unknown identifier entered as set
*** Error 340 in C:\Users\cguenther\Documents\GitHub\prosumage\Code\Prosumage_Opt\Dieter_Module\DIETER_PROSUMOD_MCP\report.gms
    A label/element with the same name exist. You may have forgotten
       to quote a label/element reference. For example,
       set i / a,b,c /; parameter x(i); x('a') = 10;
--- report.gms(278) 3 Mb 105 Errors
*** Error 140 in C:\Users\cguenther\Documents\GitHub\prosumage\Code\Prosumage_Opt\Dieter_Module\DIETER_PROSUMOD_MCP\report.gms
    Unknown symbol
--- report.gms(304) 3 Mb 107 Errors
*** Error 119 in C:\Users\cguenther\Documents\GitHub\prosumage\Code\Prosumage_Opt\Dieter_Module\DIETER_PROSUMOD_MCP\report.gms
    Number (primary) expected
*** Error 409 in C:\Users\cguenther\Documents\GitHub\prosumage\Code\Prosumage_Opt\Dieter_Module\DIETER_PROSUMOD_MCP\report.gms
    Unrecognizable item - skip to find a new statement
      looking for a ';' or a key word to get started again
--- report.gms(308) 3 Mb 108 Errors
*** Error 140 in C:\Users\cguenther\Documents\GitHub\prosumage\Code\Prosumage_Opt\Dieter_Module\DIETER_PROSUMOD_MCP\report.gms
    Unknown symbol
--- report.gms(326) 3 Mb 110 Errors
*** Error 119 in C:\Users\cguenther\Documents\GitHub\prosumage\Code\Prosumage_Opt\Dieter_Module\DIETER_PROSUMOD_MCP\report.gms
    Number (primary) expected
*** Error 409 in C:\Users\cguenther\Documents\GitHub\prosumage\Code\Prosumage_Opt\Dieter_Module\DIETER_PROSUMOD_MCP\report.gms
    Unrecognizable item - skip to find a new statement
      looking for a ';' or a key word to get started again
--- report.gms(327) 3 Mb 112 Errors
*** Error 119 in C:\Users\cguenther\Documents\GitHub\prosumage\Code\Prosumage_Opt\Dieter_Module\DIETER_PROSUMOD_MCP\report.gms
    Number (primary) expected
*** Error 409 in C:\Users\cguenther\Documents\GitHub\prosumage\Code\Prosumage_Opt\Dieter_Module\DIETER_PROSUMOD_MCP\report.gms
    Unrecognizable item - skip to find a new statement
      looking for a ';' or a key word to get started again
--- report.gms(328) 3 Mb 116 Errors
*** Error 140 in C:\Users\cguenther\Documents\GitHub\prosumage\Code\Prosumage_Opt\Dieter_Module\DIETER_PROSUMOD_MCP\report.gms
    Unknown symbol
*** Error 116 in C:\Users\cguenther\Documents\GitHub\prosumage\Code\Prosumage_Opt\Dieter_Module\DIETER_PROSUMOD_MCP\report.gms
    Label is unknown
*** Error 119 in C:\Users\cguenther\Documents\GitHub\prosumage\Code\Prosumage_Opt\Dieter_Module\DIETER_PROSUMOD_MCP\report.gms
    Number (primary) expected
*** Error 409 in C:\Users\cguenther\Documents\GitHub\prosumage\Code\Prosumage_Opt\Dieter_Module\DIETER_PROSUMOD_MCP\report.gms
    Unrecognizable item - skip to find a new statement
      looking for a ';' or a key word to get started again
--- report.gms(335) 3 Mb 120 Errors
*** Error 119 in C:\Users\cguenther\Documents\GitHub\prosumage\Code\Prosumage_Opt\Dieter_Module\DIETER_PROSUMOD_MCP\report.gms
    Number (primary) expected
*** Error   8 in C:\Users\cguenther\Documents\GitHub\prosumage\Code\Prosumage_Opt\Dieter_Module\DIETER_PROSUMOD_MCP\report.gms
    ')' expected
*** Error  36 in C:\Users\cguenther\Documents\GitHub\prosumage\Code\Prosumage_Opt\Dieter_Module\DIETER_PROSUMOD_MCP\report.gms
    '=' or '..' or ':=' or '$=' operator expected
    rest of statement ignored
*** Error 409 in C:\Users\cguenther\Documents\GitHub\prosumage\Code\Prosumage_Opt\Dieter_Module\DIETER_PROSUMOD_MCP\report.gms
    Unrecognizable item - skip to find a new statement
      looking for a ';' or a key word to get started again
--- report.gms(337) 3 Mb 124 Errors
*** Error 119 in C:\Users\cguenther\Documents\GitHub\prosumage\Code\Prosumage_Opt\Dieter_Module\DIETER_PROSUMOD_MCP\report.gms
    Number (primary) expected
*** Error   8 in C:\Users\cguenther\Documents\GitHub\prosumage\Code\Prosumage_Opt\Dieter_Module\DIETER_PROSUMOD_MCP\report.gms
    ')' expected
*** Error  36 in C:\Users\cguenther\Documents\GitHub\prosumage\Code\Prosumage_Opt\Dieter_Module\DIETER_PROSUMOD_MCP\report.gms
    '=' or '..' or ':=' or '$=' operator expected
    rest of statement ignored
*** Error 409 in C:\Users\cguenther\Documents\GitHub\prosumage\Code\Prosumage_Opt\Dieter_Module\DIETER_PROSUMOD_MCP\report.gms
    Unrecognizable item - skip to find a new statement
      looking for a ';' or a key word to get started again
--- report.gms(359) 3 Mb 129 Errors
*** Error 140 in C:\Users\cguenther\Documents\GitHub\prosumage\Code\Prosumage_Opt\Dieter_Module\DIETER_PROSUMOD_MCP\report.gms
    Unknown symbol
*** Error 140 in C:\Users\cguenther\Documents\GitHub\prosumage\Code\Prosumage_Opt\Dieter_Module\DIETER_PROSUMOD_MCP\report.gms
    Unknown symbol
*** Error 140 in C:\Users\cguenther\Documents\GitHub\prosumage\Code\Prosumage_Opt\Dieter_Module\DIETER_PROSUMOD_MCP\report.gms
    Unknown symbol
*** Error 140 in C:\Users\cguenther\Documents\GitHub\prosumage\Code\Prosumage_Opt\Dieter_Module\DIETER_PROSUMOD_MCP\report.gms
    Unknown symbol
*** Error 140 in C:\Users\cguenther\Documents\GitHub\prosumage\Code\Prosumage_Opt\Dieter_Module\DIETER_PROSUMOD_MCP\report.gms
    Unknown symbol
--- report.gms(362) 3 Mb 131 Errors
*** Error   8 in C:\Users\cguenther\Documents\GitHub\prosumage\Code\Prosumage_Opt\Dieter_Module\DIETER_PROSUMOD_MCP\report.gms
    ')' expected
*** Error 409 in C:\Users\cguenther\Documents\GitHub\prosumage\Code\Prosumage_Opt\Dieter_Module\DIETER_PROSUMOD_MCP\report.gms
    Unrecognizable item - skip to find a new statement
      looking for a ';' or a key word to get started again
--- report.gms(396) 3 Mb 133 Errors
*** Error 119 in C:\Users\cguenther\Documents\GitHub\prosumage\Code\Prosumage_Opt\Dieter_Module\DIETER_PROSUMOD_MCP\report.gms
    Number (primary) expected
*** Error 409 in C:\Users\cguenther\Documents\GitHub\prosumage\Code\Prosumage_Opt\Dieter_Module\DIETER_PROSUMOD_MCP\report.gms
    Unrecognizable item - skip to find a new statement
      looking for a ';' or a key word to get started again
--- report.gms(411) 3 Mb 135 Errors
*** Error 119 in C:\Users\cguenther\Documents\GitHub\prosumage\Code\Prosumage_Opt\Dieter_Module\DIETER_PROSUMOD_MCP\report.gms
    Number (primary) expected
*** Error 409 in C:\Users\cguenther\Documents\GitHub\prosumage\Code\Prosumage_Opt\Dieter_Module\DIETER_PROSUMOD_MCP\report.gms
    Unrecognizable item - skip to find a new statement
      looking for a ';' or a key word to get started again
--- report.gms(414) 3 Mb 137 Errors
*** Error 119 in C:\Users\cguenther\Documents\GitHub\prosumage\Code\Prosumage_Opt\Dieter_Module\DIETER_PROSUMOD_MCP\report.gms
    Number (primary) expected
*** Error 409 in C:\Users\cguenther\Documents\GitHub\prosumage\Code\Prosumage_Opt\Dieter_Module\DIETER_PROSUMOD_MCP\report.gms
    Unrecognizable item - skip to find a new statement
      looking for a ';' or a key word to get started again
--- report.gms(415) 3 Mb 139 Errors
*** Error 119 in C:\Users\cguenther\Documents\GitHub\prosumage\Code\Prosumage_Opt\Dieter_Module\DIETER_PROSUMOD_MCP\report.gms
    Number (primary) expected
*** Error 409 in C:\Users\cguenther\Documents\GitHub\prosumage\Code\Prosumage_Opt\Dieter_Module\DIETER_PROSUMOD_MCP\report.gms
    Unrecognizable item - skip to find a new statement
      looking for a ';' or a key word to get started again
--- report.gms(435) 3 Mb 143 Errors
*** Error 119 in C:\Users\cguenther\Documents\GitHub\prosumage\Code\Prosumage_Opt\Dieter_Module\DIETER_PROSUMOD_MCP\report.gms
    Number (primary) expected
*** Error   8 in C:\Users\cguenther\Documents\GitHub\prosumage\Code\Prosumage_Opt\Dieter_Module\DIETER_PROSUMOD_MCP\report.gms
    ')' expected
*** Error  36 in C:\Users\cguenther\Documents\GitHub\prosumage\Code\Prosumage_Opt\Dieter_Module\DIETER_PROSUMOD_MCP\report.gms
    '=' or '..' or ':=' or '$=' operator expected
    rest of statement ignored
*** Error 409 in C:\Users\cguenther\Documents\GitHub\prosumage\Code\Prosumage_Opt\Dieter_Module\DIETER_PROSUMOD_MCP\report.gms
    Unrecognizable item - skip to find a new statement
      looking for a ';' or a key word to get started again
--- report.gms(445) 3 Mb 147 Errors
*** Error 119 in C:\Users\cguenther\Documents\GitHub\prosumage\Code\Prosumage_Opt\Dieter_Module\DIETER_PROSUMOD_MCP\report.gms
    Number (primary) expected
*** Error   8 in C:\Users\cguenther\Documents\GitHub\prosumage\Code\Prosumage_Opt\Dieter_Module\DIETER_PROSUMOD_MCP\report.gms
    ')' expected
*** Error  36 in C:\Users\cguenther\Documents\GitHub\prosumage\Code\Prosumage_Opt\Dieter_Module\DIETER_PROSUMOD_MCP\report.gms
    '=' or '..' or ':=' or '$=' operator expected
    rest of statement ignored
*** Error 409 in C:\Users\cguenther\Documents\GitHub\prosumage\Code\Prosumage_Opt\Dieter_Module\DIETER_PROSUMOD_MCP\report.gms
    Unrecognizable item - skip to find a new statement
      looking for a ';' or a key word to get started again
--- report.gms(446) 3 Mb 151 Errors
*** Error 119 in C:\Users\cguenther\Documents\GitHub\prosumage\Code\Prosumage_Opt\Dieter_Module\DIETER_PROSUMOD_MCP\report.gms
    Number (primary) expected
*** Error   8 in C:\Users\cguenther\Documents\GitHub\prosumage\Code\Prosumage_Opt\Dieter_Module\DIETER_PROSUMOD_MCP\report.gms
    ')' expected
*** Error  36 in C:\Users\cguenther\Documents\GitHub\prosumage\Code\Prosumage_Opt\Dieter_Module\DIETER_PROSUMOD_MCP\report.gms
    '=' or '..' or ':=' or '$=' operator expected
    rest of statement ignored
*** Error 409 in C:\Users\cguenther\Documents\GitHub\prosumage\Code\Prosumage_Opt\Dieter_Module\DIETER_PROSUMOD_MCP\report.gms
    Unrecognizable item - skip to find a new statement
      looking for a ';' or a key word to get started again
--- report.gms(477) 3 Mb 153 Errors
*** Error 119 in C:\Users\cguenther\Documents\GitHub\prosumage\Code\Prosumage_Opt\Dieter_Module\DIETER_PROSUMOD_MCP\report.gms
    Number (primary) expected
*** Error 409 in C:\Users\cguenther\Documents\GitHub\prosumage\Code\Prosumage_Opt\Dieter_Module\DIETER_PROSUMOD_MCP\report.gms
    Unrecognizable item - skip to find a new statement
      looking for a ';' or a key word to get started again
--- report.gms(478) 3 Mb 155 Errors
*** Error 119 in C:\Users\cguenther\Documents\GitHub\prosumage\Code\Prosumage_Opt\Dieter_Module\DIETER_PROSUMOD_MCP\report.gms
    Number (primary) expected
*** Error 409 in C:\Users\cguenther\Documents\GitHub\prosumage\Code\Prosumage_Opt\Dieter_Module\DIETER_PROSUMOD_MCP\report.gms
    Unrecognizable item - skip to find a new statement
      looking for a ';' or a key word to get started again
--- report.gms(480) 3 Mb 157 Errors
*** Error 119 in C:\Users\cguenther\Documents\GitHub\prosumage\Code\Prosumage_Opt\Dieter_Module\DIETER_PROSUMOD_MCP\report.gms
    Number (primary) expected
*** Error 409 in C:\Users\cguenther\Documents\GitHub\prosumage\Code\Prosumage_Opt\Dieter_Module\DIETER_PROSUMOD_MCP\report.gms
    Unrecognizable item - skip to find a new statement
      looking for a ';' or a key word to get started again
--- report.gms(482) 3 Mb 159 Errors
*** Error 119 in C:\Users\cguenther\Documents\GitHub\prosumage\Code\Prosumage_Opt\Dieter_Module\DIETER_PROSUMOD_MCP\report.gms
    Number (primary) expected
*** Error 409 in C:\Users\cguenther\Documents\GitHub\prosumage\Code\Prosumage_Opt\Dieter_Module\DIETER_PROSUMOD_MCP\report.gms
    Unrecognizable item - skip to find a new statement
      looking for a ';' or a key word to get started again
--- report.gms(530) 3 Mb 160 Errors
*** Error 409 in C:\Users\cguenther\Documents\GitHub\prosumage\Code\Prosumage_Opt\Dieter_Module\DIETER_PROSUMOD_MCP\report.gms
    Unrecognizable item - skip to find a new statement
      looking for a ';' or a key word to get started again
--- report.gms(532) 3 Mb 161 Errors
*** Error 140 in C:\Users\cguenther\Documents\GitHub\prosumage\Code\Prosumage_Opt\Dieter_Module\DIETER_PROSUMOD_MCP\report.gms
    Unknown symbol
--- report.gms(572) 3 Mb 163 Errors
*** Error 119 in C:\Users\cguenther\Documents\GitHub\prosumage\Code\Prosumage_Opt\Dieter_Module\DIETER_PROSUMOD_MCP\report.gms
    Number (primary) expected
*** Error 409 in C:\Users\cguenther\Documents\GitHub\prosumage\Code\Prosumage_Opt\Dieter_Module\DIETER_PROSUMOD_MCP\report.gms
    Unrecognizable item - skip to find a new statement
      looking for a ';' or a key word to get started again
--- report.gms(589) 3 Mb 165 Errors
*** Error 119 in C:\Users\cguenther\Documents\GitHub\prosumage\Code\Prosumage_Opt\Dieter_Module\DIETER_PROSUMOD_MCP\report.gms
    Number (primary) expected
*** Error 409 in C:\Users\cguenther\Documents\GitHub\prosumage\Code\Prosumage_Opt\Dieter_Module\DIETER_PROSUMOD_MCP\report.gms
    Unrecognizable item - skip to find a new statement
      looking for a ';' or a key word to get started again
--- report.gms(604) 3 Mb 167 Errors
*** Error 119 in C:\Users\cguenther\Documents\GitHub\prosumage\Code\Prosumage_Opt\Dieter_Module\DIETER_PROSUMOD_MCP\report.gms
    Number (primary) expected
*** Error 409 in C:\Users\cguenther\Documents\GitHub\prosumage\Code\Prosumage_Opt\Dieter_Module\DIETER_PROSUMOD_MCP\report.gms
    Unrecognizable item - skip to find a new statement
      looking for a ';' or a key word to get started again
--- report.gms(605) 3 Mb 171 Errors
*** Error 119 in C:\Users\cguenther\Documents\GitHub\prosumage\Code\Prosumage_Opt\Dieter_Module\DIETER_PROSUMOD_MCP\report.gms
    Number (primary) expected
*** Error   8 in C:\Users\cguenther\Documents\GitHub\prosumage\Code\Prosumage_Opt\Dieter_Module\DIETER_PROSUMOD_MCP\report.gms
    ')' expected
*** Error  36 in C:\Users\cguenther\Documents\GitHub\prosumage\Code\Prosumage_Opt\Dieter_Module\DIETER_PROSUMOD_MCP\report.gms
    '=' or '..' or ':=' or '$=' operator expected
    rest of statement ignored
*** Error 409 in C:\Users\cguenther\Documents\GitHub\prosumage\Code\Prosumage_Opt\Dieter_Module\DIETER_PROSUMOD_MCP\report.gms
    Unrecognizable item - skip to find a new statement
      looking for a ';' or a key word to get started again
--- report.gms(611) 3 Mb 173 Errors
*** Error 119 in C:\Users\cguenther\Documents\GitHub\prosumage\Code\Prosumage_Opt\Dieter_Module\DIETER_PROSUMOD_MCP\report.gms
    Number (primary) expected
*** Error 409 in C:\Users\cguenther\Documents\GitHub\prosumage\Code\Prosumage_Opt\Dieter_Module\DIETER_PROSUMOD_MCP\report.gms
    Unrecognizable item - skip to find a new statement
      looking for a ';' or a key word to get started again
--- report.gms(612) 3 Mb 175 Errors
*** Error 119 in C:\Users\cguenther\Documents\GitHub\prosumage\Code\Prosumage_Opt\Dieter_Module\DIETER_PROSUMOD_MCP\report.gms
    Number (primary) expected
*** Error 409 in C:\Users\cguenther\Documents\GitHub\prosumage\Code\Prosumage_Opt\Dieter_Module\DIETER_PROSUMOD_MCP\report.gms
    Unrecognizable item - skip to find a new statement
      looking for a ';' or a key word to get started again
--- report.gms(615) 3 Mb 177 Errors
*** Error 119 in C:\Users\cguenther\Documents\GitHub\prosumage\Code\Prosumage_Opt\Dieter_Module\DIETER_PROSUMOD_MCP\report.gms
    Number (primary) expected
*** Error 409 in C:\Users\cguenther\Documents\GitHub\prosumage\Code\Prosumage_Opt\Dieter_Module\DIETER_PROSUMOD_MCP\report.gms
    Unrecognizable item - skip to find a new statement
      looking for a ';' or a key word to get started again
--- report.gms(616) 3 Mb 179 Errors
*** Error 119 in C:\Users\cguenther\Documents\GitHub\prosumage\Code\Prosumage_Opt\Dieter_Module\DIETER_PROSUMOD_MCP\report.gms
    Number (primary) expected
*** Error 409 in C:\Users\cguenther\Documents\GitHub\prosumage\Code\Prosumage_Opt\Dieter_Module\DIETER_PROSUMOD_MCP\report.gms
    Unrecognizable item - skip to find a new statement
      looking for a ';' or a key word to get started again
--- report.gms(620) 3 Mb 181 Errors
*** Error 119 in C:\Users\cguenther\Documents\GitHub\prosumage\Code\Prosumage_Opt\Dieter_Module\DIETER_PROSUMOD_MCP\report.gms
    Number (primary) expected
*** Error 409 in C:\Users\cguenther\Documents\GitHub\prosumage\Code\Prosumage_Opt\Dieter_Module\DIETER_PROSUMOD_MCP\report.gms
    Unrecognizable item - skip to find a new statement
      looking for a ';' or a key word to get started again
--- report.gms(621) 3 Mb 185 Errors
*** Error 119 in C:\Users\cguenther\Documents\GitHub\prosumage\Code\Prosumage_Opt\Dieter_Module\DIETER_PROSUMOD_MCP\report.gms
    Number (primary) expected
*** Error   8 in C:\Users\cguenther\Documents\GitHub\prosumage\Code\Prosumage_Opt\Dieter_Module\DIETER_PROSUMOD_MCP\report.gms
    ')' expected
*** Error  36 in C:\Users\cguenther\Documents\GitHub\prosumage\Code\Prosumage_Opt\Dieter_Module\DIETER_PROSUMOD_MCP\report.gms
    '=' or '..' or ':=' or '$=' operator expected
    rest of statement ignored
*** Error 409 in C:\Users\cguenther\Documents\GitHub\prosumage\Code\Prosumage_Opt\Dieter_Module\DIETER_PROSUMOD_MCP\report.gms
    Unrecognizable item - skip to find a new statement
      looking for a ';' or a key word to get started again
--- report.gms(623) 3 Mb 186 Errors
*** Error 141 in C:\Users\cguenther\Documents\GitHub\prosumage\Code\Prosumage_Opt\Dieter_Module\DIETER_PROSUMOD_MCP\report.gms
    Symbol declared but no values have been assigned. Check for missing
       data definition, assignment, data loading or implicit assignment
       via a solve statement.
       A wild shot: You may have spurious commas in the explanatory
       text of a declaration. Check symbol reference list.
--- report.gms(628) 3 Mb 188 Errors
*** Error 119 in C:\Users\cguenther\Documents\GitHub\prosumage\Code\Prosumage_Opt\Dieter_Module\DIETER_PROSUMOD_MCP\report.gms
    Number (primary) expected
*** Error 409 in C:\Users\cguenther\Documents\GitHub\prosumage\Code\Prosumage_Opt\Dieter_Module\DIETER_PROSUMOD_MCP\report.gms
    Unrecognizable item - skip to find a new statement
      looking for a ';' or a key word to get started again
--- report.gms(641) 3 Mb 190 Errors
*** Error 119 in C:\Users\cguenther\Documents\GitHub\prosumage\Code\Prosumage_Opt\Dieter_Module\DIETER_PROSUMOD_MCP\report.gms
    Number (primary) expected
*** Error 409 in C:\Users\cguenther\Documents\GitHub\prosumage\Code\Prosumage_Opt\Dieter_Module\DIETER_PROSUMOD_MCP\report.gms
    Unrecognizable item - skip to find a new statement
      looking for a ';' or a key word to get started again
--- report.gms(651) 3 Mb 192 Errors
*** Error 119 in C:\Users\cguenther\Documents\GitHub\prosumage\Code\Prosumage_Opt\Dieter_Module\DIETER_PROSUMOD_MCP\report.gms
    Number (primary) expected
*** Error 409 in C:\Users\cguenther\Documents\GitHub\prosumage\Code\Prosumage_Opt\Dieter_Module\DIETER_PROSUMOD_MCP\report.gms
    Unrecognizable item - skip to find a new statement
      looking for a ';' or a key word to get started again
--- report.gms(666) 3 Mb 194 Errors
*** Error 119 in C:\Users\cguenther\Documents\GitHub\prosumage\Code\Prosumage_Opt\Dieter_Module\DIETER_PROSUMOD_MCP\report.gms
    Number (primary) expected
*** Error 409 in C:\Users\cguenther\Documents\GitHub\prosumage\Code\Prosumage_Opt\Dieter_Module\DIETER_PROSUMOD_MCP\report.gms
    Unrecognizable item - skip to find a new statement
      looking for a ';' or a key word to get started again
--- report.gms(667) 3 Mb 196 Errors
*** Error 119 in C:\Users\cguenther\Documents\GitHub\prosumage\Code\Prosumage_Opt\Dieter_Module\DIETER_PROSUMOD_MCP\report.gms
    Number (primary) expected
*** Error 409 in C:\Users\cguenther\Documents\GitHub\prosumage\Code\Prosumage_Opt\Dieter_Module\DIETER_PROSUMOD_MCP\report.gms
    Unrecognizable item - skip to find a new statement
      looking for a ';' or a key word to get started again
--- report.gms(669) 3 Mb 198 Errors
*** Error 119 in C:\Users\cguenther\Documents\GitHub\prosumage\Code\Prosumage_Opt\Dieter_Module\DIETER_PROSUMOD_MCP\report.gms
    Number (primary) expected
*** Error 409 in C:\Users\cguenther\Documents\GitHub\prosumage\Code\Prosumage_Opt\Dieter_Module\DIETER_PROSUMOD_MCP\report.gms
    Unrecognizable item - skip to find a new statement
      looking for a ';' or a key word to get started again
--- report.gms(795) 3 Mb 200 Errors
*** Error 120 in C:\Users\cguenther\Documents\GitHub\prosumage\Code\Prosumage_Opt\Dieter_Module\DIETER_PROSUMOD_MCP\report.gms
    Unknown identifier entered as set
*** Error 340 in C:\Users\cguenther\Documents\GitHub\prosumage\Code\Prosumage_Opt\Dieter_Module\DIETER_PROSUMOD_MCP\report.gms
    A label/element with the same name exist. You may have forgotten
       to quote a label/element reference. For example,
       set i / a,b,c /; parameter x(i); x('a') = 10;
--- report.gms(801) 3 Mb 201 Errors
*** Error 409 in C:\Users\cguenther\Documents\GitHub\prosumage\Code\Prosumage_Opt\Dieter_Module\DIETER_PROSUMOD_MCP\report.gms
    Unrecognizable item - skip to find a new statement
      looking for a ';' or a key word to get started again
--- report.gms(811) 3 Mb 201 Errors
*** Status: Compilation error(s)
--- Job report.gms Stop 01/09/19 12:57:04 elapsed 0:00:00.518
Exit code = 2
