
--- Job MORITS_MCP_online.gms Start 10/26/18 15:43:19 24.2.3 r46072 WEX-WEI x86_64/MS Windows
GAMS 24.2.3   Copyright (C) 1987-2014 GAMS Development. All rights reserved
Licensee: Medium MUD - 10 User License                   S170316:1123AO-GEN
          Deutsches Institut fuer Wirtschaftsforschung DIW, AbteilungDC3975
          License for teaching and research at degree granting institutions
          License_Admin:_Claudia_Kemfert,_bbibra@diw.de____________________
--- Starting compilation
--- MORITS_MCP_online.gms(62) 3 Mb
--- .24h_FirstHours.gms(2) 3 Mb 211 Errors
*** Error 170 in C:\Users\cguenther\Documents\GitHub\prosumage\Code\Source_Code\Modelle\MORITS\24h_FirstHours.gms
    Domain violation for element
*** Error 170 in C:\Users\cguenther\Documents\GitHub\prosumage\Code\Source_Code\Modelle\MORITS\24h_FirstHours.gms
    Domain violation for element
*** Error 170 in C:\Users\cguenther\Documents\GitHub\prosumage\Code\Source_Code\Modelle\MORITS\24h_FirstHours.gms
    Domain violation for element
*** Error 170 in C:\Users\cguenther\Documents\GitHub\prosumage\Code\Source_Code\Modelle\MORITS\24h_FirstHours.gms
    Domain violation for element
*** Error 170 in C:\Users\cguenther\Documents\GitHub\prosumage\Code\Source_Code\Modelle\MORITS\24h_FirstHours.gms
    Domain violation for element
*** Error 170 in C:\Users\cguenther\Documents\GitHub\prosumage\Code\Source_Code\Modelle\MORITS\24h_FirstHours.gms
    Domain violation for element
*** Error 170 in C:\Users\cguenther\Documents\GitHub\prosumage\Code\Source_Code\Modelle\MORITS\24h_FirstHours.gms
    Domain violation for element
*** Error 170 in C:\Users\cguenther\Documents\GitHub\prosumage\Code\Source_Code\Modelle\MORITS\24h_FirstHours.gms
    Domain violation for element
*** Error 170 in C:\Users\cguenther\Documents\GitHub\prosumage\Code\Source_Code\Modelle\MORITS\24h_FirstHours.gms
    Domain violation for element
*** Error 300 in C:\Users\cguenther\Documents\GitHub\prosumage\Code\Source_Code\Modelle\MORITS\24h_FirstHours.gms
    Remaining errors not printed for this line
--- .24h_FirstHours.gms(4) 3 Mb
--- MORITS_MCP_online.gms(231) 3 Mb
--- GDXin=C:\Users\cguenther\Documents\GitHub\prosumage\Code\Source_Code\Modelle\MORITS\in.gdx
--- MORITS_MCP_online.gms(720) 10 Mb 212 Errors
*** Error 170 in C:\Users\cguenther\Documents\GitHub\prosumage\Code\Source_Code\Modelle\MORITS\quarter3\MORITS_MCP_online.gms
    Domain violation for element
--- MORITS_MCP_online.gms(721) 10 Mb 213 Errors
*** Error 170 in C:\Users\cguenther\Documents\GitHub\prosumage\Code\Source_Code\Modelle\MORITS\quarter3\MORITS_MCP_online.gms
    Domain violation for element
--- MORITS_MCP_online.gms(734) 10 Mb 214 Errors
*** Error 257 in C:\Users\cguenther\Documents\GitHub\prosumage\Code\Source_Code\Modelle\MORITS\quarter3\MORITS_MCP_online.gms
    Solve statement not checked because of previous errors
--- MORITS_MCP_online.gms(757) 10 Mb 215 Errors
*** Error 141 in C:\Users\cguenther\Documents\GitHub\prosumage\Code\Source_Code\Modelle\MORITS\quarter3\MORITS_MCP_online.gms
    Symbol neither initialized nor assigned
       A wild shot: You may have spurious commas in the explanatory
       text of a declaration. Check symbol reference list.
--- MORITS_MCP_online.gms(770) 10 Mb 215 Errors
*** Status: Compilation error(s)
--- Job MORITS_MCP_online.gms Stop 10/26/18 15:43:19 elapsed 0:00:00.274
Exit code = 2
