
--- Job fix.gms Start 10/24/18 11:38:39 24.2.3 r46072 WEX-WEI x86_64/MS Windows
GAMS 24.2.3   Copyright (C) 1987-2014 GAMS Development. All rights reserved
Licensee: Medium MUD - 10 User License                   S170316:1123AO-GEN
          Deutsches Institut fuer Wirtschaftsforschung DIW, AbteilungDC3975
          License for teaching and research at degree granting institutions
          License_Admin:_Claudia_Kemfert,_bbibra@diw.de____________________
--- Starting compilation
--- fix.gms(22) 2 Mb 1 Error
*** Error 409 in C:\Users\cguenther\Documents\GitHub\prosumage\Code\Prosumage_Opt\Dieter_Module\Modified_MCP\fix.gms
    Unrecognizable item - skip to find a new statement
      looking for a ';' or a key word to get started again
--- fix.gms(24) 3 Mb 7 Errors
*** Error 140 in C:\Users\cguenther\Documents\GitHub\prosumage\Code\Prosumage_Opt\Dieter_Module\Modified_MCP\fix.gms
    Unknown symbol
*** Error 120 in C:\Users\cguenther\Documents\GitHub\prosumage\Code\Prosumage_Opt\Dieter_Module\Modified_MCP\fix.gms
    Unknown identifier entered as set
*** Error 120 in C:\Users\cguenther\Documents\GitHub\prosumage\Code\Prosumage_Opt\Dieter_Module\Modified_MCP\fix.gms
    Unknown identifier entered as set
*** Error 340 in C:\Users\cguenther\Documents\GitHub\prosumage\Code\Prosumage_Opt\Dieter_Module\Modified_MCP\fix.gms
    A label/element with the same name exist. You may have forgotten
       to quote a label/element reference. For example,
       set i / a,b,c /; parameter x(i); x('a') = 10;
*** Error 140 in C:\Users\cguenther\Documents\GitHub\prosumage\Code\Prosumage_Opt\Dieter_Module\Modified_MCP\fix.gms
    Unknown symbol
*** Error 140 in C:\Users\cguenther\Documents\GitHub\prosumage\Code\Prosumage_Opt\Dieter_Module\Modified_MCP\fix.gms
    Unknown symbol
--- fix.gms(25) 3 Mb 8 Errors
*** Error 409 in C:\Users\cguenther\Documents\GitHub\prosumage\Code\Prosumage_Opt\Dieter_Module\Modified_MCP\fix.gms
    Unrecognizable item - skip to find a new statement
      looking for a ';' or a key word to get started again
--- fix.gms(31) 3 Mb 9 Errors
*** Error 409 in C:\Users\cguenther\Documents\GitHub\prosumage\Code\Prosumage_Opt\Dieter_Module\Modified_MCP\fix.gms
    Unrecognizable item - skip to find a new statement
      looking for a ';' or a key word to get started again
--- fix.gms(32) 3 Mb 10 Errors
*** Error 409 in C:\Users\cguenther\Documents\GitHub\prosumage\Code\Prosumage_Opt\Dieter_Module\Modified_MCP\fix.gms
    Unrecognizable item - skip to find a new statement
      looking for a ';' or a key word to get started again
--- fix.gms(33) 3 Mb 11 Errors
*** Error 409 in C:\Users\cguenther\Documents\GitHub\prosumage\Code\Prosumage_Opt\Dieter_Module\Modified_MCP\fix.gms
    Unrecognizable item - skip to find a new statement
      looking for a ';' or a key word to get started again
--- fix.gms(41) 3 Mb 12 Errors
*** Error 409 in C:\Users\cguenther\Documents\GitHub\prosumage\Code\Prosumage_Opt\Dieter_Module\Modified_MCP\fix.gms
    Unrecognizable item - skip to find a new statement
      looking for a ';' or a key word to get started again
--- fix.gms(44) 3 Mb 17 Errors
*** Error 140 in C:\Users\cguenther\Documents\GitHub\prosumage\Code\Prosumage_Opt\Dieter_Module\Modified_MCP\fix.gms
    Unknown symbol
*** Error 120 in C:\Users\cguenther\Documents\GitHub\prosumage\Code\Prosumage_Opt\Dieter_Module\Modified_MCP\fix.gms
    Unknown identifier entered as set
*** Error 340 in C:\Users\cguenther\Documents\GitHub\prosumage\Code\Prosumage_Opt\Dieter_Module\Modified_MCP\fix.gms
    A label/element with the same name exist. You may have forgotten
       to quote a label/element reference. For example,
       set i / a,b,c /; parameter x(i); x('a') = 10;
*** Error 120 in C:\Users\cguenther\Documents\GitHub\prosumage\Code\Prosumage_Opt\Dieter_Module\Modified_MCP\fix.gms
    Unknown identifier entered as set
*** Error 340 in C:\Users\cguenther\Documents\GitHub\prosumage\Code\Prosumage_Opt\Dieter_Module\Modified_MCP\fix.gms
    A label/element with the same name exist. You may have forgotten
       to quote a label/element reference. For example,
       set i / a,b,c /; parameter x(i); x('a') = 10;
--- fix.gms(45) 3 Mb 18 Errors
*** Error 140 in C:\Users\cguenther\Documents\GitHub\prosumage\Code\Prosumage_Opt\Dieter_Module\Modified_MCP\fix.gms
    Unknown symbol
--- fix.gms(56) 3 Mb 21 Errors
*** Error 140 in C:\Users\cguenther\Documents\GitHub\prosumage\Code\Prosumage_Opt\Dieter_Module\Modified_MCP\fix.gms
    Unknown symbol
*** Error 120 in C:\Users\cguenther\Documents\GitHub\prosumage\Code\Prosumage_Opt\Dieter_Module\Modified_MCP\fix.gms
    Unknown identifier entered as set
*** Error 340 in C:\Users\cguenther\Documents\GitHub\prosumage\Code\Prosumage_Opt\Dieter_Module\Modified_MCP\fix.gms
    A label/element with the same name exist. You may have forgotten
       to quote a label/element reference. For example,
       set i / a,b,c /; parameter x(i); x('a') = 10;
--- fix.gms(58) 3 Mb 22 Errors
*** Error 409 in C:\Users\cguenther\Documents\GitHub\prosumage\Code\Prosumage_Opt\Dieter_Module\Modified_MCP\fix.gms
    Unrecognizable item - skip to find a new statement
      looking for a ';' or a key word to get started again
--- fix.gms(61) 3 Mb 27 Errors
*** Error 140 in C:\Users\cguenther\Documents\GitHub\prosumage\Code\Prosumage_Opt\Dieter_Module\Modified_MCP\fix.gms
    Unknown symbol
*** Error 120 in C:\Users\cguenther\Documents\GitHub\prosumage\Code\Prosumage_Opt\Dieter_Module\Modified_MCP\fix.gms
    Unknown identifier entered as set
*** Error 340 in C:\Users\cguenther\Documents\GitHub\prosumage\Code\Prosumage_Opt\Dieter_Module\Modified_MCP\fix.gms
    A label/element with the same name exist. You may have forgotten
       to quote a label/element reference. For example,
       set i / a,b,c /; parameter x(i); x('a') = 10;
*** Error 120 in C:\Users\cguenther\Documents\GitHub\prosumage\Code\Prosumage_Opt\Dieter_Module\Modified_MCP\fix.gms
    Unknown identifier entered as set
*** Error 340 in C:\Users\cguenther\Documents\GitHub\prosumage\Code\Prosumage_Opt\Dieter_Module\Modified_MCP\fix.gms
    A label/element with the same name exist. You may have forgotten
       to quote a label/element reference. For example,
       set i / a,b,c /; parameter x(i); x('a') = 10;
--- fix.gms(63) 3 Mb 28 Errors
*** Error 140 in C:\Users\cguenther\Documents\GitHub\prosumage\Code\Prosumage_Opt\Dieter_Module\Modified_MCP\fix.gms
    Unknown symbol
--- fix.gms(64) 3 Mb 29 Errors
*** Error 140 in C:\Users\cguenther\Documents\GitHub\prosumage\Code\Prosumage_Opt\Dieter_Module\Modified_MCP\fix.gms
    Unknown symbol
--- fix.gms(67) 3 Mb 30 Errors
*** Error 140 in C:\Users\cguenther\Documents\GitHub\prosumage\Code\Prosumage_Opt\Dieter_Module\Modified_MCP\fix.gms
    Unknown symbol
--- fix.gms(68) 3 Mb 33 Errors
*** Error 140 in C:\Users\cguenther\Documents\GitHub\prosumage\Code\Prosumage_Opt\Dieter_Module\Modified_MCP\fix.gms
    Unknown symbol
*** Error 120 in C:\Users\cguenther\Documents\GitHub\prosumage\Code\Prosumage_Opt\Dieter_Module\Modified_MCP\fix.gms
    Unknown identifier entered as set
*** Error 340 in C:\Users\cguenther\Documents\GitHub\prosumage\Code\Prosumage_Opt\Dieter_Module\Modified_MCP\fix.gms
    A label/element with the same name exist. You may have forgotten
       to quote a label/element reference. For example,
       set i / a,b,c /; parameter x(i); x('a') = 10;
--- fix.gms(72) 3 Mb 35 Errors
*** Error 120 in C:\Users\cguenther\Documents\GitHub\prosumage\Code\Prosumage_Opt\Dieter_Module\Modified_MCP\fix.gms
    Unknown identifier entered as set
*** Error 340 in C:\Users\cguenther\Documents\GitHub\prosumage\Code\Prosumage_Opt\Dieter_Module\Modified_MCP\fix.gms
    A label/element with the same name exist. You may have forgotten
       to quote a label/element reference. For example,
       set i / a,b,c /; parameter x(i); x('a') = 10;
--- fix.gms(73) 3 Mb 37 Errors
*** Error 120 in C:\Users\cguenther\Documents\GitHub\prosumage\Code\Prosumage_Opt\Dieter_Module\Modified_MCP\fix.gms
    Unknown identifier entered as set
*** Error 340 in C:\Users\cguenther\Documents\GitHub\prosumage\Code\Prosumage_Opt\Dieter_Module\Modified_MCP\fix.gms
    A label/element with the same name exist. You may have forgotten
       to quote a label/element reference. For example,
       set i / a,b,c /; parameter x(i); x('a') = 10;
--- fix.gms(86) 3 Mb 38 Errors
*** Error 409 in C:\Users\cguenther\Documents\GitHub\prosumage\Code\Prosumage_Opt\Dieter_Module\Modified_MCP\fix.gms
    Unrecognizable item - skip to find a new statement
      looking for a ';' or a key word to get started again
--- fix.gms(89) 3 Mb 43 Errors
*** Error 140 in C:\Users\cguenther\Documents\GitHub\prosumage\Code\Prosumage_Opt\Dieter_Module\Modified_MCP\fix.gms
    Unknown symbol
*** Error 120 in C:\Users\cguenther\Documents\GitHub\prosumage\Code\Prosumage_Opt\Dieter_Module\Modified_MCP\fix.gms
    Unknown identifier entered as set
*** Error 340 in C:\Users\cguenther\Documents\GitHub\prosumage\Code\Prosumage_Opt\Dieter_Module\Modified_MCP\fix.gms
    A label/element with the same name exist. You may have forgotten
       to quote a label/element reference. For example,
       set i / a,b,c /; parameter x(i); x('a') = 10;
*** Error 120 in C:\Users\cguenther\Documents\GitHub\prosumage\Code\Prosumage_Opt\Dieter_Module\Modified_MCP\fix.gms
    Unknown identifier entered as set
*** Error 340 in C:\Users\cguenther\Documents\GitHub\prosumage\Code\Prosumage_Opt\Dieter_Module\Modified_MCP\fix.gms
    A label/element with the same name exist. You may have forgotten
       to quote a label/element reference. For example,
       set i / a,b,c /; parameter x(i); x('a') = 10;
--- fix.gms(90) 3 Mb 44 Errors
*** Error 140 in C:\Users\cguenther\Documents\GitHub\prosumage\Code\Prosumage_Opt\Dieter_Module\Modified_MCP\fix.gms
    Unknown symbol
--- fix.gms(91) 3 Mb 45 Errors
*** Error 140 in C:\Users\cguenther\Documents\GitHub\prosumage\Code\Prosumage_Opt\Dieter_Module\Modified_MCP\fix.gms
    Unknown symbol
--- fix.gms(101) 3 Mb 49 Errors
*** Error 140 in C:\Users\cguenther\Documents\GitHub\prosumage\Code\Prosumage_Opt\Dieter_Module\Modified_MCP\fix.gms
    Unknown symbol
*** Error 120 in C:\Users\cguenther\Documents\GitHub\prosumage\Code\Prosumage_Opt\Dieter_Module\Modified_MCP\fix.gms
    Unknown identifier entered as set
*** Error 340 in C:\Users\cguenther\Documents\GitHub\prosumage\Code\Prosumage_Opt\Dieter_Module\Modified_MCP\fix.gms
    A label/element with the same name exist. You may have forgotten
       to quote a label/element reference. For example,
       set i / a,b,c /; parameter x(i); x('a') = 10;
*** Error 140 in C:\Users\cguenther\Documents\GitHub\prosumage\Code\Prosumage_Opt\Dieter_Module\Modified_MCP\fix.gms
    Unknown symbol
--- fix.gms(104) 3 Mb 53 Errors
*** Error 140 in C:\Users\cguenther\Documents\GitHub\prosumage\Code\Prosumage_Opt\Dieter_Module\Modified_MCP\fix.gms
    Unknown symbol
*** Error 120 in C:\Users\cguenther\Documents\GitHub\prosumage\Code\Prosumage_Opt\Dieter_Module\Modified_MCP\fix.gms
    Unknown identifier entered as set
*** Error 340 in C:\Users\cguenther\Documents\GitHub\prosumage\Code\Prosumage_Opt\Dieter_Module\Modified_MCP\fix.gms
    A label/element with the same name exist. You may have forgotten
       to quote a label/element reference. For example,
       set i / a,b,c /; parameter x(i); x('a') = 10;
*** Error 140 in C:\Users\cguenther\Documents\GitHub\prosumage\Code\Prosumage_Opt\Dieter_Module\Modified_MCP\fix.gms
    Unknown symbol
--- fix.gms(105) 3 Mb 54 Errors
*** Error 140 in C:\Users\cguenther\Documents\GitHub\prosumage\Code\Prosumage_Opt\Dieter_Module\Modified_MCP\fix.gms
    Unknown symbol
--- fix.gms(106) 3 Mb 55 Errors
*** Error 140 in C:\Users\cguenther\Documents\GitHub\prosumage\Code\Prosumage_Opt\Dieter_Module\Modified_MCP\fix.gms
    Unknown symbol
--- fix.gms(109) 3 Mb 56 Errors
*** Error 140 in C:\Users\cguenther\Documents\GitHub\prosumage\Code\Prosumage_Opt\Dieter_Module\Modified_MCP\fix.gms
    Unknown symbol
--- fix.gms(111) 3 Mb 58 Errors
*** Error 140 in C:\Users\cguenther\Documents\GitHub\prosumage\Code\Prosumage_Opt\Dieter_Module\Modified_MCP\fix.gms
    Unknown symbol
*** Error 140 in C:\Users\cguenther\Documents\GitHub\prosumage\Code\Prosumage_Opt\Dieter_Module\Modified_MCP\fix.gms
    Unknown symbol
--- fix.gms(112) 3 Mb 60 Errors
*** Error 140 in C:\Users\cguenther\Documents\GitHub\prosumage\Code\Prosumage_Opt\Dieter_Module\Modified_MCP\fix.gms
    Unknown symbol
*** Error 140 in C:\Users\cguenther\Documents\GitHub\prosumage\Code\Prosumage_Opt\Dieter_Module\Modified_MCP\fix.gms
    Unknown symbol
--- fix.gms(114) 3 Mb 61 Errors
*** Error 140 in C:\Users\cguenther\Documents\GitHub\prosumage\Code\Prosumage_Opt\Dieter_Module\Modified_MCP\fix.gms
    Unknown symbol
--- fix.gms(115) 3 Mb 62 Errors
*** Error 140 in C:\Users\cguenther\Documents\GitHub\prosumage\Code\Prosumage_Opt\Dieter_Module\Modified_MCP\fix.gms
    Unknown symbol
--- fix.gms(118) 3 Mb 63 Errors
*** Error 409 in C:\Users\cguenther\Documents\GitHub\prosumage\Code\Prosumage_Opt\Dieter_Module\Modified_MCP\fix.gms
    Unrecognizable item - skip to find a new statement
      looking for a ';' or a key word to get started again
--- fix.gms(120) 3 Mb 69 Errors
*** Error 140 in C:\Users\cguenther\Documents\GitHub\prosumage\Code\Prosumage_Opt\Dieter_Module\Modified_MCP\fix.gms
    Unknown symbol
*** Error 120 in C:\Users\cguenther\Documents\GitHub\prosumage\Code\Prosumage_Opt\Dieter_Module\Modified_MCP\fix.gms
    Unknown identifier entered as set
*** Error 340 in C:\Users\cguenther\Documents\GitHub\prosumage\Code\Prosumage_Opt\Dieter_Module\Modified_MCP\fix.gms
    A label/element with the same name exist. You may have forgotten
       to quote a label/element reference. For example,
       set i / a,b,c /; parameter x(i); x('a') = 10;
*** Error 140 in C:\Users\cguenther\Documents\GitHub\prosumage\Code\Prosumage_Opt\Dieter_Module\Modified_MCP\fix.gms
    Unknown symbol
*** Error 116 in C:\Users\cguenther\Documents\GitHub\prosumage\Code\Prosumage_Opt\Dieter_Module\Modified_MCP\fix.gms
    Label is unknown
*** Error 140 in C:\Users\cguenther\Documents\GitHub\prosumage\Code\Prosumage_Opt\Dieter_Module\Modified_MCP\fix.gms
    Unknown symbol
--- fix.gms(121) 3 Mb 70 Errors
*** Error 140 in C:\Users\cguenther\Documents\GitHub\prosumage\Code\Prosumage_Opt\Dieter_Module\Modified_MCP\fix.gms
    Unknown symbol
--- fix.gms(122) 3 Mb 71 Errors
*** Error 140 in C:\Users\cguenther\Documents\GitHub\prosumage\Code\Prosumage_Opt\Dieter_Module\Modified_MCP\fix.gms
    Unknown symbol
--- fix.gms(123) 3 Mb 73 Errors
*** Error 140 in C:\Users\cguenther\Documents\GitHub\prosumage\Code\Prosumage_Opt\Dieter_Module\Modified_MCP\fix.gms
    Unknown symbol
*** Error 140 in C:\Users\cguenther\Documents\GitHub\prosumage\Code\Prosumage_Opt\Dieter_Module\Modified_MCP\fix.gms
    Unknown symbol
--- fix.gms(124) 3 Mb 74 Errors
*** Error 140 in C:\Users\cguenther\Documents\GitHub\prosumage\Code\Prosumage_Opt\Dieter_Module\Modified_MCP\fix.gms
    Unknown symbol
--- fix.gms(125) 3 Mb 75 Errors
*** Error 140 in C:\Users\cguenther\Documents\GitHub\prosumage\Code\Prosumage_Opt\Dieter_Module\Modified_MCP\fix.gms
    Unknown symbol
--- fix.gms(126) 3 Mb 76 Errors
*** Error 140 in C:\Users\cguenther\Documents\GitHub\prosumage\Code\Prosumage_Opt\Dieter_Module\Modified_MCP\fix.gms
    Unknown symbol
--- fix.gms(127) 3 Mb 77 Errors
*** Error 140 in C:\Users\cguenther\Documents\GitHub\prosumage\Code\Prosumage_Opt\Dieter_Module\Modified_MCP\fix.gms
    Unknown symbol
--- fix.gms(128) 3 Mb 78 Errors
*** Error 140 in C:\Users\cguenther\Documents\GitHub\prosumage\Code\Prosumage_Opt\Dieter_Module\Modified_MCP\fix.gms
    Unknown symbol
--- fix.gms(129) 3 Mb 79 Errors
*** Error 140 in C:\Users\cguenther\Documents\GitHub\prosumage\Code\Prosumage_Opt\Dieter_Module\Modified_MCP\fix.gms
    Unknown symbol
--- fix.gms(130) 3 Mb 80 Errors
*** Error 140 in C:\Users\cguenther\Documents\GitHub\prosumage\Code\Prosumage_Opt\Dieter_Module\Modified_MCP\fix.gms
    Unknown symbol
--- fix.gms(131) 3 Mb 81 Errors
*** Error 140 in C:\Users\cguenther\Documents\GitHub\prosumage\Code\Prosumage_Opt\Dieter_Module\Modified_MCP\fix.gms
    Unknown symbol
--- fix.gms(132) 3 Mb 82 Errors
*** Error 140 in C:\Users\cguenther\Documents\GitHub\prosumage\Code\Prosumage_Opt\Dieter_Module\Modified_MCP\fix.gms
    Unknown symbol
--- fix.gms(133) 3 Mb 83 Errors
*** Error 140 in C:\Users\cguenther\Documents\GitHub\prosumage\Code\Prosumage_Opt\Dieter_Module\Modified_MCP\fix.gms
    Unknown symbol
--- fix.gms(134) 3 Mb 84 Errors
*** Error 140 in C:\Users\cguenther\Documents\GitHub\prosumage\Code\Prosumage_Opt\Dieter_Module\Modified_MCP\fix.gms
    Unknown symbol
--- fix.gms(135) 3 Mb 85 Errors
*** Error 140 in C:\Users\cguenther\Documents\GitHub\prosumage\Code\Prosumage_Opt\Dieter_Module\Modified_MCP\fix.gms
    Unknown symbol
--- fix.gms(136) 3 Mb 86 Errors
*** Error 140 in C:\Users\cguenther\Documents\GitHub\prosumage\Code\Prosumage_Opt\Dieter_Module\Modified_MCP\fix.gms
    Unknown symbol
--- fix.gms(137) 3 Mb 87 Errors
*** Error 140 in C:\Users\cguenther\Documents\GitHub\prosumage\Code\Prosumage_Opt\Dieter_Module\Modified_MCP\fix.gms
    Unknown symbol
--- fix.gms(138) 3 Mb 88 Errors
*** Error 140 in C:\Users\cguenther\Documents\GitHub\prosumage\Code\Prosumage_Opt\Dieter_Module\Modified_MCP\fix.gms
    Unknown symbol
--- fix.gms(149) 3 Mb 91 Errors
*** Error 140 in C:\Users\cguenther\Documents\GitHub\prosumage\Code\Prosumage_Opt\Dieter_Module\Modified_MCP\fix.gms
    Unknown symbol
*** Error 120 in C:\Users\cguenther\Documents\GitHub\prosumage\Code\Prosumage_Opt\Dieter_Module\Modified_MCP\fix.gms
    Unknown identifier entered as set
*** Error 340 in C:\Users\cguenther\Documents\GitHub\prosumage\Code\Prosumage_Opt\Dieter_Module\Modified_MCP\fix.gms
    A label/element with the same name exist. You may have forgotten
       to quote a label/element reference. For example,
       set i / a,b,c /; parameter x(i); x('a') = 10;
--- fix.gms(150) 3 Mb 92 Errors
*** Error 140 in C:\Users\cguenther\Documents\GitHub\prosumage\Code\Prosumage_Opt\Dieter_Module\Modified_MCP\fix.gms
    Unknown symbol
--- fix.gms(151) 3 Mb 93 Errors
*** Error 140 in C:\Users\cguenther\Documents\GitHub\prosumage\Code\Prosumage_Opt\Dieter_Module\Modified_MCP\fix.gms
    Unknown symbol
--- fix.gms(152) 3 Mb 94 Errors
*** Error 140 in C:\Users\cguenther\Documents\GitHub\prosumage\Code\Prosumage_Opt\Dieter_Module\Modified_MCP\fix.gms
    Unknown symbol
--- fix.gms(153) 3 Mb 95 Errors
*** Error 140 in C:\Users\cguenther\Documents\GitHub\prosumage\Code\Prosumage_Opt\Dieter_Module\Modified_MCP\fix.gms
    Unknown symbol
--- fix.gms(154) 3 Mb 96 Errors
*** Error 140 in C:\Users\cguenther\Documents\GitHub\prosumage\Code\Prosumage_Opt\Dieter_Module\Modified_MCP\fix.gms
    Unknown symbol
--- fix.gms(155) 3 Mb 97 Errors
*** Error 140 in C:\Users\cguenther\Documents\GitHub\prosumage\Code\Prosumage_Opt\Dieter_Module\Modified_MCP\fix.gms
    Unknown symbol
--- fix.gms(156) 3 Mb 98 Errors
*** Error 140 in C:\Users\cguenther\Documents\GitHub\prosumage\Code\Prosumage_Opt\Dieter_Module\Modified_MCP\fix.gms
    Unknown symbol
--- fix.gms(157) 3 Mb 99 Errors
*** Error 140 in C:\Users\cguenther\Documents\GitHub\prosumage\Code\Prosumage_Opt\Dieter_Module\Modified_MCP\fix.gms
    Unknown symbol
--- fix.gms(158) 3 Mb 100 Errors
*** Error 140 in C:\Users\cguenther\Documents\GitHub\prosumage\Code\Prosumage_Opt\Dieter_Module\Modified_MCP\fix.gms
    Unknown symbol
--- fix.gms(159) 3 Mb 101 Errors
*** Error 140 in C:\Users\cguenther\Documents\GitHub\prosumage\Code\Prosumage_Opt\Dieter_Module\Modified_MCP\fix.gms
    Unknown symbol
--- fix.gms(160) 3 Mb 102 Errors
*** Error 140 in C:\Users\cguenther\Documents\GitHub\prosumage\Code\Prosumage_Opt\Dieter_Module\Modified_MCP\fix.gms
    Unknown symbol
--- fix.gms(161) 3 Mb 103 Errors
*** Error 140 in C:\Users\cguenther\Documents\GitHub\prosumage\Code\Prosumage_Opt\Dieter_Module\Modified_MCP\fix.gms
    Unknown symbol
--- fix.gms(162) 3 Mb 106 Errors
*** Error 140 in C:\Users\cguenther\Documents\GitHub\prosumage\Code\Prosumage_Opt\Dieter_Module\Modified_MCP\fix.gms
    Unknown symbol
*** Error 120 in C:\Users\cguenther\Documents\GitHub\prosumage\Code\Prosumage_Opt\Dieter_Module\Modified_MCP\fix.gms
    Unknown identifier entered as set
*** Error 340 in C:\Users\cguenther\Documents\GitHub\prosumage\Code\Prosumage_Opt\Dieter_Module\Modified_MCP\fix.gms
    A label/element with the same name exist. You may have forgotten
       to quote a label/element reference. For example,
       set i / a,b,c /; parameter x(i); x('a') = 10;
--- fix.gms(163) 3 Mb 107 Errors
*** Error 140 in C:\Users\cguenther\Documents\GitHub\prosumage\Code\Prosumage_Opt\Dieter_Module\Modified_MCP\fix.gms
    Unknown symbol
--- fix.gms(164) 3 Mb 108 Errors
*** Error 140 in C:\Users\cguenther\Documents\GitHub\prosumage\Code\Prosumage_Opt\Dieter_Module\Modified_MCP\fix.gms
    Unknown symbol
--- fix.gms(165) 3 Mb 111 Errors
*** Error 140 in C:\Users\cguenther\Documents\GitHub\prosumage\Code\Prosumage_Opt\Dieter_Module\Modified_MCP\fix.gms
    Unknown symbol
*** Error 120 in C:\Users\cguenther\Documents\GitHub\prosumage\Code\Prosumage_Opt\Dieter_Module\Modified_MCP\fix.gms
    Unknown identifier entered as set
*** Error 340 in C:\Users\cguenther\Documents\GitHub\prosumage\Code\Prosumage_Opt\Dieter_Module\Modified_MCP\fix.gms
    A label/element with the same name exist. You may have forgotten
       to quote a label/element reference. For example,
       set i / a,b,c /; parameter x(i); x('a') = 10;
--- fix.gms(166) 3 Mb 112 Errors
*** Error 140 in C:\Users\cguenther\Documents\GitHub\prosumage\Code\Prosumage_Opt\Dieter_Module\Modified_MCP\fix.gms
    Unknown symbol
--- fix.gms(167) 3 Mb 113 Errors
*** Error 140 in C:\Users\cguenther\Documents\GitHub\prosumage\Code\Prosumage_Opt\Dieter_Module\Modified_MCP\fix.gms
    Unknown symbol
--- fix.gms(168) 3 Mb 114 Errors
*** Error 140 in C:\Users\cguenther\Documents\GitHub\prosumage\Code\Prosumage_Opt\Dieter_Module\Modified_MCP\fix.gms
    Unknown symbol
--- fix.gms(169) 3 Mb 115 Errors
*** Error 140 in C:\Users\cguenther\Documents\GitHub\prosumage\Code\Prosumage_Opt\Dieter_Module\Modified_MCP\fix.gms
    Unknown symbol
--- fix.gms(172) 3 Mb 116 Errors
*** Error 140 in C:\Users\cguenther\Documents\GitHub\prosumage\Code\Prosumage_Opt\Dieter_Module\Modified_MCP\fix.gms
    Unknown symbol
--- fix.gms(173) 3 Mb 117 Errors
*** Error 140 in C:\Users\cguenther\Documents\GitHub\prosumage\Code\Prosumage_Opt\Dieter_Module\Modified_MCP\fix.gms
    Unknown symbol
--- fix.gms(174) 3 Mb 118 Errors
*** Error 140 in C:\Users\cguenther\Documents\GitHub\prosumage\Code\Prosumage_Opt\Dieter_Module\Modified_MCP\fix.gms
    Unknown symbol
--- fix.gms(175) 3 Mb 119 Errors
*** Error 140 in C:\Users\cguenther\Documents\GitHub\prosumage\Code\Prosumage_Opt\Dieter_Module\Modified_MCP\fix.gms
    Unknown symbol
--- fix.gms(176) 3 Mb 120 Errors
*** Error 140 in C:\Users\cguenther\Documents\GitHub\prosumage\Code\Prosumage_Opt\Dieter_Module\Modified_MCP\fix.gms
    Unknown symbol
--- fix.gms(177) 3 Mb 121 Errors
*** Error 140 in C:\Users\cguenther\Documents\GitHub\prosumage\Code\Prosumage_Opt\Dieter_Module\Modified_MCP\fix.gms
    Unknown symbol
--- fix.gms(178) 3 Mb 122 Errors
*** Error 140 in C:\Users\cguenther\Documents\GitHub\prosumage\Code\Prosumage_Opt\Dieter_Module\Modified_MCP\fix.gms
    Unknown symbol
--- fix.gms(179) 3 Mb 123 Errors
*** Error 140 in C:\Users\cguenther\Documents\GitHub\prosumage\Code\Prosumage_Opt\Dieter_Module\Modified_MCP\fix.gms
    Unknown symbol
--- fix.gms(180) 3 Mb 124 Errors
*** Error 140 in C:\Users\cguenther\Documents\GitHub\prosumage\Code\Prosumage_Opt\Dieter_Module\Modified_MCP\fix.gms
    Unknown symbol
--- fix.gms(181) 3 Mb 125 Errors
*** Error 140 in C:\Users\cguenther\Documents\GitHub\prosumage\Code\Prosumage_Opt\Dieter_Module\Modified_MCP\fix.gms
    Unknown symbol
--- fix.gms(182) 3 Mb 126 Errors
*** Error 140 in C:\Users\cguenther\Documents\GitHub\prosumage\Code\Prosumage_Opt\Dieter_Module\Modified_MCP\fix.gms
    Unknown symbol
--- fix.gms(183) 3 Mb 127 Errors
*** Error 140 in C:\Users\cguenther\Documents\GitHub\prosumage\Code\Prosumage_Opt\Dieter_Module\Modified_MCP\fix.gms
    Unknown symbol
--- fix.gms(184) 3 Mb 128 Errors
*** Error 140 in C:\Users\cguenther\Documents\GitHub\prosumage\Code\Prosumage_Opt\Dieter_Module\Modified_MCP\fix.gms
    Unknown symbol
--- fix.gms(185) 3 Mb 129 Errors
*** Error 140 in C:\Users\cguenther\Documents\GitHub\prosumage\Code\Prosumage_Opt\Dieter_Module\Modified_MCP\fix.gms
    Unknown symbol
--- fix.gms(186) 3 Mb 130 Errors
*** Error 140 in C:\Users\cguenther\Documents\GitHub\prosumage\Code\Prosumage_Opt\Dieter_Module\Modified_MCP\fix.gms
    Unknown symbol
--- fix.gms(187) 3 Mb 131 Errors
*** Error 140 in C:\Users\cguenther\Documents\GitHub\prosumage\Code\Prosumage_Opt\Dieter_Module\Modified_MCP\fix.gms
    Unknown symbol
--- fix.gms(188) 3 Mb 132 Errors
*** Error 140 in C:\Users\cguenther\Documents\GitHub\prosumage\Code\Prosumage_Opt\Dieter_Module\Modified_MCP\fix.gms
    Unknown symbol
--- fix.gms(189) 3 Mb 133 Errors
*** Error 140 in C:\Users\cguenther\Documents\GitHub\prosumage\Code\Prosumage_Opt\Dieter_Module\Modified_MCP\fix.gms
    Unknown symbol
--- fix.gms(190) 3 Mb 134 Errors
*** Error 140 in C:\Users\cguenther\Documents\GitHub\prosumage\Code\Prosumage_Opt\Dieter_Module\Modified_MCP\fix.gms
    Unknown symbol
--- fix.gms(191) 3 Mb 135 Errors
*** Error 140 in C:\Users\cguenther\Documents\GitHub\prosumage\Code\Prosumage_Opt\Dieter_Module\Modified_MCP\fix.gms
    Unknown symbol
--- fix.gms(196) 3 Mb 136 Errors
*** Error 409 in C:\Users\cguenther\Documents\GitHub\prosumage\Code\Prosumage_Opt\Dieter_Module\Modified_MCP\fix.gms
    Unrecognizable item - skip to find a new statement
      looking for a ';' or a key word to get started again
--- fix.gms(199) 3 Mb 137 Errors
*** Error 409 in C:\Users\cguenther\Documents\GitHub\prosumage\Code\Prosumage_Opt\Dieter_Module\Modified_MCP\fix.gms
    Unrecognizable item - skip to find a new statement
      looking for a ';' or a key word to get started again
--- fix.gms(204) 3 Mb 138 Errors
*** Error 409 in C:\Users\cguenther\Documents\GitHub\prosumage\Code\Prosumage_Opt\Dieter_Module\Modified_MCP\fix.gms
    Unrecognizable item - skip to find a new statement
      looking for a ';' or a key word to get started again
--- fix.gms(205) 3 Mb 139 Errors
*** Error 409 in C:\Users\cguenther\Documents\GitHub\prosumage\Code\Prosumage_Opt\Dieter_Module\Modified_MCP\fix.gms
    Unrecognizable item - skip to find a new statement
      looking for a ';' or a key word to get started again
--- fix.gms(206) 3 Mb 140 Errors
*** Error 409 in C:\Users\cguenther\Documents\GitHub\prosumage\Code\Prosumage_Opt\Dieter_Module\Modified_MCP\fix.gms
    Unrecognizable item - skip to find a new statement
      looking for a ';' or a key word to get started again
--- fix.gms(215) 3 Mb 140 Errors
*** Status: Compilation error(s)
--- Job fix.gms Stop 10/24/18 11:38:39 elapsed 0:00:00.247
Exit code = 2
