
--- Job report.gms Start 10/24/18 11:35:36 24.2.3 r46072 WEX-WEI x86_64/MS Windows
GAMS 24.2.3   Copyright (C) 1987-2014 GAMS Development. All rights reserved
Licensee: Medium MUD - 10 User License                   S170316:1123AO-GEN
          Deutsches Institut fuer Wirtschaftsforschung DIW, AbteilungDC3975
          License for teaching and research at degree granting institutions
          License_Admin:_Claudia_Kemfert,_bbibra@diw.de____________________
--- Starting compilation
--- report.gms(96) 3 Mb 4 Errors
*** Error 120 in C:\Users\cguenther\Documents\GitHub\prosumage\Code\Prosumage_Opt\Dieter_Module\Modified_MCP\report.gms
    Unknown identifier entered as set
*** Error 120 in C:\Users\cguenther\Documents\GitHub\prosumage\Code\Prosumage_Opt\Dieter_Module\Modified_MCP\report.gms
    Unknown identifier entered as set
*** Error 120 in C:\Users\cguenther\Documents\GitHub\prosumage\Code\Prosumage_Opt\Dieter_Module\Modified_MCP\report.gms
    Unknown identifier entered as set
*** Error 120 in C:\Users\cguenther\Documents\GitHub\prosumage\Code\Prosumage_Opt\Dieter_Module\Modified_MCP\report.gms
    Unknown identifier entered as set
--- report.gms(97) 3 Mb 5 Errors
*** Error 120 in C:\Users\cguenther\Documents\GitHub\prosumage\Code\Prosumage_Opt\Dieter_Module\Modified_MCP\report.gms
    Unknown identifier entered as set
--- report.gms(98) 3 Mb 6 Errors
*** Error 120 in C:\Users\cguenther\Documents\GitHub\prosumage\Code\Prosumage_Opt\Dieter_Module\Modified_MCP\report.gms
    Unknown identifier entered as set
--- report.gms(99) 3 Mb 7 Errors
*** Error 120 in C:\Users\cguenther\Documents\GitHub\prosumage\Code\Prosumage_Opt\Dieter_Module\Modified_MCP\report.gms
    Unknown identifier entered as set
--- report.gms(100) 3 Mb 8 Errors
*** Error 120 in C:\Users\cguenther\Documents\GitHub\prosumage\Code\Prosumage_Opt\Dieter_Module\Modified_MCP\report.gms
    Unknown identifier entered as set
--- report.gms(102) 3 Mb 9 Errors
*** Error 120 in C:\Users\cguenther\Documents\GitHub\prosumage\Code\Prosumage_Opt\Dieter_Module\Modified_MCP\report.gms
    Unknown identifier entered as set
--- report.gms(103) 3 Mb 11 Errors
*** Error 120 in C:\Users\cguenther\Documents\GitHub\prosumage\Code\Prosumage_Opt\Dieter_Module\Modified_MCP\report.gms
    Unknown identifier entered as set
*** Error 120 in C:\Users\cguenther\Documents\GitHub\prosumage\Code\Prosumage_Opt\Dieter_Module\Modified_MCP\report.gms
    Unknown identifier entered as set
--- report.gms(108) 3 Mb 12 Errors
*** Error 120 in C:\Users\cguenther\Documents\GitHub\prosumage\Code\Prosumage_Opt\Dieter_Module\Modified_MCP\report.gms
    Unknown identifier entered as set
--- report.gms(123) 3 Mb 13 Errors
*** Error 409 in C:\Users\cguenther\Documents\GitHub\prosumage\Code\Prosumage_Opt\Dieter_Module\Modified_MCP\report.gms
    Unrecognizable item - skip to find a new statement
      looking for a ';' or a key word to get started again
--- report.gms(125) 3 Mb 16 Errors
*** Error 120 in C:\Users\cguenther\Documents\GitHub\prosumage\Code\Prosumage_Opt\Dieter_Module\Modified_MCP\report.gms
    Unknown identifier entered as set
*** Error 140 in C:\Users\cguenther\Documents\GitHub\prosumage\Code\Prosumage_Opt\Dieter_Module\Modified_MCP\report.gms
    Unknown symbol
*** Error 140 in C:\Users\cguenther\Documents\GitHub\prosumage\Code\Prosumage_Opt\Dieter_Module\Modified_MCP\report.gms
    Unknown symbol
--- report.gms(126) 3 Mb 18 Errors
*** Error 140 in C:\Users\cguenther\Documents\GitHub\prosumage\Code\Prosumage_Opt\Dieter_Module\Modified_MCP\report.gms
    Unknown symbol
*** Error 140 in C:\Users\cguenther\Documents\GitHub\prosumage\Code\Prosumage_Opt\Dieter_Module\Modified_MCP\report.gms
    Unknown symbol
--- report.gms(141) 3 Mb 21 Errors
*** Error 140 in C:\Users\cguenther\Documents\GitHub\prosumage\Code\Prosumage_Opt\Dieter_Module\Modified_MCP\report.gms
    Unknown symbol
*** Error 140 in C:\Users\cguenther\Documents\GitHub\prosumage\Code\Prosumage_Opt\Dieter_Module\Modified_MCP\report.gms
    Unknown symbol
*** Error 140 in C:\Users\cguenther\Documents\GitHub\prosumage\Code\Prosumage_Opt\Dieter_Module\Modified_MCP\report.gms
    Unknown symbol
--- report.gms(142) 3 Mb 23 Errors
*** Error   8 in C:\Users\cguenther\Documents\GitHub\prosumage\Code\Prosumage_Opt\Dieter_Module\Modified_MCP\report.gms
    ')' expected
*** Error 409 in C:\Users\cguenther\Documents\GitHub\prosumage\Code\Prosumage_Opt\Dieter_Module\Modified_MCP\report.gms
    Unrecognizable item - skip to find a new statement
      looking for a ';' or a key word to get started again
--- report.gms(157) 3 Mb 32 Errors
*** Error 120 in C:\Users\cguenther\Documents\GitHub\prosumage\Code\Prosumage_Opt\Dieter_Module\Modified_MCP\report.gms
    Unknown identifier entered as set
*** Error 340 in C:\Users\cguenther\Documents\GitHub\prosumage\Code\Prosumage_Opt\Dieter_Module\Modified_MCP\report.gms
    A label/element with the same name exist. You may have forgotten
       to quote a label/element reference. For example,
       set i / a,b,c /; parameter x(i); x('a') = 10;
*** Error 120 in C:\Users\cguenther\Documents\GitHub\prosumage\Code\Prosumage_Opt\Dieter_Module\Modified_MCP\report.gms
    Unknown identifier entered as set
*** Error 340 in C:\Users\cguenther\Documents\GitHub\prosumage\Code\Prosumage_Opt\Dieter_Module\Modified_MCP\report.gms
    A label/element with the same name exist. You may have forgotten
       to quote a label/element reference. For example,
       set i / a,b,c /; parameter x(i); x('a') = 10;
*** Error 120 in C:\Users\cguenther\Documents\GitHub\prosumage\Code\Prosumage_Opt\Dieter_Module\Modified_MCP\report.gms
    Unknown identifier entered as set
*** Error 340 in C:\Users\cguenther\Documents\GitHub\prosumage\Code\Prosumage_Opt\Dieter_Module\Modified_MCP\report.gms
    A label/element with the same name exist. You may have forgotten
       to quote a label/element reference. For example,
       set i / a,b,c /; parameter x(i); x('a') = 10;
*** Error 140 in C:\Users\cguenther\Documents\GitHub\prosumage\Code\Prosumage_Opt\Dieter_Module\Modified_MCP\report.gms
    Unknown symbol
*** Error 140 in C:\Users\cguenther\Documents\GitHub\prosumage\Code\Prosumage_Opt\Dieter_Module\Modified_MCP\report.gms
    Unknown symbol
*** Error 116 in C:\Users\cguenther\Documents\GitHub\prosumage\Code\Prosumage_Opt\Dieter_Module\Modified_MCP\report.gms
    Label is unknown
--- report.gms(158) 3 Mb 33 Errors
*** Error 116 in C:\Users\cguenther\Documents\GitHub\prosumage\Code\Prosumage_Opt\Dieter_Module\Modified_MCP\report.gms
    Label is unknown
--- report.gms(159) 3 Mb 38 Errors
*** Error 140 in C:\Users\cguenther\Documents\GitHub\prosumage\Code\Prosumage_Opt\Dieter_Module\Modified_MCP\report.gms
    Unknown symbol
*** Error 119 in C:\Users\cguenther\Documents\GitHub\prosumage\Code\Prosumage_Opt\Dieter_Module\Modified_MCP\report.gms
    Number (primary) expected
*** Error 140 in C:\Users\cguenther\Documents\GitHub\prosumage\Code\Prosumage_Opt\Dieter_Module\Modified_MCP\report.gms
    Unknown symbol
*** Error   8 in C:\Users\cguenther\Documents\GitHub\prosumage\Code\Prosumage_Opt\Dieter_Module\Modified_MCP\report.gms
    ')' expected
*** Error 409 in C:\Users\cguenther\Documents\GitHub\prosumage\Code\Prosumage_Opt\Dieter_Module\Modified_MCP\report.gms
    Unrecognizable item - skip to find a new statement
      looking for a ';' or a key word to get started again
--- report.gms(166) 3 Mb 40 Errors
*** Error 140 in C:\Users\cguenther\Documents\GitHub\prosumage\Code\Prosumage_Opt\Dieter_Module\Modified_MCP\report.gms
    Unknown symbol
*** Error 140 in C:\Users\cguenther\Documents\GitHub\prosumage\Code\Prosumage_Opt\Dieter_Module\Modified_MCP\report.gms
    Unknown symbol
--- report.gms(170) 3 Mb 45 Errors
*** Error 140 in C:\Users\cguenther\Documents\GitHub\prosumage\Code\Prosumage_Opt\Dieter_Module\Modified_MCP\report.gms
    Unknown symbol
*** Error 140 in C:\Users\cguenther\Documents\GitHub\prosumage\Code\Prosumage_Opt\Dieter_Module\Modified_MCP\report.gms
    Unknown symbol
*** Error 140 in C:\Users\cguenther\Documents\GitHub\prosumage\Code\Prosumage_Opt\Dieter_Module\Modified_MCP\report.gms
    Unknown symbol
*** Error 140 in C:\Users\cguenther\Documents\GitHub\prosumage\Code\Prosumage_Opt\Dieter_Module\Modified_MCP\report.gms
    Unknown symbol
*** Error 140 in C:\Users\cguenther\Documents\GitHub\prosumage\Code\Prosumage_Opt\Dieter_Module\Modified_MCP\report.gms
    Unknown symbol
--- report.gms(171) 3 Mb 46 Errors
*** Error 140 in C:\Users\cguenther\Documents\GitHub\prosumage\Code\Prosumage_Opt\Dieter_Module\Modified_MCP\report.gms
    Unknown symbol
--- report.gms(172) 3 Mb 50 Errors
*** Error 120 in C:\Users\cguenther\Documents\GitHub\prosumage\Code\Prosumage_Opt\Dieter_Module\Modified_MCP\report.gms
    Unknown identifier entered as set
*** Error 340 in C:\Users\cguenther\Documents\GitHub\prosumage\Code\Prosumage_Opt\Dieter_Module\Modified_MCP\report.gms
    A label/element with the same name exist. You may have forgotten
       to quote a label/element reference. For example,
       set i / a,b,c /; parameter x(i); x('a') = 10;
*** Error 140 in C:\Users\cguenther\Documents\GitHub\prosumage\Code\Prosumage_Opt\Dieter_Module\Modified_MCP\report.gms
    Unknown symbol
*** Error 140 in C:\Users\cguenther\Documents\GitHub\prosumage\Code\Prosumage_Opt\Dieter_Module\Modified_MCP\report.gms
    Unknown symbol
--- report.gms(174) 3 Mb 51 Errors
*** Error 140 in C:\Users\cguenther\Documents\GitHub\prosumage\Code\Prosumage_Opt\Dieter_Module\Modified_MCP\report.gms
    Unknown symbol
--- report.gms(188) 3 Mb 53 Errors
*** Error 120 in C:\Users\cguenther\Documents\GitHub\prosumage\Code\Prosumage_Opt\Dieter_Module\Modified_MCP\report.gms
    Unknown identifier entered as set
*** Error 340 in C:\Users\cguenther\Documents\GitHub\prosumage\Code\Prosumage_Opt\Dieter_Module\Modified_MCP\report.gms
    A label/element with the same name exist. You may have forgotten
       to quote a label/element reference. For example,
       set i / a,b,c /; parameter x(i); x('a') = 10;
--- report.gms(191) 3 Mb 54 Errors
*** Error 140 in C:\Users\cguenther\Documents\GitHub\prosumage\Code\Prosumage_Opt\Dieter_Module\Modified_MCP\report.gms
    Unknown symbol
--- report.gms(192) 3 Mb 56 Errors
*** Error 140 in C:\Users\cguenther\Documents\GitHub\prosumage\Code\Prosumage_Opt\Dieter_Module\Modified_MCP\report.gms
    Unknown symbol
*** Error 140 in C:\Users\cguenther\Documents\GitHub\prosumage\Code\Prosumage_Opt\Dieter_Module\Modified_MCP\report.gms
    Unknown symbol
--- report.gms(193) 3 Mb 57 Errors
*** Error 140 in C:\Users\cguenther\Documents\GitHub\prosumage\Code\Prosumage_Opt\Dieter_Module\Modified_MCP\report.gms
    Unknown symbol
--- report.gms(194) 3 Mb 59 Errors
*** Error 140 in C:\Users\cguenther\Documents\GitHub\prosumage\Code\Prosumage_Opt\Dieter_Module\Modified_MCP\report.gms
    Unknown symbol
*** Error 140 in C:\Users\cguenther\Documents\GitHub\prosumage\Code\Prosumage_Opt\Dieter_Module\Modified_MCP\report.gms
    Unknown symbol
--- report.gms(196) 3 Mb 61 Errors
*** Error 140 in C:\Users\cguenther\Documents\GitHub\prosumage\Code\Prosumage_Opt\Dieter_Module\Modified_MCP\report.gms
    Unknown symbol
*** Error 140 in C:\Users\cguenther\Documents\GitHub\prosumage\Code\Prosumage_Opt\Dieter_Module\Modified_MCP\report.gms
    Unknown symbol
--- report.gms(197) 3 Mb 63 Errors
*** Error 140 in C:\Users\cguenther\Documents\GitHub\prosumage\Code\Prosumage_Opt\Dieter_Module\Modified_MCP\report.gms
    Unknown symbol
*** Error 140 in C:\Users\cguenther\Documents\GitHub\prosumage\Code\Prosumage_Opt\Dieter_Module\Modified_MCP\report.gms
    Unknown symbol
--- report.gms(216) 3 Mb 64 Errors
*** Error 140 in C:\Users\cguenther\Documents\GitHub\prosumage\Code\Prosumage_Opt\Dieter_Module\Modified_MCP\report.gms
    Unknown symbol
--- report.gms(226) 3 Mb 66 Errors
*** Error 119 in C:\Users\cguenther\Documents\GitHub\prosumage\Code\Prosumage_Opt\Dieter_Module\Modified_MCP\report.gms
    Number (primary) expected
*** Error 409 in C:\Users\cguenther\Documents\GitHub\prosumage\Code\Prosumage_Opt\Dieter_Module\Modified_MCP\report.gms
    Unrecognizable item - skip to find a new statement
      looking for a ';' or a key word to get started again
--- report.gms(230) 3 Mb 68 Errors
*** Error 140 in C:\Users\cguenther\Documents\GitHub\prosumage\Code\Prosumage_Opt\Dieter_Module\Modified_MCP\report.gms
    Unknown symbol
*** Error 140 in C:\Users\cguenther\Documents\GitHub\prosumage\Code\Prosumage_Opt\Dieter_Module\Modified_MCP\report.gms
    Unknown symbol
--- report.gms(242) 3 Mb 74 Errors
*** Error 120 in C:\Users\cguenther\Documents\GitHub\prosumage\Code\Prosumage_Opt\Dieter_Module\Modified_MCP\report.gms
    Unknown identifier entered as set
*** Error 340 in C:\Users\cguenther\Documents\GitHub\prosumage\Code\Prosumage_Opt\Dieter_Module\Modified_MCP\report.gms
    A label/element with the same name exist. You may have forgotten
       to quote a label/element reference. For example,
       set i / a,b,c /; parameter x(i); x('a') = 10;
*** Error 140 in C:\Users\cguenther\Documents\GitHub\prosumage\Code\Prosumage_Opt\Dieter_Module\Modified_MCP\report.gms
    Unknown symbol
*** Error 140 in C:\Users\cguenther\Documents\GitHub\prosumage\Code\Prosumage_Opt\Dieter_Module\Modified_MCP\report.gms
    Unknown symbol
*** Error 140 in C:\Users\cguenther\Documents\GitHub\prosumage\Code\Prosumage_Opt\Dieter_Module\Modified_MCP\report.gms
    Unknown symbol
*** Error 140 in C:\Users\cguenther\Documents\GitHub\prosumage\Code\Prosumage_Opt\Dieter_Module\Modified_MCP\report.gms
    Unknown symbol
--- report.gms(245) 3 Mb 76 Errors
*** Error 119 in C:\Users\cguenther\Documents\GitHub\prosumage\Code\Prosumage_Opt\Dieter_Module\Modified_MCP\report.gms
    Number (primary) expected
*** Error 409 in C:\Users\cguenther\Documents\GitHub\prosumage\Code\Prosumage_Opt\Dieter_Module\Modified_MCP\report.gms
    Unrecognizable item - skip to find a new statement
      looking for a ';' or a key word to get started again
--- report.gms(246) 3 Mb 78 Errors
*** Error 119 in C:\Users\cguenther\Documents\GitHub\prosumage\Code\Prosumage_Opt\Dieter_Module\Modified_MCP\report.gms
    Number (primary) expected
*** Error 409 in C:\Users\cguenther\Documents\GitHub\prosumage\Code\Prosumage_Opt\Dieter_Module\Modified_MCP\report.gms
    Unrecognizable item - skip to find a new statement
      looking for a ';' or a key word to get started again
--- report.gms(247) 3 Mb 82 Errors
*** Error 140 in C:\Users\cguenther\Documents\GitHub\prosumage\Code\Prosumage_Opt\Dieter_Module\Modified_MCP\report.gms
    Unknown symbol
*** Error 116 in C:\Users\cguenther\Documents\GitHub\prosumage\Code\Prosumage_Opt\Dieter_Module\Modified_MCP\report.gms
    Label is unknown
*** Error 119 in C:\Users\cguenther\Documents\GitHub\prosumage\Code\Prosumage_Opt\Dieter_Module\Modified_MCP\report.gms
    Number (primary) expected
*** Error 409 in C:\Users\cguenther\Documents\GitHub\prosumage\Code\Prosumage_Opt\Dieter_Module\Modified_MCP\report.gms
    Unrecognizable item - skip to find a new statement
      looking for a ';' or a key word to get started again
--- report.gms(254) 3 Mb 86 Errors
*** Error 119 in C:\Users\cguenther\Documents\GitHub\prosumage\Code\Prosumage_Opt\Dieter_Module\Modified_MCP\report.gms
    Number (primary) expected
*** Error   8 in C:\Users\cguenther\Documents\GitHub\prosumage\Code\Prosumage_Opt\Dieter_Module\Modified_MCP\report.gms
    ')' expected
*** Error  36 in C:\Users\cguenther\Documents\GitHub\prosumage\Code\Prosumage_Opt\Dieter_Module\Modified_MCP\report.gms
    '=' or '..' or ':=' or '$=' operator expected
    rest of statement ignored
*** Error 409 in C:\Users\cguenther\Documents\GitHub\prosumage\Code\Prosumage_Opt\Dieter_Module\Modified_MCP\report.gms
    Unrecognizable item - skip to find a new statement
      looking for a ';' or a key word to get started again
--- report.gms(256) 3 Mb 90 Errors
*** Error 119 in C:\Users\cguenther\Documents\GitHub\prosumage\Code\Prosumage_Opt\Dieter_Module\Modified_MCP\report.gms
    Number (primary) expected
*** Error   8 in C:\Users\cguenther\Documents\GitHub\prosumage\Code\Prosumage_Opt\Dieter_Module\Modified_MCP\report.gms
    ')' expected
*** Error  36 in C:\Users\cguenther\Documents\GitHub\prosumage\Code\Prosumage_Opt\Dieter_Module\Modified_MCP\report.gms
    '=' or '..' or ':=' or '$=' operator expected
    rest of statement ignored
*** Error 409 in C:\Users\cguenther\Documents\GitHub\prosumage\Code\Prosumage_Opt\Dieter_Module\Modified_MCP\report.gms
    Unrecognizable item - skip to find a new statement
      looking for a ';' or a key word to get started again
--- report.gms(275) 3 Mb 97 Errors
*** Error 140 in C:\Users\cguenther\Documents\GitHub\prosumage\Code\Prosumage_Opt\Dieter_Module\Modified_MCP\report.gms
    Unknown symbol
*** Error 140 in C:\Users\cguenther\Documents\GitHub\prosumage\Code\Prosumage_Opt\Dieter_Module\Modified_MCP\report.gms
    Unknown symbol
*** Error 140 in C:\Users\cguenther\Documents\GitHub\prosumage\Code\Prosumage_Opt\Dieter_Module\Modified_MCP\report.gms
    Unknown symbol
*** Error 140 in C:\Users\cguenther\Documents\GitHub\prosumage\Code\Prosumage_Opt\Dieter_Module\Modified_MCP\report.gms
    Unknown symbol
*** Error 140 in C:\Users\cguenther\Documents\GitHub\prosumage\Code\Prosumage_Opt\Dieter_Module\Modified_MCP\report.gms
    Unknown symbol
*** Error 140 in C:\Users\cguenther\Documents\GitHub\prosumage\Code\Prosumage_Opt\Dieter_Module\Modified_MCP\report.gms
    Unknown symbol
*** Error 140 in C:\Users\cguenther\Documents\GitHub\prosumage\Code\Prosumage_Opt\Dieter_Module\Modified_MCP\report.gms
    Unknown symbol
--- report.gms(278) 3 Mb 106 Errors
*** Error 140 in C:\Users\cguenther\Documents\GitHub\prosumage\Code\Prosumage_Opt\Dieter_Module\Modified_MCP\report.gms
    Unknown symbol
*** Error 140 in C:\Users\cguenther\Documents\GitHub\prosumage\Code\Prosumage_Opt\Dieter_Module\Modified_MCP\report.gms
    Unknown symbol
*** Error 140 in C:\Users\cguenther\Documents\GitHub\prosumage\Code\Prosumage_Opt\Dieter_Module\Modified_MCP\report.gms
    Unknown symbol
*** Error 140 in C:\Users\cguenther\Documents\GitHub\prosumage\Code\Prosumage_Opt\Dieter_Module\Modified_MCP\report.gms
    Unknown symbol
*** Error 140 in C:\Users\cguenther\Documents\GitHub\prosumage\Code\Prosumage_Opt\Dieter_Module\Modified_MCP\report.gms
    Unknown symbol
*** Error 140 in C:\Users\cguenther\Documents\GitHub\prosumage\Code\Prosumage_Opt\Dieter_Module\Modified_MCP\report.gms
    Unknown symbol
*** Error 140 in C:\Users\cguenther\Documents\GitHub\prosumage\Code\Prosumage_Opt\Dieter_Module\Modified_MCP\report.gms
    Unknown symbol
*** Error 140 in C:\Users\cguenther\Documents\GitHub\prosumage\Code\Prosumage_Opt\Dieter_Module\Modified_MCP\report.gms
    Unknown symbol
*** Error 140 in C:\Users\cguenther\Documents\GitHub\prosumage\Code\Prosumage_Opt\Dieter_Module\Modified_MCP\report.gms
    Unknown symbol
--- report.gms(280) 3 Mb 108 Errors
*** Error   8 in C:\Users\cguenther\Documents\GitHub\prosumage\Code\Prosumage_Opt\Dieter_Module\Modified_MCP\report.gms
    ')' expected
*** Error 409 in C:\Users\cguenther\Documents\GitHub\prosumage\Code\Prosumage_Opt\Dieter_Module\Modified_MCP\report.gms
    Unrecognizable item - skip to find a new statement
      looking for a ';' or a key word to get started again
--- report.gms(286) 3 Mb 109 Errors
*** Error 140 in C:\Users\cguenther\Documents\GitHub\prosumage\Code\Prosumage_Opt\Dieter_Module\Modified_MCP\report.gms
    Unknown symbol
--- report.gms(293) 3 Mb 111 Errors
*** Error 140 in C:\Users\cguenther\Documents\GitHub\prosumage\Code\Prosumage_Opt\Dieter_Module\Modified_MCP\report.gms
    Unknown symbol
*** Error 140 in C:\Users\cguenther\Documents\GitHub\prosumage\Code\Prosumage_Opt\Dieter_Module\Modified_MCP\report.gms
    Unknown symbol
--- report.gms(312) 3 Mb 114 Errors
*** Error 140 in C:\Users\cguenther\Documents\GitHub\prosumage\Code\Prosumage_Opt\Dieter_Module\Modified_MCP\report.gms
    Unknown symbol
*** Error 119 in C:\Users\cguenther\Documents\GitHub\prosumage\Code\Prosumage_Opt\Dieter_Module\Modified_MCP\report.gms
    Number (primary) expected
*** Error 409 in C:\Users\cguenther\Documents\GitHub\prosumage\Code\Prosumage_Opt\Dieter_Module\Modified_MCP\report.gms
    Unrecognizable item - skip to find a new statement
      looking for a ';' or a key word to get started again
--- report.gms(327) 3 Mb 116 Errors
*** Error 119 in C:\Users\cguenther\Documents\GitHub\prosumage\Code\Prosumage_Opt\Dieter_Module\Modified_MCP\report.gms
    Number (primary) expected
*** Error 409 in C:\Users\cguenther\Documents\GitHub\prosumage\Code\Prosumage_Opt\Dieter_Module\Modified_MCP\report.gms
    Unrecognizable item - skip to find a new statement
      looking for a ';' or a key word to get started again
--- report.gms(330) 3 Mb 118 Errors
*** Error 119 in C:\Users\cguenther\Documents\GitHub\prosumage\Code\Prosumage_Opt\Dieter_Module\Modified_MCP\report.gms
    Number (primary) expected
*** Error 409 in C:\Users\cguenther\Documents\GitHub\prosumage\Code\Prosumage_Opt\Dieter_Module\Modified_MCP\report.gms
    Unrecognizable item - skip to find a new statement
      looking for a ';' or a key word to get started again
--- report.gms(331) 3 Mb 120 Errors
*** Error 119 in C:\Users\cguenther\Documents\GitHub\prosumage\Code\Prosumage_Opt\Dieter_Module\Modified_MCP\report.gms
    Number (primary) expected
*** Error 409 in C:\Users\cguenther\Documents\GitHub\prosumage\Code\Prosumage_Opt\Dieter_Module\Modified_MCP\report.gms
    Unrecognizable item - skip to find a new statement
      looking for a ';' or a key word to get started again
--- report.gms(351) 3 Mb 124 Errors
*** Error 119 in C:\Users\cguenther\Documents\GitHub\prosumage\Code\Prosumage_Opt\Dieter_Module\Modified_MCP\report.gms
    Number (primary) expected
*** Error   8 in C:\Users\cguenther\Documents\GitHub\prosumage\Code\Prosumage_Opt\Dieter_Module\Modified_MCP\report.gms
    ')' expected
*** Error  36 in C:\Users\cguenther\Documents\GitHub\prosumage\Code\Prosumage_Opt\Dieter_Module\Modified_MCP\report.gms
    '=' or '..' or ':=' or '$=' operator expected
    rest of statement ignored
*** Error 409 in C:\Users\cguenther\Documents\GitHub\prosumage\Code\Prosumage_Opt\Dieter_Module\Modified_MCP\report.gms
    Unrecognizable item - skip to find a new statement
      looking for a ';' or a key word to get started again
--- report.gms(361) 3 Mb 128 Errors
*** Error 119 in C:\Users\cguenther\Documents\GitHub\prosumage\Code\Prosumage_Opt\Dieter_Module\Modified_MCP\report.gms
    Number (primary) expected
*** Error   8 in C:\Users\cguenther\Documents\GitHub\prosumage\Code\Prosumage_Opt\Dieter_Module\Modified_MCP\report.gms
    ')' expected
*** Error  36 in C:\Users\cguenther\Documents\GitHub\prosumage\Code\Prosumage_Opt\Dieter_Module\Modified_MCP\report.gms
    '=' or '..' or ':=' or '$=' operator expected
    rest of statement ignored
*** Error 409 in C:\Users\cguenther\Documents\GitHub\prosumage\Code\Prosumage_Opt\Dieter_Module\Modified_MCP\report.gms
    Unrecognizable item - skip to find a new statement
      looking for a ';' or a key word to get started again
--- report.gms(362) 3 Mb 132 Errors
*** Error 119 in C:\Users\cguenther\Documents\GitHub\prosumage\Code\Prosumage_Opt\Dieter_Module\Modified_MCP\report.gms
    Number (primary) expected
*** Error   8 in C:\Users\cguenther\Documents\GitHub\prosumage\Code\Prosumage_Opt\Dieter_Module\Modified_MCP\report.gms
    ')' expected
*** Error  36 in C:\Users\cguenther\Documents\GitHub\prosumage\Code\Prosumage_Opt\Dieter_Module\Modified_MCP\report.gms
    '=' or '..' or ':=' or '$=' operator expected
    rest of statement ignored
*** Error 409 in C:\Users\cguenther\Documents\GitHub\prosumage\Code\Prosumage_Opt\Dieter_Module\Modified_MCP\report.gms
    Unrecognizable item - skip to find a new statement
      looking for a ';' or a key word to get started again
--- report.gms(389) 3 Mb 134 Errors
*** Error 119 in C:\Users\cguenther\Documents\GitHub\prosumage\Code\Prosumage_Opt\Dieter_Module\Modified_MCP\report.gms
    Number (primary) expected
*** Error 409 in C:\Users\cguenther\Documents\GitHub\prosumage\Code\Prosumage_Opt\Dieter_Module\Modified_MCP\report.gms
    Unrecognizable item - skip to find a new statement
      looking for a ';' or a key word to get started again
--- report.gms(390) 3 Mb 136 Errors
*** Error 119 in C:\Users\cguenther\Documents\GitHub\prosumage\Code\Prosumage_Opt\Dieter_Module\Modified_MCP\report.gms
    Number (primary) expected
*** Error 409 in C:\Users\cguenther\Documents\GitHub\prosumage\Code\Prosumage_Opt\Dieter_Module\Modified_MCP\report.gms
    Unrecognizable item - skip to find a new statement
      looking for a ';' or a key word to get started again
--- report.gms(391) 3 Mb 138 Errors
*** Error 119 in C:\Users\cguenther\Documents\GitHub\prosumage\Code\Prosumage_Opt\Dieter_Module\Modified_MCP\report.gms
    Number (primary) expected
*** Error 409 in C:\Users\cguenther\Documents\GitHub\prosumage\Code\Prosumage_Opt\Dieter_Module\Modified_MCP\report.gms
    Unrecognizable item - skip to find a new statement
      looking for a ';' or a key word to get started again
--- report.gms(392) 3 Mb 140 Errors
*** Error 119 in C:\Users\cguenther\Documents\GitHub\prosumage\Code\Prosumage_Opt\Dieter_Module\Modified_MCP\report.gms
    Number (primary) expected
*** Error 409 in C:\Users\cguenther\Documents\GitHub\prosumage\Code\Prosumage_Opt\Dieter_Module\Modified_MCP\report.gms
    Unrecognizable item - skip to find a new statement
      looking for a ';' or a key word to get started again
--- report.gms(393) 3 Mb 141 Errors
*** Error 409 in C:\Users\cguenther\Documents\GitHub\prosumage\Code\Prosumage_Opt\Dieter_Module\Modified_MCP\report.gms
    Unrecognizable item - skip to find a new statement
      looking for a ';' or a key word to get started again
--- report.gms(394) 3 Mb 142 Errors
*** Error 409 in C:\Users\cguenther\Documents\GitHub\prosumage\Code\Prosumage_Opt\Dieter_Module\Modified_MCP\report.gms
    Unrecognizable item - skip to find a new statement
      looking for a ';' or a key word to get started again
--- report.gms(405) 3 Mb 143 Errors
*** Error 409 in C:\Users\cguenther\Documents\GitHub\prosumage\Code\Prosumage_Opt\Dieter_Module\Modified_MCP\report.gms
    Unrecognizable item - skip to find a new statement
      looking for a ';' or a key word to get started again
--- report.gms(406) 3 Mb 144 Errors
*** Error 409 in C:\Users\cguenther\Documents\GitHub\prosumage\Code\Prosumage_Opt\Dieter_Module\Modified_MCP\report.gms
    Unrecognizable item - skip to find a new statement
      looking for a ';' or a key word to get started again
--- report.gms(465) 3 Mb 145 Errors
*** Error 409 in C:\Users\cguenther\Documents\GitHub\prosumage\Code\Prosumage_Opt\Dieter_Module\Modified_MCP\report.gms
    Unrecognizable item - skip to find a new statement
      looking for a ';' or a key word to get started again
--- report.gms(467) 3 Mb 148 Errors
*** Error 140 in C:\Users\cguenther\Documents\GitHub\prosumage\Code\Prosumage_Opt\Dieter_Module\Modified_MCP\report.gms
    Unknown symbol
*** Error 116 in C:\Users\cguenther\Documents\GitHub\prosumage\Code\Prosumage_Opt\Dieter_Module\Modified_MCP\report.gms
    Label is unknown
*** Error 140 in C:\Users\cguenther\Documents\GitHub\prosumage\Code\Prosumage_Opt\Dieter_Module\Modified_MCP\report.gms
    Unknown symbol
--- report.gms(484) 3 Mb 149 Errors
*** Error 140 in C:\Users\cguenther\Documents\GitHub\prosumage\Code\Prosumage_Opt\Dieter_Module\Modified_MCP\report.gms
    Unknown symbol
--- report.gms(485) 3 Mb 150 Errors
*** Error 140 in C:\Users\cguenther\Documents\GitHub\prosumage\Code\Prosumage_Opt\Dieter_Module\Modified_MCP\report.gms
    Unknown symbol
--- report.gms(486) 3 Mb 151 Errors
*** Error 140 in C:\Users\cguenther\Documents\GitHub\prosumage\Code\Prosumage_Opt\Dieter_Module\Modified_MCP\report.gms
    Unknown symbol
--- report.gms(487) 3 Mb 152 Errors
*** Error 140 in C:\Users\cguenther\Documents\GitHub\prosumage\Code\Prosumage_Opt\Dieter_Module\Modified_MCP\report.gms
    Unknown symbol
--- report.gms(508) 3 Mb 154 Errors
*** Error 119 in C:\Users\cguenther\Documents\GitHub\prosumage\Code\Prosumage_Opt\Dieter_Module\Modified_MCP\report.gms
    Number (primary) expected
*** Error 409 in C:\Users\cguenther\Documents\GitHub\prosumage\Code\Prosumage_Opt\Dieter_Module\Modified_MCP\report.gms
    Unrecognizable item - skip to find a new statement
      looking for a ';' or a key word to get started again
--- report.gms(525) 3 Mb 156 Errors
*** Error 119 in C:\Users\cguenther\Documents\GitHub\prosumage\Code\Prosumage_Opt\Dieter_Module\Modified_MCP\report.gms
    Number (primary) expected
*** Error 409 in C:\Users\cguenther\Documents\GitHub\prosumage\Code\Prosumage_Opt\Dieter_Module\Modified_MCP\report.gms
    Unrecognizable item - skip to find a new statement
      looking for a ';' or a key word to get started again
--- report.gms(539) 3 Mb 157 Errors
*** Error 409 in C:\Users\cguenther\Documents\GitHub\prosumage\Code\Prosumage_Opt\Dieter_Module\Modified_MCP\report.gms
    Unrecognizable item - skip to find a new statement
      looking for a ';' or a key word to get started again
--- report.gms(540) 3 Mb 158 Errors
*** Error 409 in C:\Users\cguenther\Documents\GitHub\prosumage\Code\Prosumage_Opt\Dieter_Module\Modified_MCP\report.gms
    Unrecognizable item - skip to find a new statement
      looking for a ';' or a key word to get started again
--- report.gms(541) 3 Mb 162 Errors
*** Error 119 in C:\Users\cguenther\Documents\GitHub\prosumage\Code\Prosumage_Opt\Dieter_Module\Modified_MCP\report.gms
    Number (primary) expected
*** Error   8 in C:\Users\cguenther\Documents\GitHub\prosumage\Code\Prosumage_Opt\Dieter_Module\Modified_MCP\report.gms
    ')' expected
*** Error  36 in C:\Users\cguenther\Documents\GitHub\prosumage\Code\Prosumage_Opt\Dieter_Module\Modified_MCP\report.gms
    '=' or '..' or ':=' or '$=' operator expected
    rest of statement ignored
*** Error 409 in C:\Users\cguenther\Documents\GitHub\prosumage\Code\Prosumage_Opt\Dieter_Module\Modified_MCP\report.gms
    Unrecognizable item - skip to find a new statement
      looking for a ';' or a key word to get started again
--- report.gms(547) 3 Mb 164 Errors
*** Error 119 in C:\Users\cguenther\Documents\GitHub\prosumage\Code\Prosumage_Opt\Dieter_Module\Modified_MCP\report.gms
    Number (primary) expected
*** Error 409 in C:\Users\cguenther\Documents\GitHub\prosumage\Code\Prosumage_Opt\Dieter_Module\Modified_MCP\report.gms
    Unrecognizable item - skip to find a new statement
      looking for a ';' or a key word to get started again
--- report.gms(548) 3 Mb 166 Errors
*** Error 119 in C:\Users\cguenther\Documents\GitHub\prosumage\Code\Prosumage_Opt\Dieter_Module\Modified_MCP\report.gms
    Number (primary) expected
*** Error 409 in C:\Users\cguenther\Documents\GitHub\prosumage\Code\Prosumage_Opt\Dieter_Module\Modified_MCP\report.gms
    Unrecognizable item - skip to find a new statement
      looking for a ';' or a key word to get started again
--- report.gms(551) 3 Mb 168 Errors
*** Error 119 in C:\Users\cguenther\Documents\GitHub\prosumage\Code\Prosumage_Opt\Dieter_Module\Modified_MCP\report.gms
    Number (primary) expected
*** Error 409 in C:\Users\cguenther\Documents\GitHub\prosumage\Code\Prosumage_Opt\Dieter_Module\Modified_MCP\report.gms
    Unrecognizable item - skip to find a new statement
      looking for a ';' or a key word to get started again
--- report.gms(552) 3 Mb 170 Errors
*** Error 119 in C:\Users\cguenther\Documents\GitHub\prosumage\Code\Prosumage_Opt\Dieter_Module\Modified_MCP\report.gms
    Number (primary) expected
*** Error 409 in C:\Users\cguenther\Documents\GitHub\prosumage\Code\Prosumage_Opt\Dieter_Module\Modified_MCP\report.gms
    Unrecognizable item - skip to find a new statement
      looking for a ';' or a key word to get started again
--- report.gms(555) 3 Mb 171 Errors
*** Error 409 in C:\Users\cguenther\Documents\GitHub\prosumage\Code\Prosumage_Opt\Dieter_Module\Modified_MCP\report.gms
    Unrecognizable item - skip to find a new statement
      looking for a ';' or a key word to get started again
--- report.gms(556) 3 Mb 172 Errors
*** Error 409 in C:\Users\cguenther\Documents\GitHub\prosumage\Code\Prosumage_Opt\Dieter_Module\Modified_MCP\report.gms
    Unrecognizable item - skip to find a new statement
      looking for a ';' or a key word to get started again
--- report.gms(557) 3 Mb 176 Errors
*** Error 119 in C:\Users\cguenther\Documents\GitHub\prosumage\Code\Prosumage_Opt\Dieter_Module\Modified_MCP\report.gms
    Number (primary) expected
*** Error   8 in C:\Users\cguenther\Documents\GitHub\prosumage\Code\Prosumage_Opt\Dieter_Module\Modified_MCP\report.gms
    ')' expected
*** Error  36 in C:\Users\cguenther\Documents\GitHub\prosumage\Code\Prosumage_Opt\Dieter_Module\Modified_MCP\report.gms
    '=' or '..' or ':=' or '$=' operator expected
    rest of statement ignored
*** Error 409 in C:\Users\cguenther\Documents\GitHub\prosumage\Code\Prosumage_Opt\Dieter_Module\Modified_MCP\report.gms
    Unrecognizable item - skip to find a new statement
      looking for a ';' or a key word to get started again
--- report.gms(559) 3 Mb 177 Errors
*** Error 141 in C:\Users\cguenther\Documents\GitHub\prosumage\Code\Prosumage_Opt\Dieter_Module\Modified_MCP\report.gms
    Symbol neither initialized nor assigned
       A wild shot: You may have spurious commas in the explanatory
       text of a declaration. Check symbol reference list.
--- report.gms(564) 3 Mb 179 Errors
*** Error 119 in C:\Users\cguenther\Documents\GitHub\prosumage\Code\Prosumage_Opt\Dieter_Module\Modified_MCP\report.gms
    Number (primary) expected
*** Error 409 in C:\Users\cguenther\Documents\GitHub\prosumage\Code\Prosumage_Opt\Dieter_Module\Modified_MCP\report.gms
    Unrecognizable item - skip to find a new statement
      looking for a ';' or a key word to get started again
--- report.gms(577) 3 Mb 181 Errors
*** Error 119 in C:\Users\cguenther\Documents\GitHub\prosumage\Code\Prosumage_Opt\Dieter_Module\Modified_MCP\report.gms
    Number (primary) expected
*** Error 409 in C:\Users\cguenther\Documents\GitHub\prosumage\Code\Prosumage_Opt\Dieter_Module\Modified_MCP\report.gms
    Unrecognizable item - skip to find a new statement
      looking for a ';' or a key word to get started again
--- report.gms(585) 3 Mb 183 Errors
*** Error 140 in C:\Users\cguenther\Documents\GitHub\prosumage\Code\Prosumage_Opt\Dieter_Module\Modified_MCP\report.gms
    Unknown symbol
*** Error 140 in C:\Users\cguenther\Documents\GitHub\prosumage\Code\Prosumage_Opt\Dieter_Module\Modified_MCP\report.gms
    Unknown symbol
--- report.gms(586) 3 Mb 185 Errors
*** Error 119 in C:\Users\cguenther\Documents\GitHub\prosumage\Code\Prosumage_Opt\Dieter_Module\Modified_MCP\report.gms
    Number (primary) expected
*** Error 409 in C:\Users\cguenther\Documents\GitHub\prosumage\Code\Prosumage_Opt\Dieter_Module\Modified_MCP\report.gms
    Unrecognizable item - skip to find a new statement
      looking for a ';' or a key word to get started again
--- report.gms(592) 3 Mb 188 Errors
*** Error 140 in C:\Users\cguenther\Documents\GitHub\prosumage\Code\Prosumage_Opt\Dieter_Module\Modified_MCP\report.gms
    Unknown symbol
*** Error 140 in C:\Users\cguenther\Documents\GitHub\prosumage\Code\Prosumage_Opt\Dieter_Module\Modified_MCP\report.gms
    Unknown symbol
*** Error 140 in C:\Users\cguenther\Documents\GitHub\prosumage\Code\Prosumage_Opt\Dieter_Module\Modified_MCP\report.gms
    Unknown symbol
--- report.gms(597) 3 Mb 190 Errors
*** Error 119 in C:\Users\cguenther\Documents\GitHub\prosumage\Code\Prosumage_Opt\Dieter_Module\Modified_MCP\report.gms
    Number (primary) expected
*** Error 409 in C:\Users\cguenther\Documents\GitHub\prosumage\Code\Prosumage_Opt\Dieter_Module\Modified_MCP\report.gms
    Unrecognizable item - skip to find a new statement
      looking for a ';' or a key word to get started again
--- report.gms(598) 3 Mb 192 Errors
*** Error 119 in C:\Users\cguenther\Documents\GitHub\prosumage\Code\Prosumage_Opt\Dieter_Module\Modified_MCP\report.gms
    Number (primary) expected
*** Error 409 in C:\Users\cguenther\Documents\GitHub\prosumage\Code\Prosumage_Opt\Dieter_Module\Modified_MCP\report.gms
    Unrecognizable item - skip to find a new statement
      looking for a ';' or a key word to get started again
--- report.gms(599) 3 Mb 194 Errors
*** Error 119 in C:\Users\cguenther\Documents\GitHub\prosumage\Code\Prosumage_Opt\Dieter_Module\Modified_MCP\report.gms
    Number (primary) expected
*** Error 409 in C:\Users\cguenther\Documents\GitHub\prosumage\Code\Prosumage_Opt\Dieter_Module\Modified_MCP\report.gms
    Unrecognizable item - skip to find a new statement
      looking for a ';' or a key word to get started again
--- report.gms(600) 3 Mb 196 Errors
*** Error 119 in C:\Users\cguenther\Documents\GitHub\prosumage\Code\Prosumage_Opt\Dieter_Module\Modified_MCP\report.gms
    Number (primary) expected
*** Error 409 in C:\Users\cguenther\Documents\GitHub\prosumage\Code\Prosumage_Opt\Dieter_Module\Modified_MCP\report.gms
    Unrecognizable item - skip to find a new statement
      looking for a ';' or a key word to get started again
--- report.gms(672) 3 Mb 197 Errors
*** Error 409 in C:\Users\cguenther\Documents\GitHub\prosumage\Code\Prosumage_Opt\Dieter_Module\Modified_MCP\report.gms
    Unrecognizable item - skip to find a new statement
      looking for a ';' or a key word to get started again
--- report.gms(673) 3 Mb 198 Errors
*** Error 409 in C:\Users\cguenther\Documents\GitHub\prosumage\Code\Prosumage_Opt\Dieter_Module\Modified_MCP\report.gms
    Unrecognizable item - skip to find a new statement
      looking for a ';' or a key word to get started again
--- report.gms(691) 3 Mb 199 Errors
*** Error 409 in C:\Users\cguenther\Documents\GitHub\prosumage\Code\Prosumage_Opt\Dieter_Module\Modified_MCP\report.gms
    Unrecognizable item - skip to find a new statement
      looking for a ';' or a key word to get started again
--- report.gms(692) 3 Mb 200 Errors
*** Error 409 in C:\Users\cguenther\Documents\GitHub\prosumage\Code\Prosumage_Opt\Dieter_Module\Modified_MCP\report.gms
    Unrecognizable item - skip to find a new statement
      looking for a ';' or a key word to get started again
--- report.gms(736) 3 Mb 201 Errors
*** Error 409 in C:\Users\cguenther\Documents\GitHub\prosumage\Code\Prosumage_Opt\Dieter_Module\Modified_MCP\report.gms
    Unrecognizable item - skip to find a new statement
      looking for a ';' or a key word to get started again
--- report.gms(739) 3 Mb 202 Errors
*** Error 116 in C:\Users\cguenther\Documents\GitHub\prosumage\Code\Prosumage_Opt\Dieter_Module\Modified_MCP\report.gms
    Label is unknown
--- report.gms(744) 3 Mb 204 Errors
*** Error 119 in C:\Users\cguenther\Documents\GitHub\prosumage\Code\Prosumage_Opt\Dieter_Module\Modified_MCP\report.gms
    Number (primary) expected
*** Error 409 in C:\Users\cguenther\Documents\GitHub\prosumage\Code\Prosumage_Opt\Dieter_Module\Modified_MCP\report.gms
    Unrecognizable item - skip to find a new statement
      looking for a ';' or a key word to get started again
--- report.gms(745) 3 Mb 206 Errors
*** Error 119 in C:\Users\cguenther\Documents\GitHub\prosumage\Code\Prosumage_Opt\Dieter_Module\Modified_MCP\report.gms
    Number (primary) expected
*** Error 409 in C:\Users\cguenther\Documents\GitHub\prosumage\Code\Prosumage_Opt\Dieter_Module\Modified_MCP\report.gms
    Unrecognizable item - skip to find a new statement
      looking for a ';' or a key word to get started again
--- report.gms(774) 3 Mb 206 Errors
*** Status: Compilation error(s)
--- Job report.gms Stop 10/24/18 11:35:37 elapsed 0:00:00.348
Exit code = 2
